{"C:\\Users\\sarlo\\OneDrive\\Escritorio\\Proyectos\\Test-Netdecker\\frontend\\src\\components\\StoreForm.tsx": {"path":"C:\\Users\\sarlo\\OneDrive\\Escritorio\\Proyectos\\Test-Netdecker\\frontend\\src\\components\\StoreForm.tsx","statementMap":{"0":{"start":{"line":11,"column":35},"end":{"line":102,"column":null}},"1":{"start":{"line":12,"column":22},"end":{"line":12,"column":null}},"2":{"start":{"line":13,"column":22},"end":{"line":13,"column":null}},"3":{"start":{"line":14,"column":36},"end":{"line":14,"column":null}},"4":{"start":{"line":15,"column":30},"end":{"line":15,"column":null}},"5":{"start":{"line":16,"column":28},"end":{"line":16,"column":null}},"6":{"start":{"line":17,"column":26},"end":{"line":17,"column":null}},"7":{"start":{"line":18,"column":24},"end":{"line":18,"column":null}},"8":{"start":{"line":19,"column":46},"end":{"line":19,"column":null}},"9":{"start":{"line":21,"column":2},"end":{"line":27,"column":null}},"10":{"start":{"line":22,"column":4},"end":{"line":22,"column":null}},"11":{"start":{"line":23,"column":4},"end":{"line":23,"column":null}},"12":{"start":{"line":24,"column":4},"end":{"line":24,"column":null}},"13":{"start":{"line":25,"column":4},"end":{"line":25,"column":null}},"14":{"start":{"line":26,"column":4},"end":{"line":26,"column":null}},"15":{"start":{"line":29,"column":23},"end":{"line":58,"column":null}},"16":{"start":{"line":30,"column":4},"end":{"line":30,"column":null}},"17":{"start":{"line":31,"column":4},"end":{"line":31,"column":null}},"18":{"start":{"line":32,"column":4},"end":{"line":32,"column":null}},"19":{"start":{"line":33,"column":4},"end":{"line":33,"column":null}},"20":{"start":{"line":35,"column":43},"end":{"line":35,"column":null}},"21":{"start":{"line":36,"column":4},"end":{"line":36,"column":null}},"22":{"start":{"line":36,"column":41},"end":{"line":36,"column":null}},"23":{"start":{"line":37,"column":4},"end":{"line":37,"column":null}},"24":{"start":{"line":37,"column":41},"end":{"line":37,"column":null}},"25":{"start":{"line":38,"column":4},"end":{"line":38,"column":null}},"26":{"start":{"line":38,"column":43},"end":{"line":38,"column":null}},"27":{"start":{"line":39,"column":4},"end":{"line":39,"column":null}},"28":{"start":{"line":39,"column":82},"end":{"line":39,"column":null}},"29":{"start":{"line":41,"column":4},"end":{"line":45,"column":null}},"30":{"start":{"line":42,"column":6},"end":{"line":42,"column":null}},"31":{"start":{"line":43,"column":6},"end":{"line":43,"column":null}},"32":{"start":{"line":44,"column":6},"end":{"line":44,"column":null}},"33":{"start":{"line":47,"column":4},"end":{"line":57,"column":null}},"34":{"start":{"line":48,"column":27},"end":{"line":48,"column":null}},"35":{"start":{"line":49,"column":6},"end":{"line":49,"column":null}},"36":{"start":{"line":49,"column":26},"end":{"line":49,"column":null}},"37":{"start":{"line":51,"column":18},"end":{"line":51,"column":null}},"38":{"start":{"line":52,"column":6},"end":{"line":52,"column":null}},"39":{"start":{"line":52,"column":19},"end":{"line":52,"column":null}},"40":{"start":{"line":54,"column":6},"end":{"line":54,"column":null}},"41":{"start":{"line":56,"column":6},"end":{"line":56,"column":null}},"42":{"start":{"line":60,"column":2},"end":{"line":100,"column":null}},"43":{"start":{"line":65,"column":55},"end":{"line":65,"column":80}},"44":{"start":{"line":70,"column":55},"end":{"line":70,"column":80}},"45":{"start":{"line":75,"column":69},"end":{"line":75,"column":101}},"46":{"start":{"line":79,"column":63},"end":{"line":79,"column":92}},"47":{"start":{"line":88,"column":27},"end":{"line":88,"column":null}}},"fnMap":{"0":{"name":"(anonymous_0)","decl":{"start":{"line":11,"column":35},"end":{"line":11,"column":36}},"loc":{"start":{"line":11,"column":75},"end":{"line":102,"column":null}},"line":11},"1":{"name":"(anonymous_1)","decl":{"start":{"line":21,"column":12},"end":{"line":21,"column":18}},"loc":{"start":{"line":21,"column":18},"end":{"line":27,"column":5}},"line":21},"2":{"name":"(anonymous_2)","decl":{"start":{"line":29,"column":23},"end":{"line":29,"column":30}},"loc":{"start":{"line":29,"column":53},"end":{"line":58,"column":null}},"line":29},"3":{"name":"(anonymous_3)","decl":{"start":{"line":65,"column":48},"end":{"line":65,"column":49}},"loc":{"start":{"line":65,"column":55},"end":{"line":65,"column":80}},"line":65},"4":{"name":"(anonymous_4)","decl":{"start":{"line":70,"column":48},"end":{"line":70,"column":49}},"loc":{"start":{"line":70,"column":55},"end":{"line":70,"column":80}},"line":70},"5":{"name":"(anonymous_5)","decl":{"start":{"line":75,"column":62},"end":{"line":75,"column":63}},"loc":{"start":{"line":75,"column":69},"end":{"line":75,"column":101}},"line":75},"6":{"name":"(anonymous_6)","decl":{"start":{"line":79,"column":56},"end":{"line":79,"column":57}},"loc":{"start":{"line":79,"column":63},"end":{"line":79,"column":92}},"line":79},"7":{"name":"(anonymous_7)","decl":{"start":{"line":88,"column":20},"end":{"line":88,"column":21}},"loc":{"start":{"line":88,"column":27},"end":{"line":88,"column":null}},"line":88}},"branchMap":{"0":{"loc":{"start":{"line":12,"column":35},"end":{"line":12,"column":58}},"type":"binary-expr","locations":[{"start":{"line":12,"column":35},"end":{"line":12,"column":56}},{"start":{"line":12,"column":56},"end":{"line":12,"column":58}}],"line":12},"1":{"loc":{"start":{"line":13,"column":35},"end":{"line":13,"column":58}},"type":"binary-expr","locations":[{"start":{"line":13,"column":35},"end":{"line":13,"column":56}},{"start":{"line":13,"column":56},"end":{"line":13,"column":58}}],"line":13},"2":{"loc":{"start":{"line":14,"column":49},"end":{"line":14,"column":79}},"type":"binary-expr","locations":[{"start":{"line":14,"column":49},"end":{"line":14,"column":77}},{"start":{"line":14,"column":77},"end":{"line":14,"column":79}}],"line":14},"3":{"loc":{"start":{"line":15,"column":43},"end":{"line":15,"column":70}},"type":"binary-expr","locations":[{"start":{"line":15,"column":43},"end":{"line":15,"column":68}},{"start":{"line":15,"column":68},"end":{"line":15,"column":70}}],"line":15},"4":{"loc":{"start":{"line":16,"column":54},"end":{"line":16,"column":80}},"type":"binary-expr","locations":[{"start":{"line":16,"column":54},"end":{"line":16,"column":78}},{"start":{"line":16,"column":78},"end":{"line":16,"column":80}}],"line":16},"5":{"loc":{"start":{"line":22,"column":12},"end":{"line":22,"column":35}},"type":"binary-expr","locations":[{"start":{"line":22,"column":12},"end":{"line":22,"column":33}},{"start":{"line":22,"column":33},"end":{"line":22,"column":35}}],"line":22},"6":{"loc":{"start":{"line":23,"column":12},"end":{"line":23,"column":35}},"type":"binary-expr","locations":[{"start":{"line":23,"column":12},"end":{"line":23,"column":33}},{"start":{"line":23,"column":33},"end":{"line":23,"column":35}}],"line":23},"7":{"loc":{"start":{"line":24,"column":19},"end":{"line":24,"column":49}},"type":"binary-expr","locations":[{"start":{"line":24,"column":19},"end":{"line":24,"column":47}},{"start":{"line":24,"column":47},"end":{"line":24,"column":49}}],"line":24},"8":{"loc":{"start":{"line":25,"column":16},"end":{"line":25,"column":43}},"type":"binary-expr","locations":[{"start":{"line":25,"column":16},"end":{"line":25,"column":41}},{"start":{"line":25,"column":41},"end":{"line":25,"column":43}}],"line":25},"9":{"loc":{"start":{"line":26,"column":15},"end":{"line":26,"column":41}},"type":"binary-expr","locations":[{"start":{"line":26,"column":15},"end":{"line":26,"column":39}},{"start":{"line":26,"column":39},"end":{"line":26,"column":41}}],"line":26},"10":{"loc":{"start":{"line":36,"column":4},"end":{"line":36,"column":null}},"type":"if","locations":[{"start":{"line":36,"column":4},"end":{"line":36,"column":null}},{"start":{},"end":{}}],"line":36},"11":{"loc":{"start":{"line":36,"column":8},"end":{"line":36,"column":41}},"type":"binary-expr","locations":[{"start":{"line":36,"column":8},"end":{"line":36,"column":17}},{"start":{"line":36,"column":17},"end":{"line":36,"column":41}}],"line":36},"12":{"loc":{"start":{"line":37,"column":4},"end":{"line":37,"column":null}},"type":"if","locations":[{"start":{"line":37,"column":4},"end":{"line":37,"column":null}},{"start":{},"end":{}}],"line":37},"13":{"loc":{"start":{"line":37,"column":8},"end":{"line":37,"column":41}},"type":"binary-expr","locations":[{"start":{"line":37,"column":8},"end":{"line":37,"column":17}},{"start":{"line":37,"column":17},"end":{"line":37,"column":41}}],"line":37},"14":{"loc":{"start":{"line":38,"column":4},"end":{"line":38,"column":null}},"type":"if","locations":[{"start":{"line":38,"column":4},"end":{"line":38,"column":null}},{"start":{},"end":{}}],"line":38},"15":{"loc":{"start":{"line":38,"column":8},"end":{"line":38,"column":43}},"type":"binary-expr","locations":[{"start":{"line":38,"column":8},"end":{"line":38,"column":20}},{"start":{"line":38,"column":20},"end":{"line":38,"column":43}}],"line":38},"16":{"loc":{"start":{"line":39,"column":4},"end":{"line":39,"column":null}},"type":"if","locations":[{"start":{"line":39,"column":4},"end":{"line":39,"column":null}},{"start":{},"end":{}}],"line":39},"17":{"loc":{"start":{"line":39,"column":8},"end":{"line":39,"column":82}},"type":"binary-expr","locations":[{"start":{"line":39,"column":8},"end":{"line":39,"column":27}},{"start":{"line":39,"column":27},"end":{"line":39,"column":60}},{"start":{"line":39,"column":60},"end":{"line":39,"column":82}}],"line":39},"18":{"loc":{"start":{"line":41,"column":4},"end":{"line":45,"column":null}},"type":"if","locations":[{"start":{"line":41,"column":4},"end":{"line":45,"column":null}},{"start":{},"end":{}}],"line":41},"19":{"loc":{"start":{"line":49,"column":6},"end":{"line":49,"column":null}},"type":"if","locations":[{"start":{"line":49,"column":6},"end":{"line":49,"column":null}},{"start":{},"end":{}}],"line":49},"20":{"loc":{"start":{"line":51,"column":18},"end":{"line":51,"column":null}},"type":"cond-expr","locations":[{"start":{"line":51,"column":36},"end":{"line":51,"column":81}},{"start":{"line":51,"column":81},"end":{"line":51,"column":null}}],"line":51},"21":{"loc":{"start":{"line":52,"column":6},"end":{"line":52,"column":null}},"type":"if","locations":[{"start":{"line":52,"column":6},"end":{"line":52,"column":null}},{"start":{},"end":{}}],"line":52},"22":{"loc":{"start":{"line":54,"column":15},"end":{"line":54,"column":44}},"type":"binary-expr","locations":[{"start":{"line":54,"column":15},"end":{"line":54,"column":31}},{"start":{"line":54,"column":31},"end":{"line":54,"column":44}}],"line":54},"23":{"loc":{"start":{"line":62,"column":7},"end":{"line":62,"column":null}},"type":"binary-expr","locations":[{"start":{"line":62,"column":7},"end":{"line":62,"column":16}},{"start":{"line":62,"column":16},"end":{"line":62,"column":null}}],"line":62},"24":{"loc":{"start":{"line":66,"column":9},"end":{"line":66,"column":null}},"type":"binary-expr","locations":[{"start":{"line":66,"column":9},"end":{"line":66,"column":34}},{"start":{"line":66,"column":34},"end":{"line":66,"column":null}}],"line":66},"25":{"loc":{"start":{"line":71,"column":9},"end":{"line":71,"column":null}},"type":"binary-expr","locations":[{"start":{"line":71,"column":9},"end":{"line":71,"column":34}},{"start":{"line":71,"column":34},"end":{"line":71,"column":null}}],"line":71},"26":{"loc":{"start":{"line":80,"column":9},"end":{"line":80,"column":null}},"type":"binary-expr","locations":[{"start":{"line":80,"column":9},"end":{"line":80,"column":38}},{"start":{"line":80,"column":38},"end":{"line":80,"column":null}}],"line":80},"27":{"loc":{"start":{"line":88,"column":38},"end":{"line":88,"column":89}},"type":"cond-expr","locations":[{"start":{"line":88,"column":62},"end":{"line":88,"column":67}},{"start":{"line":88,"column":67},"end":{"line":88,"column":89}}],"line":88},"28":{"loc":{"start":{"line":90,"column":9},"end":{"line":90,"column":null}},"type":"binary-expr","locations":[{"start":{"line":90,"column":9},"end":{"line":90,"column":37}},{"start":{"line":90,"column":37},"end":{"line":90,"column":null}}],"line":90},"29":{"loc":{"start":{"line":93,"column":49},"end":{"line":93,"column":79}},"type":"cond-expr","locations":[{"start":{"line":93,"column":58},"end":{"line":93,"column":72}},{"start":{"line":93,"column":72},"end":{"line":93,"column":79}}],"line":93},"30":{"loc":{"start":{"line":94,"column":9},"end":{"line":97,"column":null}},"type":"binary-expr","locations":[{"start":{"line":94,"column":9},"end":{"line":94,"column":null}},{"start":{"line":95,"column":10},"end":{"line":97,"column":null}}],"line":94}},"s":{"0":2,"1":16,"2":16,"3":16,"4":16,"5":16,"6":16,"7":16,"8":16,"9":16,"10":3,"11":3,"12":3,"13":3,"14":3,"15":16,"16":3,"17":3,"18":3,"19":3,"20":3,"21":3,"22":1,"23":3,"24":1,"25":3,"26":0,"27":3,"28":0,"29":3,"30":1,"31":1,"32":1,"33":2,"34":2,"35":2,"36":0,"37":2,"38":2,"39":2,"40":0,"41":2,"42":16,"43":2,"44":2,"45":0,"46":2,"47":0},"f":{"0":16,"1":3,"2":3,"3":2,"4":2,"5":0,"6":2,"7":0},"b":{"0":[16,16],"1":[16,16],"2":[16,16],"3":[16,16],"4":[16,16],"5":[3,3],"6":[3,3],"7":[3,3],"8":[3,3],"9":[3,3],"10":[1,2],"11":[3,2],"12":[1,2],"13":[3,2],"14":[0,3],"15":[3,2],"16":[0,3],"17":[3,0,0],"18":[1,2],"19":[0,2],"20":[0,2],"21":[2,0],"22":[0,0],"23":[16,0],"24":[16,2],"25":[16,2],"26":[16,0],"27":[0,0],"28":[16,0],"29":[2,14],"30":[16,6]},"meta":{"lastBranch":31,"lastFunction":8,"lastStatement":48,"seen":{"s:11:35:102:Infinity":0,"f:11:35:11:36":0,"s:12:22:12:Infinity":1,"b:12:35:12:56:12:56:12:58":0,"s:13:22:13:Infinity":2,"b:13:35:13:56:13:56:13:58":1,"s:14:36:14:Infinity":3,"b:14:49:14:77:14:77:14:79":2,"s:15:30:15:Infinity":4,"b:15:43:15:68:15:68:15:70":3,"s:16:28:16:Infinity":5,"b:16:54:16:78:16:78:16:80":4,"s:17:26:17:Infinity":6,"s:18:24:18:Infinity":7,"s:19:46:19:Infinity":8,"s:21:2:27:Infinity":9,"f:21:12:21:18":1,"s:22:4:22:Infinity":10,"b:22:12:22:33:22:33:22:35":5,"s:23:4:23:Infinity":11,"b:23:12:23:33:23:33:23:35":6,"s:24:4:24:Infinity":12,"b:24:19:24:47:24:47:24:49":7,"s:25:4:25:Infinity":13,"b:25:16:25:41:25:41:25:43":8,"s:26:4:26:Infinity":14,"b:26:15:26:39:26:39:26:41":9,"s:29:23:58:Infinity":15,"f:29:23:29:30":2,"s:30:4:30:Infinity":16,"s:31:4:31:Infinity":17,"s:32:4:32:Infinity":18,"s:33:4:33:Infinity":19,"s:35:43:35:Infinity":20,"b:36:4:36:Infinity:undefined:undefined:undefined:undefined":10,"s:36:4:36:Infinity":21,"b:36:8:36:17:36:17:36:41":11,"s:36:41:36:Infinity":22,"b:37:4:37:Infinity:undefined:undefined:undefined:undefined":12,"s:37:4:37:Infinity":23,"b:37:8:37:17:37:17:37:41":13,"s:37:41:37:Infinity":24,"b:38:4:38:Infinity:undefined:undefined:undefined:undefined":14,"s:38:4:38:Infinity":25,"b:38:8:38:20:38:20:38:43":15,"s:38:43:38:Infinity":26,"b:39:4:39:Infinity:undefined:undefined:undefined:undefined":16,"s:39:4:39:Infinity":27,"b:39:8:39:27:39:27:39:60:39:60:39:82":17,"s:39:82:39:Infinity":28,"b:41:4:45:Infinity:undefined:undefined:undefined:undefined":18,"s:41:4:45:Infinity":29,"s:42:6:42:Infinity":30,"s:43:6:43:Infinity":31,"s:44:6:44:Infinity":32,"s:47:4:57:Infinity":33,"s:48:27:48:Infinity":34,"b:49:6:49:Infinity:undefined:undefined:undefined:undefined":19,"s:49:6:49:Infinity":35,"s:49:26:49:Infinity":36,"s:51:18:51:Infinity":37,"b:51:36:51:81:51:81:51:Infinity":20,"b:52:6:52:Infinity:undefined:undefined:undefined:undefined":21,"s:52:6:52:Infinity":38,"s:52:19:52:Infinity":39,"s:54:6:54:Infinity":40,"b:54:15:54:31:54:31:54:44":22,"s:56:6:56:Infinity":41,"s:60:2:100:Infinity":42,"b:62:7:62:16:62:16:62:Infinity":23,"f:65:48:65:49":3,"s:65:55:65:80":43,"b:66:9:66:34:66:34:66:Infinity":24,"f:70:48:70:49":4,"s:70:55:70:80":44,"b:71:9:71:34:71:34:71:Infinity":25,"f:75:62:75:63":5,"s:75:69:75:101":45,"f:79:56:79:57":6,"s:79:63:79:92":46,"b:80:9:80:38:80:38:80:Infinity":26,"f:88:20:88:21":7,"s:88:27:88:Infinity":47,"b:88:62:88:67:88:67:88:89":27,"b:90:9:90:37:90:37:90:Infinity":28,"b:93:58:93:72:93:72:93:79":29,"b:94:9:94:Infinity:95:10:97:Infinity":30}}}
,"C:\\Users\\sarlo\\OneDrive\\Escritorio\\Proyectos\\Test-Netdecker\\frontend\\src\\constants\\pricing.ts": {"path":"C:\\Users\\sarlo\\OneDrive\\Escritorio\\Proyectos\\Test-Netdecker\\frontend\\src\\constants\\pricing.ts","statementMap":{"0":{"start":{"line":1,"column":41},"end":{"line":1,"column":null}},"1":{"start":{"line":2,"column":36},"end":{"line":2,"column":null}},"2":{"start":{"line":5,"column":16},"end":{"line":5,"column":null}},"3":{"start":{"line":6,"column":2},"end":{"line":8,"column":null}},"4":{"start":{"line":7,"column":4},"end":{"line":7,"column":null}},"5":{"start":{"line":9,"column":2},"end":{"line":9,"column":null}}},"fnMap":{"0":{"name":"parsePositiveNumberInput","decl":{"start":{"line":4,"column":16},"end":{"line":4,"column":41}},"loc":{"start":{"line":4,"column":69},"end":{"line":10,"column":null}},"line":4}},"branchMap":{"0":{"loc":{"start":{"line":6,"column":2},"end":{"line":8,"column":null}},"type":"if","locations":[{"start":{"line":6,"column":2},"end":{"line":8,"column":null}},{"start":{},"end":{}}],"line":6},"1":{"loc":{"start":{"line":6,"column":6},"end":{"line":6,"column":45}},"type":"binary-expr","locations":[{"start":{"line":6,"column":6},"end":{"line":6,"column":33}},{"start":{"line":6,"column":33},"end":{"line":6,"column":45}}],"line":6}},"s":{"0":3,"1":3,"2":2,"3":2,"4":1,"5":1},"f":{"0":2},"b":{"0":[1,1],"1":[2,2]},"meta":{"lastBranch":2,"lastFunction":1,"lastStatement":6,"seen":{"s:1:41:1:Infinity":0,"s:2:36:2:Infinity":1,"f:4:16:4:41":0,"s:5:16:5:Infinity":2,"b:6:2:8:Infinity:undefined:undefined:undefined:undefined":0,"s:6:2:8:Infinity":3,"b:6:6:6:33:6:33:6:45":1,"s:7:4:7:Infinity":4,"s:9:2:9:Infinity":5}}}
,"C:\\Users\\sarlo\\OneDrive\\Escritorio\\Proyectos\\Test-Netdecker\\frontend\\src\\hooks\\useAsync.ts": {"path":"C:\\Users\\sarlo\\OneDrive\\Escritorio\\Proyectos\\Test-Netdecker\\frontend\\src\\hooks\\useAsync.ts","statementMap":{"0":{"start":{"line":7,"column":26},"end":{"line":7,"column":null}},"1":{"start":{"line":8,"column":22},"end":{"line":8,"column":null}},"2":{"start":{"line":9,"column":24},"end":{"line":9,"column":null}},"3":{"start":{"line":11,"column":18},"end":{"line":24,"column":null}},"4":{"start":{"line":12,"column":4},"end":{"line":12,"column":null}},"5":{"start":{"line":13,"column":4},"end":{"line":13,"column":null}},"6":{"start":{"line":14,"column":4},"end":{"line":14,"column":null}},"7":{"start":{"line":15,"column":4},"end":{"line":23,"column":null}},"8":{"start":{"line":16,"column":23},"end":{"line":16,"column":null}},"9":{"start":{"line":17,"column":6},"end":{"line":17,"column":null}},"10":{"start":{"line":18,"column":6},"end":{"line":18,"column":null}},"11":{"start":{"line":19,"column":6},"end":{"line":19,"column":null}},"12":{"start":{"line":21,"column":6},"end":{"line":21,"column":null}},"13":{"start":{"line":22,"column":6},"end":{"line":22,"column":null}},"14":{"start":{"line":26,"column":2},"end":{"line":30,"column":null}},"15":{"start":{"line":27,"column":4},"end":{"line":29,"column":null}},"16":{"start":{"line":28,"column":6},"end":{"line":28,"column":null}},"17":{"start":{"line":32,"column":2},"end":{"line":32,"column":null}}},"fnMap":{"0":{"name":"useAsync","decl":{"start":{"line":3,"column":16},"end":{"line":3,"column":null}},"loc":{"start":{"line":6,"column":2},"end":{"line":33,"column":null}},"line":6},"1":{"name":"(anonymous_1)","decl":{"start":{"line":11,"column":18},"end":{"line":11,"column":30}},"loc":{"start":{"line":11,"column":30},"end":{"line":24,"column":null}},"line":11},"2":{"name":"(anonymous_2)","decl":{"start":{"line":26,"column":12},"end":{"line":26,"column":18}},"loc":{"start":{"line":26,"column":18},"end":{"line":30,"column":5}},"line":26}},"branchMap":{"0":{"loc":{"start":{"line":5,"column":2},"end":{"line":5,"column":null}},"type":"default-arg","locations":[{"start":{"line":5,"column":23},"end":{"line":5,"column":null}}],"line":5},"1":{"loc":{"start":{"line":27,"column":4},"end":{"line":29,"column":null}},"type":"if","locations":[{"start":{"line":27,"column":4},"end":{"line":29,"column":null}},{"start":{},"end":{}}],"line":27}},"s":{"0":22,"1":22,"2":22,"3":22,"4":3,"5":3,"6":3,"7":3,"8":3,"9":3,"10":3,"11":3,"12":0,"13":0,"14":22,"15":2,"16":2,"17":22},"f":{"0":22,"1":3,"2":2},"b":{"0":[22],"1":[2,0]},"meta":{"lastBranch":2,"lastFunction":3,"lastStatement":18,"seen":{"f:3:16:3:Infinity":0,"b:5:23:5:Infinity":0,"s:7:26:7:Infinity":0,"s:8:22:8:Infinity":1,"s:9:24:9:Infinity":2,"s:11:18:24:Infinity":3,"f:11:18:11:30":1,"s:12:4:12:Infinity":4,"s:13:4:13:Infinity":5,"s:14:4:14:Infinity":6,"s:15:4:23:Infinity":7,"s:16:23:16:Infinity":8,"s:17:6:17:Infinity":9,"s:18:6:18:Infinity":10,"s:19:6:19:Infinity":11,"s:21:6:21:Infinity":12,"s:22:6:22:Infinity":13,"s:26:2:30:Infinity":14,"f:26:12:26:18":2,"b:27:4:29:Infinity:undefined:undefined:undefined:undefined":1,"s:27:4:29:Infinity":15,"s:28:6:28:Infinity":16,"s:32:2:32:Infinity":17}}}
,"C:\\Users\\sarlo\\OneDrive\\Escritorio\\Proyectos\\Test-Netdecker\\frontend\\src\\pages\\CardSearchPage.tsx": {"path":"C:\\Users\\sarlo\\OneDrive\\Escritorio\\Proyectos\\Test-Netdecker\\frontend\\src\\pages\\CardSearchPage.tsx","statementMap":{"0":{"start":{"line":7,"column":45},"end":{"line":17,"column":null}},"1":{"start":{"line":21,"column":2},"end":{"line":21,"column":null}},"2":{"start":{"line":21,"column":15},"end":{"line":21,"column":null}},"3":{"start":{"line":22,"column":2},"end":{"line":22,"column":null}},"4":{"start":{"line":26,"column":2},"end":{"line":26,"column":null}},"5":{"start":{"line":42,"column":2},"end":{"line":88,"column":null}},"6":{"start":{"line":107,"column":24},"end":{"line":107,"column":null}},"7":{"start":{"line":108,"column":34},"end":{"line":108,"column":null}},"8":{"start":{"line":109,"column":28},"end":{"line":109,"column":null}},"9":{"start":{"line":110,"column":28},"end":{"line":110,"column":null}},"10":{"start":{"line":111,"column":24},"end":{"line":111,"column":null}},"11":{"start":{"line":112,"column":30},"end":{"line":112,"column":null}},"12":{"start":{"line":115,"column":36},"end":{"line":115,"column":null}},"13":{"start":{"line":118,"column":38},"end":{"line":118,"column":null}},"14":{"start":{"line":119,"column":44},"end":{"line":119,"column":null}},"15":{"start":{"line":120,"column":38},"end":{"line":120,"column":null}},"16":{"start":{"line":121,"column":48},"end":{"line":121,"column":null}},"17":{"start":{"line":122,"column":48},"end":{"line":122,"column":null}},"18":{"start":{"line":123,"column":40},"end":{"line":123,"column":null}},"19":{"start":{"line":124,"column":36},"end":{"line":124,"column":null}},"20":{"start":{"line":125,"column":42},"end":{"line":125,"column":null}},"21":{"start":{"line":126,"column":44},"end":{"line":126,"column":null}},"22":{"start":{"line":127,"column":36},"end":{"line":127,"column":null}},"23":{"start":{"line":129,"column":23},"end":{"line":152,"column":null}},"24":{"start":{"line":130,"column":4},"end":{"line":130,"column":null}},"25":{"start":{"line":131,"column":14},"end":{"line":131,"column":null}},"26":{"start":{"line":132,"column":4},"end":{"line":132,"column":null}},"27":{"start":{"line":132,"column":12},"end":{"line":132,"column":null}},"28":{"start":{"line":134,"column":4},"end":{"line":134,"column":null}},"29":{"start":{"line":135,"column":4},"end":{"line":135,"column":null}},"30":{"start":{"line":136,"column":4},"end":{"line":136,"column":null}},"31":{"start":{"line":137,"column":4},"end":{"line":137,"column":null}},"32":{"start":{"line":138,"column":4},"end":{"line":138,"column":null}},"33":{"start":{"line":139,"column":4},"end":{"line":139,"column":null}},"34":{"start":{"line":141,"column":4},"end":{"line":151,"column":null}},"35":{"start":{"line":143,"column":8},"end":{"line":145,"column":null}},"36":{"start":{"line":146,"column":6},"end":{"line":146,"column":null}},"37":{"start":{"line":148,"column":6},"end":{"line":148,"column":null}},"38":{"start":{"line":150,"column":6},"end":{"line":150,"column":null}},"39":{"start":{"line":154,"column":2},"end":{"line":176,"column":null}},"40":{"start":{"line":155,"column":24},"end":{"line":155,"column":null}},"41":{"start":{"line":157,"column":4},"end":{"line":160,"column":null}},"42":{"start":{"line":158,"column":6},"end":{"line":158,"column":null}},"43":{"start":{"line":159,"column":6},"end":{"line":159,"column":null}},"44":{"start":{"line":162,"column":4},"end":{"line":175,"column":null}},"45":{"start":{"line":178,"column":25},"end":{"line":195,"column":null}},"46":{"start":{"line":179,"column":4},"end":{"line":182,"column":null}},"47":{"start":{"line":180,"column":6},"end":{"line":180,"column":null}},"48":{"start":{"line":181,"column":6},"end":{"line":181,"column":null}},"49":{"start":{"line":183,"column":4},"end":{"line":183,"column":null}},"50":{"start":{"line":184,"column":4},"end":{"line":184,"column":null}},"51":{"start":{"line":184,"column":31},"end":{"line":184,"column":null}},"52":{"start":{"line":186,"column":4},"end":{"line":186,"column":null}},"53":{"start":{"line":187,"column":4},"end":{"line":194,"column":null}},"54":{"start":{"line":188,"column":34},"end":{"line":188,"column":null}},"55":{"start":{"line":189,"column":6},"end":{"line":189,"column":null}},"56":{"start":{"line":189,"column":33},"end":{"line":189,"column":66}},"57":{"start":{"line":191,"column":6},"end":{"line":191,"column":null}},"58":{"start":{"line":191,"column":33},"end":{"line":191,"column":60}},"59":{"start":{"line":193,"column":6},"end":{"line":193,"column":null}},"60":{"start":{"line":198,"column":25},"end":{"line":237,"column":null}},"61":{"start":{"line":199,"column":4},"end":{"line":199,"column":null}},"62":{"start":{"line":200,"column":4},"end":{"line":236,"column":null}},"63":{"start":{"line":201,"column":6},"end":{"line":211,"column":null}},"64":{"start":{"line":202,"column":25},"end":{"line":202,"column":null}},"65":{"start":{"line":203,"column":14},"end":{"line":203,"column":null}},"66":{"start":{"line":204,"column":8},"end":{"line":207,"column":null}},"67":{"start":{"line":205,"column":10},"end":{"line":205,"column":null}},"68":{"start":{"line":206,"column":10},"end":{"line":206,"column":null}},"69":{"start":{"line":208,"column":8},"end":{"line":208,"column":null}},"70":{"start":{"line":210,"column":8},"end":{"line":210,"column":null}},"71":{"start":{"line":213,"column":6},"end":{"line":226,"column":null}},"72":{"start":{"line":213,"column":33},"end":{"line":226,"column":8}},"73":{"start":{"line":216,"column":10},"end":{"line":224,"column":null}},"74":{"start":{"line":228,"column":24},"end":{"line":228,"column":null}},"75":{"start":{"line":229,"column":6},"end":{"line":229,"column":null}},"76":{"start":{"line":229,"column":33},"end":{"line":229,"column":66}},"77":{"start":{"line":230,"column":6},"end":{"line":230,"column":null}},"78":{"start":{"line":232,"column":6},"end":{"line":232,"column":null}},"79":{"start":{"line":233,"column":6},"end":{"line":233,"column":null}},"80":{"start":{"line":235,"column":6},"end":{"line":235,"column":null}},"81":{"start":{"line":239,"column":26},"end":{"line":265,"column":null}},"82":{"start":{"line":240,"column":4},"end":{"line":240,"column":null}},"83":{"start":{"line":241,"column":4},"end":{"line":241,"column":null}},"84":{"start":{"line":243,"column":4},"end":{"line":264,"column":null}},"85":{"start":{"line":244,"column":23},"end":{"line":244,"column":null}},"86":{"start":{"line":245,"column":6},"end":{"line":250,"column":null}},"87":{"start":{"line":245,"column":33},"end":{"line":250,"column":8}},"88":{"start":{"line":248,"column":10},"end":{"line":248,"column":null}},"89":{"start":{"line":252,"column":6},"end":{"line":256,"column":null}},"90":{"start":{"line":253,"column":21},"end":{"line":253,"column":null}},"91":{"start":{"line":254,"column":8},"end":{"line":254,"column":null}},"92":{"start":{"line":255,"column":8},"end":{"line":255,"column":null}},"93":{"start":{"line":258,"column":6},"end":{"line":258,"column":null}},"94":{"start":{"line":260,"column":6},"end":{"line":260,"column":null}},"95":{"start":{"line":261,"column":6},"end":{"line":261,"column":null}},"96":{"start":{"line":263,"column":6},"end":{"line":263,"column":null}},"97":{"start":{"line":267,"column":27},"end":{"line":277,"column":null}},"98":{"start":{"line":268,"column":21},"end":{"line":268,"column":null}},"99":{"start":{"line":269,"column":19},"end":{"line":269,"column":null}},"100":{"start":{"line":271,"column":4},"end":{"line":274,"column":null}},"101":{"start":{"line":272,"column":6},"end":{"line":272,"column":null}},"102":{"start":{"line":273,"column":6},"end":{"line":273,"column":null}},"103":{"start":{"line":276,"column":4},"end":{"line":276,"column":null}},"104":{"start":{"line":279,"column":20},"end":{"line":282,"column":null}},"105":{"start":{"line":280,"column":25},"end":{"line":280,"column":null}},"106":{"start":{"line":281,"column":4},"end":{"line":281,"column":null}},"107":{"start":{"line":284,"column":26},"end":{"line":287,"column":null}},"108":{"start":{"line":285,"column":4},"end":{"line":285,"column":null}},"109":{"start":{"line":285,"column":73},"end":{"line":285,"column":null}},"110":{"start":{"line":286,"column":4},"end":{"line":286,"column":null}},"111":{"start":{"line":289,"column":28},"end":{"line":296,"column":null}},"112":{"start":{"line":290,"column":4},"end":{"line":293,"column":null}},"113":{"start":{"line":291,"column":6},"end":{"line":291,"column":null}},"114":{"start":{"line":291,"column":35},"end":{"line":291,"column":67}},"115":{"start":{"line":292,"column":6},"end":{"line":292,"column":null}},"116":{"start":{"line":294,"column":4},"end":{"line":294,"column":null}},"117":{"start":{"line":295,"column":4},"end":{"line":295,"column":null}},"118":{"start":{"line":299,"column":8},"end":{"line":311,"column":null}},"119":{"start":{"line":300,"column":4},"end":{"line":303,"column":null}},"120":{"start":{"line":302,"column":6},"end":{"line":302,"column":null}},"121":{"start":{"line":302,"column":32},"end":{"line":302,"column":35}},"122":{"start":{"line":304,"column":16},"end":{"line":304,"column":null}},"123":{"start":{"line":305,"column":4},"end":{"line":309,"column":null}},"124":{"start":{"line":306,"column":18},"end":{"line":306,"column":null}},"125":{"start":{"line":307,"column":6},"end":{"line":307,"column":null}},"126":{"start":{"line":307,"column":25},"end":{"line":307,"column":null}},"127":{"start":{"line":308,"column":6},"end":{"line":308,"column":null}},"128":{"start":{"line":310,"column":4},"end":{"line":310,"column":null}},"129":{"start":{"line":313,"column":2},"end":{"line":700,"column":null}},"130":{"start":{"line":324,"column":31},"end":{"line":324,"column":null}},"131":{"start":{"line":332,"column":31},"end":{"line":332,"column":null}},"132":{"start":{"line":348,"column":31},"end":{"line":348,"column":null}},"133":{"start":{"line":428,"column":22},"end":{"line":428,"column":null}},"134":{"start":{"line":429,"column":8},"end":{"line":691,"column":null}},"135":{"start":{"line":433,"column":14},"end":{"line":439,"column":null}},"136":{"start":{"line":447,"column":33},"end":{"line":447,"column":null}},"137":{"start":{"line":454,"column":40},"end":{"line":454,"column":null}},"138":{"start":{"line":455,"column":40},"end":{"line":455,"column":null}},"139":{"start":{"line":467,"column":20},"end":{"line":473,"column":null}},"140":{"start":{"line":480,"column":24},"end":{"line":489,"column":null}},"141":{"start":{"line":498,"column":31},"end":{"line":498,"column":null}},"142":{"start":{"line":518,"column":41},"end":{"line":518,"column":null}},"143":{"start":{"line":535,"column":73},"end":{"line":535,"column":102}},"144":{"start":{"line":537,"column":73},"end":{"line":537,"column":101}},"145":{"start":{"line":538,"column":73},"end":{"line":538,"column":99}},"146":{"start":{"line":539,"column":73},"end":{"line":539,"column":99}},"147":{"start":{"line":540,"column":73},"end":{"line":540,"column":100}},"148":{"start":{"line":546,"column":36},"end":{"line":546,"column":null}},"149":{"start":{"line":547,"column":26},"end":{"line":547,"column":null}},"150":{"start":{"line":547,"column":34},"end":{"line":547,"column":null}},"151":{"start":{"line":548,"column":26},"end":{"line":550,"column":null}},"152":{"start":{"line":554,"column":39},"end":{"line":554,"column":null}},"153":{"start":{"line":555,"column":26},"end":{"line":571,"column":null}},"154":{"start":{"line":557,"column":30},"end":{"line":557,"column":null}},"155":{"start":{"line":559,"column":30},"end":{"line":559,"column":null}},"156":{"start":{"line":561,"column":30},"end":{"line":561,"column":null}},"157":{"start":{"line":563,"column":30},"end":{"line":563,"column":null}},"158":{"start":{"line":565,"column":44},"end":{"line":565,"column":null}},"159":{"start":{"line":566,"column":44},"end":{"line":566,"column":null}},"160":{"start":{"line":567,"column":30},"end":{"line":567,"column":null}},"161":{"start":{"line":570,"column":30},"end":{"line":570,"column":null}},"162":{"start":{"line":574,"column":43},"end":{"line":574,"column":null}},"163":{"start":{"line":575,"column":40},"end":{"line":575,"column":null}},"164":{"start":{"line":576,"column":45},"end":{"line":576,"column":null}},"165":{"start":{"line":577,"column":26},"end":{"line":682,"column":null}},"166":{"start":{"line":603,"column":53},"end":{"line":603,"column":92}},"167":{"start":{"line":614,"column":53},"end":{"line":614,"column":null}},"168":{"start":{"line":614,"column":79},"end":{"line":614,"column":121}},"169":{"start":{"line":615,"column":52},"end":{"line":615,"column":94}},"170":{"start":{"line":617,"column":38},"end":{"line":620,"column":null}},"171":{"start":{"line":618,"column":40},"end":{"line":618,"column":null}},"172":{"start":{"line":619,"column":40},"end":{"line":619,"column":null}},"173":{"start":{"line":630,"column":53},"end":{"line":630,"column":92}},"174":{"start":{"line":645,"column":55},"end":{"line":645,"column":null}},"175":{"start":{"line":645,"column":87},"end":{"line":645,"column":129}},"176":{"start":{"line":650,"column":54},"end":{"line":650,"column":95}},"177":{"start":{"line":652,"column":40},"end":{"line":655,"column":null}},"178":{"start":{"line":653,"column":42},"end":{"line":653,"column":null}},"179":{"start":{"line":654,"column":42},"end":{"line":654,"column":null}},"180":{"start":{"line":668,"column":36},"end":{"line":676,"column":null}},"181":{"start":{"line":669,"column":38},"end":{"line":672,"column":null}},"182":{"start":{"line":669,"column":70},"end":{"line":672,"column":40}},"183":{"start":{"line":673,"column":38},"end":{"line":673,"column":null}},"184":{"start":{"line":675,"column":38},"end":{"line":675,"column":null}}},"fnMap":{"0":{"name":"getRarityBadge","decl":{"start":{"line":20,"column":9},"end":{"line":20,"column":24}},"loc":{"start":{"line":20,"column":49},"end":{"line":23,"column":null}},"line":20},"1":{"name":"fmtCLP","decl":{"start":{"line":25,"column":9},"end":{"line":25,"column":16}},"loc":{"start":{"line":25,"column":27},"end":{"line":27,"column":null}},"line":25},"2":{"name":"ModeToggle","decl":{"start":{"line":29,"column":9},"end":{"line":29,"column":20}},"loc":{"start":{"line":41,"column":3},"end":{"line":90,"column":null}},"line":41},"3":{"name":"CardSearchPage","decl":{"start":{"line":106,"column":16},"end":{"line":106,"column":33}},"loc":{"start":{"line":106,"column":33},"end":{"line":702,"column":null}},"line":106},"4":{"name":"(anonymous_4)","decl":{"start":{"line":129,"column":23},"end":{"line":129,"column":30}},"loc":{"start":{"line":129,"column":53},"end":{"line":152,"column":null}},"line":129},"5":{"name":"(anonymous_5)","decl":{"start":{"line":154,"column":12},"end":{"line":154,"column":18}},"loc":{"start":{"line":154,"column":18},"end":{"line":176,"column":5}},"line":154},"6":{"name":"(anonymous_6)","decl":{"start":{"line":178,"column":25},"end":{"line":178,"column":32}},"loc":{"start":{"line":178,"column":59},"end":{"line":195,"column":null}},"line":178},"7":{"name":"(anonymous_7)","decl":{"start":{"line":189,"column":22},"end":{"line":189,"column":23}},"loc":{"start":{"line":189,"column":33},"end":{"line":189,"column":66}},"line":189},"8":{"name":"(anonymous_8)","decl":{"start":{"line":191,"column":22},"end":{"line":191,"column":23}},"loc":{"start":{"line":191,"column":33},"end":{"line":191,"column":60}},"line":191},"9":{"name":"(anonymous_9)","decl":{"start":{"line":198,"column":25},"end":{"line":198,"column":32}},"loc":{"start":{"line":198,"column":93},"end":{"line":237,"column":null}},"line":198},"10":{"name":"(anonymous_10)","decl":{"start":{"line":213,"column":22},"end":{"line":213,"column":23}},"loc":{"start":{"line":213,"column":33},"end":{"line":226,"column":8}},"line":213},"11":{"name":"(anonymous_11)","decl":{"start":{"line":215,"column":43},"end":{"line":215,"column":44}},"loc":{"start":{"line":216,"column":10},"end":{"line":224,"column":null}},"line":216},"12":{"name":"(anonymous_12)","decl":{"start":{"line":229,"column":22},"end":{"line":229,"column":23}},"loc":{"start":{"line":229,"column":33},"end":{"line":229,"column":66}},"line":229},"13":{"name":"(anonymous_13)","decl":{"start":{"line":239,"column":26},"end":{"line":239,"column":33}},"loc":{"start":{"line":239,"column":92},"end":{"line":265,"column":null}},"line":239},"14":{"name":"(anonymous_14)","decl":{"start":{"line":245,"column":22},"end":{"line":245,"column":23}},"loc":{"start":{"line":245,"column":33},"end":{"line":250,"column":8}},"line":245},"15":{"name":"(anonymous_15)","decl":{"start":{"line":247,"column":43},"end":{"line":247,"column":44}},"loc":{"start":{"line":248,"column":10},"end":{"line":248,"column":null}},"line":248},"16":{"name":"(anonymous_16)","decl":{"start":{"line":252,"column":21},"end":{"line":252,"column":22}},"loc":{"start":{"line":252,"column":31},"end":{"line":256,"column":7}},"line":252},"17":{"name":"(anonymous_17)","decl":{"start":{"line":267,"column":27},"end":{"line":267,"column":34}},"loc":{"start":{"line":267,"column":71},"end":{"line":277,"column":null}},"line":267},"18":{"name":"(anonymous_18)","decl":{"start":{"line":279,"column":20},"end":{"line":279,"column":27}},"loc":{"start":{"line":279,"column":79},"end":{"line":282,"column":null}},"line":279},"19":{"name":"(anonymous_19)","decl":{"start":{"line":284,"column":26},"end":{"line":284,"column":33}},"loc":{"start":{"line":284,"column":70},"end":{"line":287,"column":null}},"line":284},"20":{"name":"(anonymous_20)","decl":{"start":{"line":289,"column":28},"end":{"line":289,"column":29}},"loc":{"start":{"line":289,"column":99},"end":{"line":296,"column":null}},"line":289},"21":{"name":"(anonymous_21)","decl":{"start":{"line":291,"column":24},"end":{"line":291,"column":25}},"loc":{"start":{"line":291,"column":35},"end":{"line":291,"column":67}},"line":291},"22":{"name":"(anonymous_22)","decl":{"start":{"line":299,"column":41},"end":{"line":299,"column":47}},"loc":{"start":{"line":299,"column":47},"end":{"line":311,"column":5}},"line":299},"23":{"name":"(anonymous_23)","decl":{"start":{"line":302,"column":25},"end":{"line":302,"column":26}},"loc":{"start":{"line":302,"column":32},"end":{"line":302,"column":35}},"line":302},"24":{"name":"(anonymous_24)","decl":{"start":{"line":324,"column":25},"end":{"line":324,"column":31}},"loc":{"start":{"line":324,"column":31},"end":{"line":324,"column":null}},"line":324},"25":{"name":"(anonymous_25)","decl":{"start":{"line":332,"column":25},"end":{"line":332,"column":31}},"loc":{"start":{"line":332,"column":31},"end":{"line":332,"column":null}},"line":332},"26":{"name":"(anonymous_26)","decl":{"start":{"line":348,"column":24},"end":{"line":348,"column":25}},"loc":{"start":{"line":348,"column":31},"end":{"line":348,"column":null}},"line":348},"27":{"name":"(anonymous_27)","decl":{"start":{"line":427,"column":19},"end":{"line":427,"column":20}},"loc":{"start":{"line":427,"column":30},"end":{"line":693,"column":7}},"line":427},"28":{"name":"(anonymous_28)","decl":{"start":{"line":432,"column":94},"end":{"line":432,"column":100}},"loc":{"start":{"line":432,"column":100},"end":{"line":440,"column":null}},"line":432},"29":{"name":"(anonymous_29)","decl":{"start":{"line":447,"column":27},"end":{"line":447,"column":33}},"loc":{"start":{"line":447,"column":33},"end":{"line":447,"column":null}},"line":447},"30":{"name":"(anonymous_30)","decl":{"start":{"line":454,"column":32},"end":{"line":454,"column":33}},"loc":{"start":{"line":454,"column":40},"end":{"line":454,"column":null}},"line":454},"31":{"name":"(anonymous_31)","decl":{"start":{"line":455,"column":32},"end":{"line":455,"column":33}},"loc":{"start":{"line":455,"column":40},"end":{"line":455,"column":null}},"line":455},"32":{"name":"(anonymous_32)","decl":{"start":{"line":466,"column":29},"end":{"line":466,"column":30}},"loc":{"start":{"line":467,"column":20},"end":{"line":473,"column":null}},"line":467},"33":{"name":"(anonymous_33)","decl":{"start":{"line":479,"column":33},"end":{"line":479,"column":34}},"loc":{"start":{"line":480,"column":24},"end":{"line":489,"column":null}},"line":480},"34":{"name":"(anonymous_34)","decl":{"start":{"line":498,"column":25},"end":{"line":498,"column":31}},"loc":{"start":{"line":498,"column":31},"end":{"line":498,"column":null}},"line":498},"35":{"name":"(anonymous_35)","decl":{"start":{"line":518,"column":34},"end":{"line":518,"column":35}},"loc":{"start":{"line":518,"column":41},"end":{"line":518,"column":null}},"line":518},"36":{"name":"(anonymous_36)","decl":{"start":{"line":535,"column":67},"end":{"line":535,"column":73}},"loc":{"start":{"line":535,"column":73},"end":{"line":535,"column":102}},"line":535},"37":{"name":"(anonymous_37)","decl":{"start":{"line":537,"column":67},"end":{"line":537,"column":73}},"loc":{"start":{"line":537,"column":73},"end":{"line":537,"column":101}},"line":537},"38":{"name":"(anonymous_38)","decl":{"start":{"line":538,"column":67},"end":{"line":538,"column":73}},"loc":{"start":{"line":538,"column":73},"end":{"line":538,"column":99}},"line":538},"39":{"name":"(anonymous_39)","decl":{"start":{"line":539,"column":67},"end":{"line":539,"column":73}},"loc":{"start":{"line":539,"column":73},"end":{"line":539,"column":99}},"line":539},"40":{"name":"(anonymous_40)","decl":{"start":{"line":540,"column":67},"end":{"line":540,"column":73}},"loc":{"start":{"line":540,"column":73},"end":{"line":540,"column":100}},"line":540},"41":{"name":"(anonymous_41)","decl":{"start":{"line":545,"column":32},"end":{"line":545,"column":33}},"loc":{"start":{"line":545,"column":45},"end":{"line":552,"column":25}},"line":545},"42":{"name":"(anonymous_42)","decl":{"start":{"line":553,"column":30},"end":{"line":553,"column":31}},"loc":{"start":{"line":553,"column":40},"end":{"line":572,"column":25}},"line":553},"43":{"name":"(anonymous_43)","decl":{"start":{"line":573,"column":29},"end":{"line":573,"column":30}},"loc":{"start":{"line":573,"column":42},"end":{"line":684,"column":25}},"line":573},"44":{"name":"(anonymous_44)","decl":{"start":{"line":603,"column":45},"end":{"line":603,"column":51}},"loc":{"start":{"line":603,"column":51},"end":{"line":603,"column":null}},"line":603},"45":{"name":"(anonymous_45)","decl":{"start":{"line":614,"column":46},"end":{"line":614,"column":47}},"loc":{"start":{"line":614,"column":53},"end":{"line":614,"column":null}},"line":614},"46":{"name":"(anonymous_46)","decl":{"start":{"line":614,"column":68},"end":{"line":614,"column":69}},"loc":{"start":{"line":614,"column":79},"end":{"line":614,"column":121}},"line":614},"47":{"name":"(anonymous_47)","decl":{"start":{"line":615,"column":44},"end":{"line":615,"column":50}},"loc":{"start":{"line":615,"column":50},"end":{"line":615,"column":null}},"line":615},"48":{"name":"(anonymous_48)","decl":{"start":{"line":616,"column":47},"end":{"line":616,"column":48}},"loc":{"start":{"line":616,"column":54},"end":{"line":621,"column":null}},"line":616},"49":{"name":"(anonymous_49)","decl":{"start":{"line":630,"column":45},"end":{"line":630,"column":51}},"loc":{"start":{"line":630,"column":51},"end":{"line":630,"column":null}},"line":630},"50":{"name":"(anonymous_50)","decl":{"start":{"line":645,"column":48},"end":{"line":645,"column":49}},"loc":{"start":{"line":645,"column":55},"end":{"line":645,"column":null}},"line":645},"51":{"name":"(anonymous_51)","decl":{"start":{"line":645,"column":76},"end":{"line":645,"column":77}},"loc":{"start":{"line":645,"column":87},"end":{"line":645,"column":129}},"line":645},"52":{"name":"(anonymous_52)","decl":{"start":{"line":650,"column":46},"end":{"line":650,"column":52}},"loc":{"start":{"line":650,"column":52},"end":{"line":650,"column":null}},"line":650},"53":{"name":"(anonymous_53)","decl":{"start":{"line":651,"column":49},"end":{"line":651,"column":50}},"loc":{"start":{"line":651,"column":56},"end":{"line":656,"column":null}},"line":651},"54":{"name":"(anonymous_54)","decl":{"start":{"line":667,"column":44},"end":{"line":667,"column":50}},"loc":{"start":{"line":667,"column":50},"end":{"line":677,"column":null}},"line":667},"55":{"name":"(anonymous_55)","decl":{"start":{"line":669,"column":59},"end":{"line":669,"column":60}},"loc":{"start":{"line":669,"column":70},"end":{"line":672,"column":40}},"line":669}},"branchMap":{"0":{"loc":{"start":{"line":21,"column":2},"end":{"line":21,"column":null}},"type":"if","locations":[{"start":{"line":21,"column":2},"end":{"line":21,"column":null}},{"start":{},"end":{}}],"line":21},"1":{"loc":{"start":{"line":22,"column":9},"end":{"line":22,"column":null}},"type":"binary-expr","locations":[{"start":{"line":22,"column":9},"end":{"line":22,"column":47}},{"start":{"line":22,"column":47},"end":{"line":22,"column":null}}],"line":22},"2":{"loc":{"start":{"line":47,"column":13},"end":{"line":47,"column":null}},"type":"cond-expr","locations":[{"start":{"line":47,"column":23},"end":{"line":47,"column":49}},{"start":{"line":47,"column":49},"end":{"line":47,"column":null}}],"line":47},"3":{"loc":{"start":{"line":54,"column":16},"end":{"line":54,"column":null}},"type":"cond-expr","locations":[{"start":{"line":54,"column":27},"end":{"line":54,"column":43}},{"start":{"line":54,"column":43},"end":{"line":54,"column":null}}],"line":54},"4":{"loc":{"start":{"line":56,"column":17},"end":{"line":56,"column":null}},"type":"cond-expr","locations":[{"start":{"line":56,"column":28},"end":{"line":56,"column":34}},{"start":{"line":56,"column":34},"end":{"line":56,"column":null}}],"line":56},"5":{"loc":{"start":{"line":66,"column":22},"end":{"line":66,"column":null}},"type":"cond-expr","locations":[{"start":{"line":66,"column":32},"end":{"line":66,"column":78}},{"start":{"line":66,"column":78},"end":{"line":66,"column":null}}],"line":66},"6":{"loc":{"start":{"line":76,"column":18},"end":{"line":76,"column":null}},"type":"cond-expr","locations":[{"start":{"line":76,"column":28},"end":{"line":76,"column":33}},{"start":{"line":76,"column":33},"end":{"line":76,"column":null}}],"line":76},"7":{"loc":{"start":{"line":132,"column":4},"end":{"line":132,"column":null}},"type":"if","locations":[{"start":{"line":132,"column":4},"end":{"line":132,"column":null}},{"start":{},"end":{}}],"line":132},"8":{"loc":{"start":{"line":143,"column":8},"end":{"line":145,"column":null}},"type":"cond-expr","locations":[{"start":{"line":144,"column":12},"end":{"line":144,"column":null}},{"start":{"line":145,"column":12},"end":{"line":145,"column":null}}],"line":143},"9":{"loc":{"start":{"line":155,"column":24},"end":{"line":155,"column":null}},"type":"binary-expr","locations":[{"start":{"line":155,"column":24},"end":{"line":155,"column":65}},{"start":{"line":155,"column":65},"end":{"line":155,"column":79}},{"start":{"line":155,"column":79},"end":{"line":155,"column":null}}],"line":155},"10":{"loc":{"start":{"line":157,"column":4},"end":{"line":160,"column":null}},"type":"if","locations":[{"start":{"line":157,"column":4},"end":{"line":160,"column":null}},{"start":{},"end":{}}],"line":157},"11":{"loc":{"start":{"line":167,"column":8},"end":{"line":173,"column":null}},"type":"binary-expr","locations":[{"start":{"line":167,"column":8},"end":{"line":167,"column":44}},{"start":{"line":167,"column":44},"end":{"line":167,"column":null}},{"start":{"line":167,"column":65},"end":{"line":173,"column":null}}],"line":167},"12":{"loc":{"start":{"line":179,"column":4},"end":{"line":182,"column":null}},"type":"if","locations":[{"start":{"line":179,"column":4},"end":{"line":182,"column":null}},{"start":{},"end":{}}],"line":179},"13":{"loc":{"start":{"line":184,"column":4},"end":{"line":184,"column":null}},"type":"if","locations":[{"start":{"line":184,"column":4},"end":{"line":184,"column":null}},{"start":{},"end":{}}],"line":184},"14":{"loc":{"start":{"line":201,"column":6},"end":{"line":211,"column":null}},"type":"if","locations":[{"start":{"line":201,"column":6},"end":{"line":211,"column":null}},{"start":{"line":209,"column":13},"end":{"line":211,"column":null}}],"line":201},"15":{"loc":{"start":{"line":202,"column":25},"end":{"line":202,"column":null}},"type":"binary-expr","locations":[{"start":{"line":202,"column":25},"end":{"line":202,"column":58}},{"start":{"line":202,"column":58},"end":{"line":202,"column":null}}],"line":202},"16":{"loc":{"start":{"line":202,"column":76},"end":{"line":202,"column":99}},"type":"binary-expr","locations":[{"start":{"line":202,"column":76},"end":{"line":202,"column":98}},{"start":{"line":202,"column":98},"end":{"line":202,"column":99}}],"line":202},"17":{"loc":{"start":{"line":204,"column":8},"end":{"line":207,"column":null}},"type":"if","locations":[{"start":{"line":204,"column":8},"end":{"line":207,"column":null}},{"start":{},"end":{}}],"line":204},"18":{"loc":{"start":{"line":215,"column":19},"end":{"line":215,"column":39}},"type":"binary-expr","locations":[{"start":{"line":215,"column":19},"end":{"line":215,"column":35}},{"start":{"line":215,"column":35},"end":{"line":215,"column":39}}],"line":215},"19":{"loc":{"start":{"line":216,"column":10},"end":{"line":224,"column":null}},"type":"cond-expr","locations":[{"start":{"line":217,"column":14},"end":{"line":223,"column":null}},{"start":{"line":224,"column":14},"end":{"line":224,"column":null}}],"line":216},"20":{"loc":{"start":{"line":219,"column":24},"end":{"line":219,"column":null}},"type":"cond-expr","locations":[{"start":{"line":219,"column":44},"end":{"line":219,"column":55}},{"start":{"line":219,"column":55},"end":{"line":219,"column":null}}],"line":219},"21":{"loc":{"start":{"line":220,"column":28},"end":{"line":222,"column":null}},"type":"cond-expr","locations":[{"start":{"line":221,"column":20},"end":{"line":221,"column":null}},{"start":{"line":222,"column":20},"end":{"line":222,"column":null}}],"line":220},"22":{"loc":{"start":{"line":221,"column":27},"end":{"line":221,"column":91}},"type":"binary-expr","locations":[{"start":{"line":221,"column":27},"end":{"line":221,"column":60}},{"start":{"line":221,"column":60},"end":{"line":221,"column":91}}],"line":221},"23":{"loc":{"start":{"line":221,"column":71},"end":{"line":221,"column":90}},"type":"binary-expr","locations":[{"start":{"line":221,"column":71},"end":{"line":221,"column":89}},{"start":{"line":221,"column":89},"end":{"line":221,"column":90}}],"line":221},"24":{"loc":{"start":{"line":247,"column":19},"end":{"line":247,"column":39}},"type":"binary-expr","locations":[{"start":{"line":247,"column":19},"end":{"line":247,"column":35}},{"start":{"line":247,"column":35},"end":{"line":247,"column":39}}],"line":247},"25":{"loc":{"start":{"line":248,"column":10},"end":{"line":248,"column":null}},"type":"cond-expr","locations":[{"start":{"line":248,"column":34},"end":{"line":248,"column":76}},{"start":{"line":248,"column":76},"end":{"line":248,"column":null}}],"line":248},"26":{"loc":{"start":{"line":268,"column":21},"end":{"line":268,"column":null}},"type":"binary-expr","locations":[{"start":{"line":268,"column":21},"end":{"line":268,"column":48}},{"start":{"line":268,"column":48},"end":{"line":268,"column":null}}],"line":268},"27":{"loc":{"start":{"line":271,"column":4},"end":{"line":274,"column":null}},"type":"if","locations":[{"start":{"line":271,"column":4},"end":{"line":274,"column":null}},{"start":{},"end":{}}],"line":271},"28":{"loc":{"start":{"line":271,"column":8},"end":{"line":271,"column":48}},"type":"binary-expr","locations":[{"start":{"line":271,"column":8},"end":{"line":271,"column":36}},{"start":{"line":271,"column":36},"end":{"line":271,"column":48}}],"line":271},"29":{"loc":{"start":{"line":285,"column":4},"end":{"line":285,"column":null}},"type":"if","locations":[{"start":{"line":285,"column":4},"end":{"line":285,"column":null}},{"start":{},"end":{}}],"line":285},"30":{"loc":{"start":{"line":285,"column":8},"end":{"line":285,"column":73}},"type":"binary-expr","locations":[{"start":{"line":285,"column":8},"end":{"line":285,"column":39}},{"start":{"line":285,"column":39},"end":{"line":285,"column":73}}],"line":285},"31":{"loc":{"start":{"line":290,"column":4},"end":{"line":293,"column":null}},"type":"if","locations":[{"start":{"line":290,"column":4},"end":{"line":293,"column":null}},{"start":{},"end":{}}],"line":290},"32":{"loc":{"start":{"line":291,"column":35},"end":{"line":291,"column":67}},"type":"cond-expr","locations":[{"start":{"line":291,"column":52},"end":{"line":291,"column":61}},{"start":{"line":291,"column":61},"end":{"line":291,"column":67}}],"line":291},"33":{"loc":{"start":{"line":300,"column":4},"end":{"line":303,"column":null}},"type":"if","locations":[{"start":{"line":300,"column":4},"end":{"line":303,"column":null}},{"start":{},"end":{}}],"line":300},"34":{"loc":{"start":{"line":307,"column":6},"end":{"line":307,"column":null}},"type":"if","locations":[{"start":{"line":307,"column":6},"end":{"line":307,"column":null}},{"start":{},"end":{}}],"line":307},"35":{"loc":{"start":{"line":322,"column":40},"end":{"line":322,"column":93}},"type":"cond-expr","locations":[{"start":{"line":322,"column":64},"end":{"line":322,"column":81}},{"start":{"line":322,"column":81},"end":{"line":322,"column":93}}],"line":322},"36":{"loc":{"start":{"line":330,"column":40},"end":{"line":330,"column":93}},"type":"cond-expr","locations":[{"start":{"line":330,"column":64},"end":{"line":330,"column":81}},{"start":{"line":330,"column":81},"end":{"line":330,"column":93}}],"line":330},"37":{"loc":{"start":{"line":343,"column":16},"end":{"line":345,"column":null}},"type":"cond-expr","locations":[{"start":{"line":344,"column":20},"end":{"line":344,"column":null}},{"start":{"line":345,"column":20},"end":{"line":345,"column":null}}],"line":343},"38":{"loc":{"start":{"line":352,"column":72},"end":{"line":352,"column":null}},"type":"binary-expr","locations":[{"start":{"line":352,"column":72},"end":{"line":352,"column":83}},{"start":{"line":352,"column":83},"end":{"line":352,"column":null}}],"line":352},"39":{"loc":{"start":{"line":353,"column":15},"end":{"line":353,"column":null}},"type":"cond-expr","locations":[{"start":{"line":353,"column":25},"end":{"line":353,"column":41}},{"start":{"line":353,"column":41},"end":{"line":353,"column":null}}],"line":353},"40":{"loc":{"start":{"line":357,"column":13},"end":{"line":359,"column":null}},"type":"cond-expr","locations":[{"start":{"line":358,"column":16},"end":{"line":358,"column":null}},{"start":{"line":359,"column":16},"end":{"line":359,"column":null}}],"line":357},"41":{"loc":{"start":{"line":364,"column":7},"end":{"line":410,"column":null}},"type":"binary-expr","locations":[{"start":{"line":364,"column":7},"end":{"line":364,"column":null}},{"start":{"line":365,"column":8},"end":{"line":410,"column":null}}],"line":364},"42":{"loc":{"start":{"line":381,"column":13},"end":{"line":390,"column":null}},"type":"cond-expr","locations":[{"start":{"line":382,"column":14},"end":{"line":386,"column":null}},{"start":{"line":388,"column":14},"end":{"line":390,"column":null}}],"line":381},"43":{"loc":{"start":{"line":402,"column":15},"end":{"line":402,"column":null}},"type":"binary-expr","locations":[{"start":{"line":402,"column":15},"end":{"line":402,"column":39}},{"start":{"line":402,"column":39},"end":{"line":402,"column":null}}],"line":402},"44":{"loc":{"start":{"line":403,"column":15},"end":{"line":403,"column":null}},"type":"binary-expr","locations":[{"start":{"line":403,"column":15},"end":{"line":403,"column":42}},{"start":{"line":403,"column":42},"end":{"line":403,"column":null}}],"line":403},"45":{"loc":{"start":{"line":404,"column":15},"end":{"line":404,"column":null}},"type":"binary-expr","locations":[{"start":{"line":404,"column":15},"end":{"line":404,"column":37}},{"start":{"line":404,"column":37},"end":{"line":404,"column":null}}],"line":404},"46":{"loc":{"start":{"line":413,"column":7},"end":{"line":416,"column":null}},"type":"binary-expr","locations":[{"start":{"line":413,"column":7},"end":{"line":413,"column":null}},{"start":{"line":414,"column":8},"end":{"line":416,"column":null}}],"line":413},"47":{"loc":{"start":{"line":419,"column":7},"end":{"line":424,"column":null}},"type":"binary-expr","locations":[{"start":{"line":419,"column":7},"end":{"line":419,"column":19}},{"start":{"line":419,"column":19},"end":{"line":419,"column":31}},{"start":{"line":419,"column":31},"end":{"line":419,"column":null}},{"start":{"line":420,"column":8},"end":{"line":424,"column":null}}],"line":419},"48":{"loc":{"start":{"line":423,"column":47},"end":{"line":423,"column":91}},"type":"cond-expr","locations":[{"start":{"line":423,"column":71},"end":{"line":423,"column":82}},{"start":{"line":423,"column":82},"end":{"line":423,"column":91}}],"line":423},"49":{"loc":{"start":{"line":442,"column":15},"end":{"line":456,"column":null}},"type":"binary-expr","locations":[{"start":{"line":442,"column":15},"end":{"line":442,"column":null}},{"start":{"line":443,"column":16},"end":{"line":456,"column":null}}],"line":442},"50":{"loc":{"start":{"line":470,"column":68},"end":{"line":470,"column":99}},"type":"binary-expr","locations":[{"start":{"line":470,"column":68},"end":{"line":470,"column":97}},{"start":{"line":470,"column":97},"end":{"line":470,"column":99}}],"line":470},"51":{"loc":{"start":{"line":472,"column":23},"end":{"line":472,"column":null}},"type":"binary-expr","locations":[{"start":{"line":472,"column":23},"end":{"line":472,"column":38}},{"start":{"line":472,"column":38},"end":{"line":472,"column":null}}],"line":472},"52":{"loc":{"start":{"line":482,"column":32},"end":{"line":482,"column":null}},"type":"binary-expr","locations":[{"start":{"line":482,"column":32},"end":{"line":482,"column":61}},{"start":{"line":482,"column":61},"end":{"line":482,"column":90}},{"start":{"line":482,"column":75},"end":{"line":482,"column":null}}],"line":482},"53":{"loc":{"start":{"line":483,"column":29},"end":{"line":484,"column":null}},"type":"binary-expr","locations":[{"start":{"line":483,"column":29},"end":{"line":483,"column":null}},{"start":{"line":484,"column":30},"end":{"line":484,"column":null}}],"line":483},"54":{"loc":{"start":{"line":488,"column":27},"end":{"line":488,"column":null}},"type":"binary-expr","locations":[{"start":{"line":488,"column":27},"end":{"line":488,"column":46}},{"start":{"line":488,"column":46},"end":{"line":488,"column":null}}],"line":488},"55":{"loc":{"start":{"line":500,"column":17},"end":{"line":500,"column":null}},"type":"cond-expr","locations":[{"start":{"line":500,"column":45},"end":{"line":500,"column":59}},{"start":{"line":500,"column":59},"end":{"line":500,"column":null}}],"line":500},"56":{"loc":{"start":{"line":505,"column":13},"end":{"line":689,"column":null}},"type":"binary-expr","locations":[{"start":{"line":505,"column":13},"end":{"line":505,"column":null}},{"start":{"line":506,"column":14},"end":{"line":689,"column":null}}],"line":505},"57":{"loc":{"start":{"line":507,"column":17},"end":{"line":687,"column":null}},"type":"cond-expr","locations":[{"start":{"line":508,"column":18},"end":{"line":508,"column":null}},{"start":{"line":508,"column":103},"end":{"line":687,"column":null}}],"line":507},"58":{"loc":{"start":{"line":508,"column":103},"end":{"line":687,"column":null}},"type":"cond-expr","locations":[{"start":{"line":510,"column":18},"end":{"line":510,"column":null}},{"start":{"line":512,"column":18},"end":{"line":687,"column":null}}],"line":508},"59":{"loc":{"start":{"line":509,"column":21},"end":{"line":509,"column":51}},"type":"binary-expr","locations":[{"start":{"line":509,"column":21},"end":{"line":509,"column":47}},{"start":{"line":509,"column":47},"end":{"line":509,"column":51}}],"line":509},"60":{"loc":{"start":{"line":535,"column":110},"end":{"line":535,"column":181}},"type":"cond-expr","locations":[{"start":{"line":535,"column":138},"end":{"line":535,"column":178}},{"start":{"line":535,"column":178},"end":{"line":535,"column":181}}],"line":535},"61":{"loc":{"start":{"line":535,"column":138},"end":{"line":535,"column":178}},"type":"cond-expr","locations":[{"start":{"line":535,"column":165},"end":{"line":535,"column":171}},{"start":{"line":535,"column":171},"end":{"line":535,"column":178}}],"line":535},"62":{"loc":{"start":{"line":537,"column":108},"end":{"line":537,"column":178}},"type":"cond-expr","locations":[{"start":{"line":537,"column":135},"end":{"line":537,"column":175}},{"start":{"line":537,"column":175},"end":{"line":537,"column":178}}],"line":537},"63":{"loc":{"start":{"line":537,"column":135},"end":{"line":537,"column":175}},"type":"cond-expr","locations":[{"start":{"line":537,"column":162},"end":{"line":537,"column":168}},{"start":{"line":537,"column":168},"end":{"line":537,"column":175}}],"line":537},"64":{"loc":{"start":{"line":538,"column":111},"end":{"line":538,"column":179}},"type":"cond-expr","locations":[{"start":{"line":538,"column":136},"end":{"line":538,"column":176}},{"start":{"line":538,"column":176},"end":{"line":538,"column":179}}],"line":538},"65":{"loc":{"start":{"line":538,"column":136},"end":{"line":538,"column":176}},"type":"cond-expr","locations":[{"start":{"line":538,"column":163},"end":{"line":538,"column":169}},{"start":{"line":538,"column":169},"end":{"line":538,"column":176}}],"line":538},"66":{"loc":{"start":{"line":539,"column":111},"end":{"line":539,"column":179}},"type":"cond-expr","locations":[{"start":{"line":539,"column":136},"end":{"line":539,"column":176}},{"start":{"line":539,"column":176},"end":{"line":539,"column":179}}],"line":539},"67":{"loc":{"start":{"line":539,"column":136},"end":{"line":539,"column":176}},"type":"cond-expr","locations":[{"start":{"line":539,"column":163},"end":{"line":539,"column":169}},{"start":{"line":539,"column":169},"end":{"line":539,"column":176}}],"line":539},"68":{"loc":{"start":{"line":540,"column":106},"end":{"line":540,"column":175}},"type":"cond-expr","locations":[{"start":{"line":540,"column":132},"end":{"line":540,"column":172}},{"start":{"line":540,"column":172},"end":{"line":540,"column":175}}],"line":540},"69":{"loc":{"start":{"line":540,"column":132},"end":{"line":540,"column":172}},"type":"cond-expr","locations":[{"start":{"line":540,"column":159},"end":{"line":540,"column":165}},{"start":{"line":540,"column":165},"end":{"line":540,"column":172}}],"line":540},"70":{"loc":{"start":{"line":544,"column":24},"end":{"line":544,"column":null}},"type":"binary-expr","locations":[{"start":{"line":544,"column":24},"end":{"line":544,"column":50}},{"start":{"line":544,"column":50},"end":{"line":544,"column":null}}],"line":544},"71":{"loc":{"start":{"line":547,"column":26},"end":{"line":547,"column":null}},"type":"if","locations":[{"start":{"line":547,"column":26},"end":{"line":547,"column":null}},{"start":{},"end":{}}],"line":547},"72":{"loc":{"start":{"line":548,"column":26},"end":{"line":550,"column":null}},"type":"binary-expr","locations":[{"start":{"line":548,"column":26},"end":{"line":549,"column":null}},{"start":{"line":549,"column":81},"end":{"line":550,"column":null}}],"line":548},"73":{"loc":{"start":{"line":549,"column":29},"end":{"line":549,"column":57}},"type":"binary-expr","locations":[{"start":{"line":549,"column":29},"end":{"line":549,"column":53}},{"start":{"line":549,"column":53},"end":{"line":549,"column":57}}],"line":549},"74":{"loc":{"start":{"line":550,"column":32},"end":{"line":550,"column":62}},"type":"binary-expr","locations":[{"start":{"line":550,"column":32},"end":{"line":550,"column":58}},{"start":{"line":550,"column":58},"end":{"line":550,"column":62}}],"line":550},"75":{"loc":{"start":{"line":554,"column":39},"end":{"line":554,"column":null}},"type":"cond-expr","locations":[{"start":{"line":554,"column":66},"end":{"line":554,"column":70}},{"start":{"line":554,"column":70},"end":{"line":554,"column":null}}],"line":554},"76":{"loc":{"start":{"line":555,"column":26},"end":{"line":571,"column":null}},"type":"switch","locations":[{"start":{"line":556,"column":28},"end":{"line":557,"column":null}},{"start":{"line":558,"column":28},"end":{"line":559,"column":null}},{"start":{"line":560,"column":28},"end":{"line":561,"column":null}},{"start":{"line":562,"column":28},"end":{"line":563,"column":null}},{"start":{"line":564,"column":28},"end":{"line":568,"column":null}},{"start":{"line":569,"column":28},"end":{"line":570,"column":null}}],"line":555},"77":{"loc":{"start":{"line":557,"column":45},"end":{"line":557,"column":67}},"type":"binary-expr","locations":[{"start":{"line":557,"column":45},"end":{"line":557,"column":63}},{"start":{"line":557,"column":63},"end":{"line":557,"column":67}}],"line":557},"78":{"loc":{"start":{"line":557,"column":81},"end":{"line":557,"column":101}},"type":"binary-expr","locations":[{"start":{"line":557,"column":81},"end":{"line":557,"column":99}},{"start":{"line":557,"column":99},"end":{"line":557,"column":101}}],"line":557},"79":{"loc":{"start":{"line":561,"column":46},"end":{"line":561,"column":72}},"type":"binary-expr","locations":[{"start":{"line":561,"column":46},"end":{"line":561,"column":66}},{"start":{"line":561,"column":66},"end":{"line":561,"column":72}}],"line":561},"80":{"loc":{"start":{"line":561,"column":72},"end":{"line":561,"column":null}},"type":"binary-expr","locations":[{"start":{"line":561,"column":72},"end":{"line":561,"column":92}},{"start":{"line":561,"column":92},"end":{"line":561,"column":null}}],"line":561},"81":{"loc":{"start":{"line":563,"column":46},"end":{"line":563,"column":68}},"type":"binary-expr","locations":[{"start":{"line":563,"column":46},"end":{"line":563,"column":62}},{"start":{"line":563,"column":62},"end":{"line":563,"column":68}}],"line":563},"82":{"loc":{"start":{"line":563,"column":68},"end":{"line":563,"column":null}},"type":"binary-expr","locations":[{"start":{"line":563,"column":68},"end":{"line":563,"column":84}},{"start":{"line":563,"column":84},"end":{"line":563,"column":null}}],"line":563},"83":{"loc":{"start":{"line":565,"column":44},"end":{"line":565,"column":null}},"type":"cond-expr","locations":[{"start":{"line":565,"column":68},"end":{"line":565,"column":79}},{"start":{"line":565,"column":79},"end":{"line":565,"column":null}}],"line":565},"84":{"loc":{"start":{"line":566,"column":44},"end":{"line":566,"column":null}},"type":"cond-expr","locations":[{"start":{"line":566,"column":68},"end":{"line":566,"column":79}},{"start":{"line":566,"column":79},"end":{"line":566,"column":null}}],"line":566},"85":{"loc":{"start":{"line":575,"column":40},"end":{"line":575,"column":null}},"type":"binary-expr","locations":[{"start":{"line":575,"column":40},"end":{"line":575,"column":73}},{"start":{"line":575,"column":73},"end":{"line":575,"column":null}}],"line":575},"86":{"loc":{"start":{"line":575,"column":91},"end":{"line":575,"column":114}},"type":"binary-expr","locations":[{"start":{"line":575,"column":91},"end":{"line":575,"column":113}},{"start":{"line":575,"column":113},"end":{"line":575,"column":114}}],"line":575},"87":{"loc":{"start":{"line":576,"column":45},"end":{"line":576,"column":null}},"type":"binary-expr","locations":[{"start":{"line":576,"column":45},"end":{"line":576,"column":72}},{"start":{"line":576,"column":72},"end":{"line":576,"column":null}}],"line":576},"88":{"loc":{"start":{"line":581,"column":48},"end":{"line":581,"column":null}},"type":"binary-expr","locations":[{"start":{"line":581,"column":48},"end":{"line":581,"column":147}},{"start":{"line":581,"column":147},"end":{"line":581,"column":null}}],"line":581},"89":{"loc":{"start":{"line":589,"column":35},"end":{"line":589,"column":null}},"type":"binary-expr","locations":[{"start":{"line":589,"column":35},"end":{"line":589,"column":59}},{"start":{"line":589,"column":59},"end":{"line":589,"column":null}}],"line":589},"90":{"loc":{"start":{"line":593,"column":67},"end":{"line":593,"column":97}},"type":"binary-expr","locations":[{"start":{"line":593,"column":67},"end":{"line":593,"column":93}},{"start":{"line":593,"column":93},"end":{"line":593,"column":97}}],"line":593},"91":{"loc":{"start":{"line":617,"column":38},"end":{"line":620,"column":null}},"type":"if","locations":[{"start":{"line":617,"column":38},"end":{"line":620,"column":null}},{"start":{},"end":{}}],"line":617},"92":{"loc":{"start":{"line":636,"column":35},"end":{"line":636,"column":165}},"type":"cond-expr","locations":[{"start":{"line":636,"column":111},"end":{"line":636,"column":161}},{"start":{"line":636,"column":161},"end":{"line":636,"column":165}}],"line":636},"93":{"loc":{"start":{"line":636,"column":35},"end":{"line":636,"column":111}},"type":"binary-expr","locations":[{"start":{"line":636,"column":35},"end":{"line":636,"column":69}},{"start":{"line":636,"column":69},"end":{"line":636,"column":111}}],"line":636},"94":{"loc":{"start":{"line":638,"column":33},"end":{"line":660,"column":null}},"type":"cond-expr","locations":[{"start":{"line":639,"column":34},"end":{"line":658,"column":null}},{"start":{"line":660,"column":34},"end":{"line":660,"column":null}}],"line":638},"95":{"loc":{"start":{"line":652,"column":40},"end":{"line":655,"column":null}},"type":"if","locations":[{"start":{"line":652,"column":40},"end":{"line":655,"column":null}},{"start":{},"end":{}}],"line":652},"96":{"loc":{"start":{"line":660,"column":34},"end":{"line":660,"column":null}},"type":"cond-expr","locations":[{"start":{"line":660,"column":63},"end":{"line":660,"column":92}},{"start":{"line":660,"column":92},"end":{"line":660,"column":null}}],"line":660},"97":{"loc":{"start":{"line":668,"column":36},"end":{"line":676,"column":null}},"type":"if","locations":[{"start":{"line":668,"column":36},"end":{"line":676,"column":null}},{"start":{"line":674,"column":43},"end":{"line":676,"column":null}}],"line":668},"98":{"loc":{"start":{"line":671,"column":54},"end":{"line":671,"column":null}},"type":"binary-expr","locations":[{"start":{"line":671,"column":54},"end":{"line":671,"column":74}},{"start":{"line":671,"column":74},"end":{"line":671,"column":null}}],"line":671},"99":{"loc":{"start":{"line":671,"column":92},"end":{"line":671,"column":115}},"type":"binary-expr","locations":[{"start":{"line":671,"column":92},"end":{"line":671,"column":114}},{"start":{"line":671,"column":114},"end":{"line":671,"column":115}}],"line":671},"100":{"loc":{"start":{"line":695,"column":7},"end":{"line":698,"column":null}},"type":"binary-expr","locations":[{"start":{"line":695,"column":7},"end":{"line":695,"column":null}},{"start":{"line":696,"column":8},"end":{"line":698,"column":null}}],"line":695}},"s":{"0":1,"1":35,"2":0,"3":35,"4":3,"5":7,"6":37,"7":37,"8":37,"9":37,"10":37,"11":37,"12":37,"13":37,"14":37,"15":37,"16":37,"17":37,"18":37,"19":37,"20":37,"21":37,"22":37,"23":37,"24":2,"25":2,"26":2,"27":0,"28":2,"29":2,"30":2,"31":2,"32":2,"33":2,"34":2,"35":2,"36":2,"37":0,"38":2,"39":37,"40":6,"41":6,"42":4,"43":4,"44":2,"45":37,"46":2,"47":0,"48":0,"49":2,"50":2,"51":0,"52":2,"53":2,"54":2,"55":2,"56":2,"57":0,"58":0,"59":2,"60":37,"61":1,"62":1,"63":1,"64":1,"65":1,"66":1,"67":1,"68":1,"69":0,"70":0,"71":0,"72":0,"73":0,"74":0,"75":0,"76":0,"77":0,"78":0,"79":0,"80":1,"81":37,"82":1,"83":1,"84":1,"85":1,"86":1,"87":1,"88":1,"89":1,"90":1,"91":1,"92":1,"93":1,"94":0,"95":0,"96":1,"97":37,"98":0,"99":0,"100":0,"101":0,"102":0,"103":0,"104":37,"105":1,"106":1,"107":37,"108":1,"109":0,"110":1,"111":37,"112":0,"113":0,"114":0,"115":0,"116":0,"117":0,"118":37,"119":37,"120":0,"121":0,"122":37,"123":37,"124":15,"125":15,"126":15,"127":15,"128":37,"129":37,"130":0,"131":0,"132":14,"133":15,"134":15,"135":2,"136":0,"137":0,"138":0,"139":15,"140":15,"141":2,"142":0,"143":0,"144":0,"145":0,"146":0,"147":0,"148":7,"149":7,"150":7,"151":0,"152":0,"153":0,"154":0,"155":0,"156":0,"157":0,"158":0,"159":0,"160":0,"161":0,"162":7,"163":7,"164":7,"165":7,"166":0,"167":0,"168":0,"169":0,"170":0,"171":0,"172":0,"173":1,"174":2,"175":2,"176":1,"177":1,"178":0,"179":0,"180":0,"181":0,"182":0,"183":0,"184":0},"f":{"0":35,"1":3,"2":7,"3":37,"4":2,"5":6,"6":2,"7":2,"8":0,"9":1,"10":0,"11":0,"12":0,"13":1,"14":1,"15":1,"16":1,"17":0,"18":1,"19":1,"20":0,"21":0,"22":37,"23":0,"24":0,"25":0,"26":14,"27":15,"28":2,"29":0,"30":0,"31":0,"32":15,"33":15,"34":2,"35":0,"36":0,"37":0,"38":0,"39":0,"40":0,"41":7,"42":0,"43":7,"44":0,"45":0,"46":0,"47":0,"48":0,"49":1,"50":2,"51":2,"52":1,"53":1,"54":0,"55":0},"b":{"0":[0,35],"1":[35,0],"2":[4,3],"3":[0,7],"4":[0,7],"5":[4,3],"6":[4,3],"7":[0,2],"8":[0,2],"9":[6,5,4],"10":[4,2],"11":[2,0,0],"12":[0,2],"13":[0,2],"14":[1,0],"15":[1,0],"16":[0,0],"17":[1,0],"18":[0,0],"19":[0,0],"20":[0,0],"21":[0,0],"22":[0,0],"23":[0,0],"24":[1,0],"25":[1,0],"26":[0,0],"27":[0,0],"28":[0,0],"29":[0,1],"30":[1,1],"31":[0,0],"32":[0,0],"33":[0,37],"34":[15,0],"35":[37,0],"36":[0,37],"37":[0,37],"38":[37,33],"39":[4,33],"40":[0,37],"41":[37,13],"42":[6,7],"43":[13,13],"44":[13,13],"45":[13,13],"46":[37,1],"47":[37,19,15,0],"48":[0,0],"49":[15,7],"50":[15,0],"51":[15,0],"52":[15,0,0],"53":[15,15],"54":[15,0],"55":[9,6],"56":[15,9],"57":[2,7],"58":[0,7],"59":[7,0],"60":[0,7],"61":[0,0],"62":[7,0],"63":[0,7],"64":[0,7],"65":[0,0],"66":[0,7],"67":[0,0],"68":[0,7],"69":[0,0],"70":[7,0],"71":[7,0],"72":[0,0],"73":[0,0],"74":[0,0],"75":[0,0],"76":[0,0,0,0,0,0],"77":[0,0],"78":[0,0],"79":[0,0],"80":[0,0],"81":[0,0],"82":[0,0],"83":[0,0],"84":[0,0],"85":[7,4],"86":[4,0],"87":[7,7],"88":[7,7],"89":[7,0],"90":[7,0],"91":[0,0],"92":[7,0],"93":[7,7],"94":[4,3],"95":[0,1],"96":[3,0],"97":[0,0],"98":[0,0],"99":[0,0],"100":[37,15]},"meta":{"lastBranch":101,"lastFunction":56,"lastStatement":185,"seen":{"s:7:45:17:Infinity":0,"f:20:9:20:24":0,"b:21:2:21:Infinity:undefined:undefined:undefined:undefined":0,"s:21:2:21:Infinity":1,"s:21:15:21:Infinity":2,"s:22:2:22:Infinity":3,"b:22:9:22:47:22:47:22:Infinity":1,"f:25:9:25:16":1,"s:26:2:26:Infinity":4,"f:29:9:29:20":2,"s:42:2:88:Infinity":5,"b:47:23:47:49:47:49:47:Infinity":2,"b:54:27:54:43:54:43:54:Infinity":3,"b:56:28:56:34:56:34:56:Infinity":4,"b:66:32:66:78:66:78:66:Infinity":5,"b:76:28:76:33:76:33:76:Infinity":6,"f:106:16:106:33":3,"s:107:24:107:Infinity":6,"s:108:34:108:Infinity":7,"s:109:28:109:Infinity":8,"s:110:28:110:Infinity":9,"s:111:24:111:Infinity":10,"s:112:30:112:Infinity":11,"s:115:36:115:Infinity":12,"s:118:38:118:Infinity":13,"s:119:44:119:Infinity":14,"s:120:38:120:Infinity":15,"s:121:48:121:Infinity":16,"s:122:48:122:Infinity":17,"s:123:40:123:Infinity":18,"s:124:36:124:Infinity":19,"s:125:42:125:Infinity":20,"s:126:44:126:Infinity":21,"s:127:36:127:Infinity":22,"s:129:23:152:Infinity":23,"f:129:23:129:30":4,"s:130:4:130:Infinity":24,"s:131:14:131:Infinity":25,"b:132:4:132:Infinity:undefined:undefined:undefined:undefined":7,"s:132:4:132:Infinity":26,"s:132:12:132:Infinity":27,"s:134:4:134:Infinity":28,"s:135:4:135:Infinity":29,"s:136:4:136:Infinity":30,"s:137:4:137:Infinity":31,"s:138:4:138:Infinity":32,"s:139:4:139:Infinity":33,"s:141:4:151:Infinity":34,"s:143:8:145:Infinity":35,"b:144:12:144:Infinity:145:12:145:Infinity":8,"s:146:6:146:Infinity":36,"s:148:6:148:Infinity":37,"s:150:6:150:Infinity":38,"s:154:2:176:Infinity":39,"f:154:12:154:18":5,"s:155:24:155:Infinity":40,"b:155:24:155:65:155:65:155:79:155:79:155:Infinity":9,"b:157:4:160:Infinity:undefined:undefined:undefined:undefined":10,"s:157:4:160:Infinity":41,"s:158:6:158:Infinity":42,"s:159:6:159:Infinity":43,"s:162:4:175:Infinity":44,"b:167:8:167:44:167:44:167:Infinity:167:65:173:Infinity":11,"s:178:25:195:Infinity":45,"f:178:25:178:32":6,"b:179:4:182:Infinity:undefined:undefined:undefined:undefined":12,"s:179:4:182:Infinity":46,"s:180:6:180:Infinity":47,"s:181:6:181:Infinity":48,"s:183:4:183:Infinity":49,"b:184:4:184:Infinity:undefined:undefined:undefined:undefined":13,"s:184:4:184:Infinity":50,"s:184:31:184:Infinity":51,"s:186:4:186:Infinity":52,"s:187:4:194:Infinity":53,"s:188:34:188:Infinity":54,"s:189:6:189:Infinity":55,"f:189:22:189:23":7,"s:189:33:189:66":56,"s:191:6:191:Infinity":57,"f:191:22:191:23":8,"s:191:33:191:60":58,"s:193:6:193:Infinity":59,"s:198:25:237:Infinity":60,"f:198:25:198:32":9,"s:199:4:199:Infinity":61,"s:200:4:236:Infinity":62,"b:201:6:211:Infinity:209:13:211:Infinity":14,"s:201:6:211:Infinity":63,"s:202:25:202:Infinity":64,"b:202:25:202:58:202:58:202:Infinity":15,"b:202:76:202:98:202:98:202:99":16,"s:203:14:203:Infinity":65,"b:204:8:207:Infinity:undefined:undefined:undefined:undefined":17,"s:204:8:207:Infinity":66,"s:205:10:205:Infinity":67,"s:206:10:206:Infinity":68,"s:208:8:208:Infinity":69,"s:210:8:210:Infinity":70,"s:213:6:226:Infinity":71,"f:213:22:213:23":10,"s:213:33:226:8":72,"b:215:19:215:35:215:35:215:39":18,"f:215:43:215:44":11,"s:216:10:224:Infinity":73,"b:217:14:223:Infinity:224:14:224:Infinity":19,"b:219:44:219:55:219:55:219:Infinity":20,"b:221:20:221:Infinity:222:20:222:Infinity":21,"b:221:27:221:60:221:60:221:91":22,"b:221:71:221:89:221:89:221:90":23,"s:228:24:228:Infinity":74,"s:229:6:229:Infinity":75,"f:229:22:229:23":12,"s:229:33:229:66":76,"s:230:6:230:Infinity":77,"s:232:6:232:Infinity":78,"s:233:6:233:Infinity":79,"s:235:6:235:Infinity":80,"s:239:26:265:Infinity":81,"f:239:26:239:33":13,"s:240:4:240:Infinity":82,"s:241:4:241:Infinity":83,"s:243:4:264:Infinity":84,"s:244:23:244:Infinity":85,"s:245:6:250:Infinity":86,"f:245:22:245:23":14,"s:245:33:250:8":87,"b:247:19:247:35:247:35:247:39":24,"f:247:43:247:44":15,"s:248:10:248:Infinity":88,"b:248:34:248:76:248:76:248:Infinity":25,"s:252:6:256:Infinity":89,"f:252:21:252:22":16,"s:253:21:253:Infinity":90,"s:254:8:254:Infinity":91,"s:255:8:255:Infinity":92,"s:258:6:258:Infinity":93,"s:260:6:260:Infinity":94,"s:261:6:261:Infinity":95,"s:263:6:263:Infinity":96,"s:267:27:277:Infinity":97,"f:267:27:267:34":17,"s:268:21:268:Infinity":98,"b:268:21:268:48:268:48:268:Infinity":26,"s:269:19:269:Infinity":99,"b:271:4:274:Infinity:undefined:undefined:undefined:undefined":27,"s:271:4:274:Infinity":100,"b:271:8:271:36:271:36:271:48":28,"s:272:6:272:Infinity":101,"s:273:6:273:Infinity":102,"s:276:4:276:Infinity":103,"s:279:20:282:Infinity":104,"f:279:20:279:27":18,"s:280:25:280:Infinity":105,"s:281:4:281:Infinity":106,"s:284:26:287:Infinity":107,"f:284:26:284:33":19,"b:285:4:285:Infinity:undefined:undefined:undefined:undefined":29,"s:285:4:285:Infinity":108,"b:285:8:285:39:285:39:285:73":30,"s:285:73:285:Infinity":109,"s:286:4:286:Infinity":110,"s:289:28:296:Infinity":111,"f:289:28:289:29":20,"b:290:4:293:Infinity:undefined:undefined:undefined:undefined":31,"s:290:4:293:Infinity":112,"s:291:6:291:Infinity":113,"f:291:24:291:25":21,"s:291:35:291:67":114,"b:291:52:291:61:291:61:291:67":32,"s:292:6:292:Infinity":115,"s:294:4:294:Infinity":116,"s:295:4:295:Infinity":117,"s:299:8:311:Infinity":118,"f:299:41:299:47":22,"b:300:4:303:Infinity:undefined:undefined:undefined:undefined":33,"s:300:4:303:Infinity":119,"s:302:6:302:Infinity":120,"f:302:25:302:26":23,"s:302:32:302:35":121,"s:304:16:304:Infinity":122,"s:305:4:309:Infinity":123,"s:306:18:306:Infinity":124,"b:307:6:307:Infinity:undefined:undefined:undefined:undefined":34,"s:307:6:307:Infinity":125,"s:307:25:307:Infinity":126,"s:308:6:308:Infinity":127,"s:310:4:310:Infinity":128,"s:313:2:700:Infinity":129,"b:322:64:322:81:322:81:322:93":35,"f:324:25:324:31":24,"s:324:31:324:Infinity":130,"b:330:64:330:81:330:81:330:93":36,"f:332:25:332:31":25,"s:332:31:332:Infinity":131,"b:344:20:344:Infinity:345:20:345:Infinity":37,"f:348:24:348:25":26,"s:348:31:348:Infinity":132,"b:352:72:352:83:352:83:352:Infinity":38,"b:353:25:353:41:353:41:353:Infinity":39,"b:358:16:3
[...]
,"C:\\Users\\sarlo\\OneDrive\\Escritorio\\Proyectos\\Test-Netdecker\\frontend\\src\\services\\stores.ts": {"path":"C:\\Users\\sarlo\\OneDrive\\Escritorio\\Proyectos\\Test-Netdecker\\frontend\\src\\services\\stores.ts","statementMap":{"0":{"start":{"line":15,"column":14},"end":{"line":15,"column":null}},"1":{"start":{"line":16,"column":2},"end":{"line":16,"column":null}},"2":{"start":{"line":20,"column":14},"end":{"line":20,"column":null}},"3":{"start":{"line":21,"column":2},"end":{"line":21,"column":null}},"4":{"start":{"line":25,"column":14},"end":{"line":25,"column":null}},"5":{"start":{"line":27,"column":2},"end":{"line":27,"column":null}},"6":{"start":{"line":27,"column":50},"end":{"line":27,"column":null}},"7":{"start":{"line":28,"column":2},"end":{"line":28,"column":null}},"8":{"start":{"line":28,"column":31},"end":{"line":28,"column":null}},"9":{"start":{"line":29,"column":2},"end":{"line":29,"column":null}},"10":{"start":{"line":33,"column":14},"end":{"line":33,"column":null}},"11":{"start":{"line":34,"column":2},"end":{"line":34,"column":null}},"12":{"start":{"line":38,"column":14},"end":{"line":38,"column":null}},"13":{"start":{"line":39,"column":2},"end":{"line":39,"column":null}},"14":{"start":{"line":43,"column":14},"end":{"line":43,"column":null}},"15":{"start":{"line":44,"column":2},"end":{"line":44,"column":null}}},"fnMap":{"0":{"name":"createStore","decl":{"start":{"line":14,"column":22},"end":{"line":14,"column":34}},"loc":{"start":{"line":14,"column":75},"end":{"line":17,"column":null}},"line":14},"1":{"name":"updateStore","decl":{"start":{"line":19,"column":22},"end":{"line":19,"column":34}},"loc":{"start":{"line":19,"column":96},"end":{"line":22,"column":null}},"line":19},"2":{"name":"getStores","decl":{"start":{"line":24,"column":22},"end":{"line":24,"column":52}},"loc":{"start":{"line":24,"column":52},"end":{"line":30,"column":null}},"line":24},"3":{"name":"getStore","decl":{"start":{"line":32,"column":22},"end":{"line":32,"column":31}},"loc":{"start":{"line":32,"column":59},"end":{"line":35,"column":null}},"line":32},"4":{"name":"getStoreInventory","decl":{"start":{"line":37,"column":22},"end":{"line":37,"column":40}},"loc":{"start":{"line":37,"column":57},"end":{"line":40,"column":null}},"line":37},"5":{"name":"updateStoreInventory","decl":{"start":{"line":42,"column":22},"end":{"line":42,"column":43}},"loc":{"start":{"line":42,"column":97},"end":{"line":45,"column":null}},"line":42}},"branchMap":{"0":{"loc":{"start":{"line":16,"column":9},"end":{"line":16,"column":null}},"type":"binary-expr","locations":[{"start":{"line":16,"column":9},"end":{"line":16,"column":28}},{"start":{"line":16,"column":28},"end":{"line":16,"column":null}}],"line":16},"1":{"loc":{"start":{"line":21,"column":9},"end":{"line":21,"column":null}},"type":"binary-expr","locations":[{"start":{"line":21,"column":9},"end":{"line":21,"column":28}},{"start":{"line":21,"column":28},"end":{"line":21,"column":null}}],"line":21},"2":{"loc":{"start":{"line":27,"column":2},"end":{"line":27,"column":null}},"type":"if","locations":[{"start":{"line":27,"column":2},"end":{"line":27,"column":null}},{"start":{},"end":{}}],"line":27},"3":{"loc":{"start":{"line":27,"column":6},"end":{"line":27,"column":50}},"type":"binary-expr","locations":[{"start":{"line":27,"column":6},"end":{"line":27,"column":18}},{"start":{"line":27,"column":18},"end":{"line":27,"column":50}}],"line":27},"4":{"loc":{"start":{"line":28,"column":2},"end":{"line":28,"column":null}},"type":"if","locations":[{"start":{"line":28,"column":2},"end":{"line":28,"column":null}},{"start":{},"end":{}}],"line":28}},"s":{"0":1,"1":1,"2":1,"3":1,"4":1,"5":1,"6":0,"7":1,"8":1,"9":0,"10":1,"11":1,"12":0,"13":0,"14":0,"15":0},"f":{"0":1,"1":1,"2":1,"3":1,"4":0,"5":0},"b":{"0":[1,1],"1":[1,1],"2":[0,1],"3":[1,1],"4":[1,0]},"meta":{"lastBranch":5,"lastFunction":6,"lastStatement":16,"seen":{"f:14:22:14:34":0,"s:15:14:15:Infinity":0,"s:16:2:16:Infinity":1,"b:16:9:16:28:16:28:16:Infinity":0,"f:19:22:19:34":1,"s:20:14:20:Infinity":2,"s:21:2:21:Infinity":3,"b:21:9:21:28:21:28:21:Infinity":1,"f:24:22:24:52":2,"s:25:14:25:Infinity":4,"b:27:2:27:Infinity:undefined:undefined:undefined:undefined":2,"s:27:2:27:Infinity":5,"b:27:6:27:18:27:18:27:50":3,"s:27:50:27:Infinity":6,"b:28:2:28:Infinity:undefined:undefined:undefined:undefined":4,"s:28:2:28:Infinity":7,"s:28:31:28:Infinity":8,"s:29:2:29:Infinity":9,"f:32:22:32:31":3,"s:33:14:33:Infinity":10,"s:34:2:34:Infinity":11,"f:37:22:37:40":4,"s:38:14:38:Infinity":12,"s:39:2:39:Infinity":13,"f:42:22:42:43":5,"s:43:14:43:Infinity":14,"s:44:2:44:Infinity":15}}}
,"C:\\Users\\sarlo\\OneDrive\\Escritorio\\Proyectos\\Test-Netdecker\\frontend\\src\\utils\\cardIdentifier.ts": {"path":"C:\\Users\\sarlo\\OneDrive\\Escritorio\\Proyectos\\Test-Netdecker\\frontend\\src\\utils\\cardIdentifier.ts","statementMap":{"0":{"start":{"line":9,"column":2},"end":{"line":9,"column":null}},"1":{"start":{"line":13,"column":2},"end":{"line":13,"column":null}},"2":{"start":{"line":18,"column":2},"end":{"line":18,"column":null}},"3":{"start":{"line":22,"column":15},"end":{"line":22,"column":null}},"4":{"start":{"line":23,"column":2},"end":{"line":23,"column":null}},"5":{"start":{"line":23,"column":13},"end":{"line":23,"column":null}},"6":{"start":{"line":26,"column":17},"end":{"line":26,"column":null}},"7":{"start":{"line":27,"column":2},"end":{"line":29,"column":null}},"8":{"start":{"line":28,"column":4},"end":{"line":28,"column":null}},"9":{"start":{"line":32,"column":2},"end":{"line":34,"column":null}},"10":{"start":{"line":33,"column":4},"end":{"line":33,"column":null}},"11":{"start":{"line":36,"column":2},"end":{"line":36,"column":null}},"12":{"start":{"line":40,"column":13},"end":{"line":40,"column":null}},"13":{"start":{"line":41,"column":2},"end":{"line":41,"column":null}},"14":{"start":{"line":41,"column":13},"end":{"line":41,"column":null}},"15":{"start":{"line":44,"column":2},"end":{"line":44,"column":null}},"16":{"start":{"line":47,"column":2},"end":{"line":47,"column":null}},"17":{"start":{"line":49,"column":17},"end":{"line":49,"column":null}},"18":{"start":{"line":49,"column":48},"end":{"line":49,"column":60}},"19":{"start":{"line":52,"column":2},"end":{"line":54,"column":null}},"20":{"start":{"line":53,"column":4},"end":{"line":53,"column":null}},"21":{"start":{"line":57,"column":2},"end":{"line":59,"column":null}},"22":{"start":{"line":58,"column":4},"end":{"line":58,"column":null}},"23":{"start":{"line":62,"column":2},"end":{"line":70,"column":null}},"24":{"start":{"line":63,"column":18},"end":{"line":63,"column":null}},"25":{"start":{"line":64,"column":19},"end":{"line":64,"column":null}},"26":{"start":{"line":65,"column":18},"end":{"line":65,"column":null}},"27":{"start":{"line":66,"column":28},"end":{"line":66,"column":null}},"28":{"start":{"line":67,"column":4},"end":{"line":69,"column":null}},"29":{"start":{"line":68,"column":6},"end":{"line":68,"column":null}},"30":{"start":{"line":72,"column":2},"end":{"line":72,"column":null}},"31":{"start":{"line":76,"column":22},"end":{"line":76,"column":null}},"32":{"start":{"line":77,"column":19},"end":{"line":77,"column":null}},"33":{"start":{"line":78,"column":21},"end":{"line":78,"column":null}},"34":{"start":{"line":79,"column":23},"end":{"line":79,"column":null}},"35":{"start":{"line":81,"column":2},"end":{"line":83,"column":null}},"36":{"start":{"line":82,"column":4},"end":{"line":82,"column":null}},"37":{"start":{"line":85,"column":2},"end":{"line":87,"column":null}},"38":{"start":{"line":86,"column":4},"end":{"line":86,"column":null}},"39":{"start":{"line":89,"column":2},"end":{"line":99,"column":null}},"40":{"start":{"line":90,"column":30},"end":{"line":90,"column":null}},"41":{"start":{"line":91,"column":29},"end":{"line":91,"column":null}},"42":{"start":{"line":94,"column":4},"end":{"line":96,"column":null}},"43":{"start":{"line":95,"column":6},"end":{"line":95,"column":null}},"44":{"start":{"line":98,"column":4},"end":{"line":98,"column":null}},"45":{"start":{"line":101,"column":2},"end":{"line":103,"column":null}},"46":{"start":{"line":102,"column":4},"end":{"line":102,"column":null}},"47":{"start":{"line":105,"column":2},"end":{"line":107,"column":null}},"48":{"start":{"line":106,"column":4},"end":{"line":106,"column":null}},"49":{"start":{"line":109,"column":2},"end":{"line":111,"column":null}},"50":{"start":{"line":110,"column":4},"end":{"line":110,"column":null}},"51":{"start":{"line":113,"column":2},"end":{"line":113,"column":null}}},"fnMap":{"0":{"name":"clean","decl":{"start":{"line":8,"column":9},"end":{"line":8,"column":15}},"loc":{"start":{"line":8,"column":46},"end":{"line":10,"column":null}},"line":8},"1":{"name":"normalizeToken","decl":{"start":{"line":12,"column":9},"end":{"line":12,"column":24}},"loc":{"start":{"line":12,"column":47},"end":{"line":14,"column":null}},"line":12},"2":{"name":"looksLikeStructuredCode","decl":{"start":{"line":16,"column":9},"end":{"line":16,"column":33}},"loc":{"start":{"line":16,"column":57},"end":{"line":19,"column":null}},"line":16},"3":{"name":"extractCodeFromCardName","decl":{"start":{"line":21,"column":9},"end":{"line":21,"column":33}},"loc":{"start":{"line":21,"column":58},"end":{"line":37,"column":null}},"line":21},"4":{"name":"collapseDuplicatedCardCode","decl":{"start":{"line":39,"column":9},"end":{"line":39,"column":36}},"loc":{"start":{"line":39,"column":61},"end":{"line":73,"column":null}},"line":39},"5":{"name":"(anonymous_5)","decl":{"start":{"line":49,"column":37},"end":{"line":49,"column":38}},"loc":{"start":{"line":49,"column":48},"end":{"line":49,"column":60}},"line":49},"6":{"name":"formatInventoryIdentifier","decl":{"start":{"line":75,"column":16},"end":{"line":75,"column":42}},"loc":{"start":{"line":75,"column":74},"end":{"line":114,"column":null}},"line":75}},"branchMap":{"0":{"loc":{"start":{"line":9,"column":10},"end":{"line":9,"column":23}},"type":"binary-expr","locations":[{"start":{"line":9,"column":10},"end":{"line":9,"column":19}},{"start":{"line":9,"column":19},"end":{"line":9,"column":23}}],"line":9},"1":{"loc":{"start":{"line":18,"column":9},"end":{"line":18,"column":null}},"type":"binary-expr","locations":[{"start":{"line":18,"column":9},"end":{"line":18,"column":32}},{"start":{"line":18,"column":32},"end":{"line":18,"column":56}},{"start":{"line":18,"column":56},"end":{"line":18,"column":null}}],"line":18},"2":{"loc":{"start":{"line":23,"column":2},"end":{"line":23,"column":null}},"type":"if","locations":[{"start":{"line":23,"column":2},"end":{"line":23,"column":null}},{"start":{},"end":{}}],"line":23},"3":{"loc":{"start":{"line":27,"column":2},"end":{"line":29,"column":null}},"type":"if","locations":[{"start":{"line":27,"column":2},"end":{"line":29,"column":null}},{"start":{},"end":{}}],"line":27},"4":{"loc":{"start":{"line":32,"column":2},"end":{"line":34,"column":null}},"type":"if","locations":[{"start":{"line":32,"column":2},"end":{"line":34,"column":null}},{"start":{},"end":{}}],"line":32},"5":{"loc":{"start":{"line":32,"column":6},"end":{"line":32,"column":58}},"type":"binary-expr","locations":[{"start":{"line":32,"column":6},"end":{"line":32,"column":39}},{"start":{"line":32,"column":39},"end":{"line":32,"column":58}}],"line":32},"6":{"loc":{"start":{"line":41,"column":2},"end":{"line":41,"column":null}},"type":"if","locations":[{"start":{"line":41,"column":2},"end":{"line":41,"column":null}},{"start":{},"end":{}}],"line":41},"7":{"loc":{"start":{"line":52,"column":2},"end":{"line":54,"column":null}},"type":"if","locations":[{"start":{"line":52,"column":2},"end":{"line":54,"column":null}},{"start":{},"end":{}}],"line":52},"8":{"loc":{"start":{"line":52,"column":6},"end":{"line":52,"column":85}},"type":"binary-expr","locations":[{"start":{"line":52,"column":6},"end":{"line":52,"column":28}},{"start":{"line":52,"column":28},"end":{"line":52,"column":85}}],"line":52},"9":{"loc":{"start":{"line":57,"column":2},"end":{"line":59,"column":null}},"type":"if","locations":[{"start":{"line":57,"column":2},"end":{"line":59,"column":null}},{"start":{},"end":{}}],"line":57},"10":{"loc":{"start":{"line":57,"column":6},"end":{"line":57,"column":93}},"type":"binary-expr","locations":[{"start":{"line":57,"column":6},"end":{"line":57,"column":28}},{"start":{"line":57,"column":28},"end":{"line":57,"column":93}}],"line":57},"11":{"loc":{"start":{"line":62,"column":2},"end":{"line":70,"column":null}},"type":"if","locations":[{"start":{"line":62,"column":2},"end":{"line":70,"column":null}},{"start":{},"end":{}}],"line":62},"12":{"loc":{"start":{"line":67,"column":4},"end":{"line":69,"column":null}},"type":"if","locations":[{"start":{"line":67,"column":4},"end":{"line":69,"column":null}},{"start":{},"end":{}}],"line":67},"13":{"loc":{"start":{"line":67,"column":8},"end":{"line":67,"column":61}},"type":"binary-expr","locations":[{"start":{"line":67,"column":8},"end":{"line":67,"column":17}},{"start":{"line":67,"column":17},"end":{"line":67,"column":36}},{"start":{"line":67,"column":36},"end":{"line":67,"column":61}}],"line":67},"14":{"loc":{"start":{"line":81,"column":2},"end":{"line":83,"column":null}},"type":"if","locations":[{"start":{"line":81,"column":2},"end":{"line":83,"column":null}},{"start":{},"end":{}}],"line":81},"15":{"loc":{"start":{"line":81,"column":6},"end":{"line":81,"column":53}},"type":"binary-expr","locations":[{"start":{"line":81,"column":6},"end":{"line":81,"column":18}},{"start":{"line":81,"column":18},"end":{"line":81,"column":53}}],"line":81},"16":{"loc":{"start":{"line":85,"column":2},"end":{"line":87,"column":null}},"type":"if","locations":[{"start":{"line":85,"column":2},"end":{"line":87,"column":null}},{"start":{},"end":{}}],"line":85},"17":{"loc":{"start":{"line":85,"column":6},"end":{"line":85,"column":61}},"type":"binary-expr","locations":[{"start":{"line":85,"column":6},"end":{"line":85,"column":22}},{"start":{"line":85,"column":22},"end":{"line":85,"column":61}}],"line":85},"18":{"loc":{"start":{"line":89,"column":2},"end":{"line":99,"column":null}},"type":"if","locations":[{"start":{"line":89,"column":2},"end":{"line":99,"column":null}},{"start":{},"end":{}}],"line":89},"19":{"loc":{"start":{"line":89,"column":6},"end":{"line":89,"column":33}},"type":"binary-expr","locations":[{"start":{"line":89,"column":6},"end":{"line":89,"column":20}},{"start":{"line":89,"column":20},"end":{"line":89,"column":33}}],"line":89},"20":{"loc":{"start":{"line":94,"column":4},"end":{"line":96,"column":null}},"type":"if","locations":[{"start":{"line":94,"column":4},"end":{"line":96,"column":null}},{"start":{},"end":{}}],"line":94},"21":{"loc":{"start":{"line":94,"column":8},"end":{"line":94,"column":77}},"type":"binary-expr","locations":[{"start":{"line":94,"column":8},"end":{"line":94,"column":29}},{"start":{"line":94,"column":29},"end":{"line":94,"column":77}}],"line":94},"22":{"loc":{"start":{"line":101,"column":2},"end":{"line":103,"column":null}},"type":"if","locations":[{"start":{"line":101,"column":2},"end":{"line":103,"column":null}},{"start":{},"end":{}}],"line":101},"23":{"loc":{"start":{"line":105,"column":2},"end":{"line":107,"column":null}},"type":"if","locations":[{"start":{"line":105,"column":2},"end":{"line":107,"column":null}},{"start":{},"end":{}}],"line":105},"24":{"loc":{"start":{"line":109,"column":2},"end":{"line":111,"column":null}},"type":"if","locations":[{"start":{"line":109,"column":2},"end":{"line":111,"column":null}},{"start":{},"end":{}}],"line":109}},"s":{"0":344,"1":18,"2":167,"3":86,"4":86,"5":5,"6":81,"7":81,"8":1,"9":80,"10":0,"11":80,"12":172,"13":172,"14":85,"15":87,"16":87,"17":87,"18":179,"19":87,"20":2,"21":85,"22":0,"23":85,"24":2,"25":2,"26":2,"27":2,"28":2,"29":2,"30":83,"31":86,"32":86,"33":86,"34":86,"35":86,"36":85,"37":1,"38":1,"39":0,"40":0,"41":0,"42":0,"43":0,"44":0,"45":0,"46":0,"47":0,"48":0,"49":0,"50":0,"51":0},"f":{"0":344,"1":18,"2":167,"3":86,"4":172,"5":179,"6":86},"b":{"0":[344,122],"1":[167,81,80],"2":[5,81],"3":[1,80],"4":[0,80],"5":[80,0],"6":[85,87],"7":[2,85],"8":[87,4],"9":[0,85],"10":[85,2],"11":[2,83],"12":[2,0],"13":[2,2,2],"14":[85,1],"15":[86,86],"16":[1,0],"17":[1,1],"18":[0,0],"19":[0,0],"20":[0,0],"21":[0,0],"22":[0,0],"23":[0,0],"24":[0,0]},"meta":{"lastBranch":25,"lastFunction":7,"lastStatement":52,"seen":{"f:8:9:8:15":0,"s:9:2:9:Infinity":0,"b:9:10:9:19:9:19:9:23":0,"f:12:9:12:24":1,"s:13:2:13:Infinity":1,"f:16:9:16:33":2,"s:18:2:18:Infinity":2,"b:18:9:18:32:18:32:18:56:18:56:18:Infinity":1,"f:21:9:21:33":3,"s:22:15:22:Infinity":3,"b:23:2:23:Infinity:undefined:undefined:undefined:undefined":2,"s:23:2:23:Infinity":4,"s:23:13:23:Infinity":5,"s:26:17:26:Infinity":6,"b:27:2:29:Infinity:undefined:undefined:undefined:undefined":3,"s:27:2:29:Infinity":7,"s:28:4:28:Infinity":8,"b:32:2:34:Infinity:undefined:undefined:undefined:undefined":4,"s:32:2:34:Infinity":9,"b:32:6:32:39:32:39:32:58":5,"s:33:4:33:Infinity":10,"s:36:2:36:Infinity":11,"f:39:9:39:36":4,"s:40:13:40:Infinity":12,"b:41:2:41:Infinity:undefined:undefined:undefined:undefined":6,"s:41:2:41:Infinity":13,"s:41:13:41:Infinity":14,"s:44:2:44:Infinity":15,"s:47:2:47:Infinity":16,"s:49:17:49:Infinity":17,"f:49:37:49:38":5,"s:49:48:49:60":18,"b:52:2:54:Infinity:undefined:undefined:undefined:undefined":7,"s:52:2:54:Infinity":19,"b:52:6:52:28:52:28:52:85":8,"s:53:4:53:Infinity":20,"b:57:2:59:Infinity:undefined:undefined:undefined:undefined":9,"s:57:2:59:Infinity":21,"b:57:6:57:28:57:28:57:93":10,"s:58:4:58:Infinity":22,"b:62:2:70:Infinity:undefined:undefined:undefined:undefined":11,"s:62:2:70:Infinity":23,"s:63:18:63:Infinity":24,"s:64:19:64:Infinity":25,"s:65:18:65:Infinity":26,"s:66:28:66:Infinity":27,"b:67:4:69:Infinity:undefined:undefined:undefined:undefined":12,"s:67:4:69:Infinity":28,"b:67:8:67:17:67:17:67:36:67:36:67:61":13,"s:68:6:68:Infinity":29,"s:72:2:72:Infinity":30,"f:75:16:75:42":6,"s:76:22:76:Infinity":31,"s:77:19:77:Infinity":32,"s:78:21:78:Infinity":33,"s:79:23:79:Infinity":34,"b:81:2:83:Infinity:undefined:undefined:undefined:undefined":14,"s:81:2:83:Infinity":35,"b:81:6:81:18:81:18:81:53":15,"s:82:4:82:Infinity":36,"b:85:2:87:Infinity:undefined:undefined:undefined:undefined":16,"s:85:2:87:Infinity":37,"b:85:6:85:22:85:22:85:61":17,"s:86:4:86:Infinity":38,"b:89:2:99:Infinity:undefined:undefined:undefined:undefined":18,"s:89:2:99:Infinity":39,"b:89:6:89:20:89:20:89:33":19,"s:90:30:90:Infinity":40,"s:91:29:91:Infinity":41,"b:94:4:96:Infinity:undefined:undefined:undefined:undefined":20,"s:94:4:96:Infinity":42,"b:94:8:94:29:94:29:94:77":21,"s:95:6:95:Infinity":43,"s:98:4:98:Infinity":44,"b:101:2:103:Infinity:undefined:undefined:undefined:undefined":22,"s:101:2:103:Infinity":45,"s:102:4:102:Infinity":46,"b:105:2:107:Infinity:undefined:undefined:undefined:undefined":23,"s:105:2:107:Infinity":47,"s:106:4:106:Infinity":48,"b:109:2:111:Infinity:undefined:undefined:undefined:undefined":24,"s:109:2:111:Infinity":49,"s:110:4:110:Infinity":50,"s:113:2:113:Infinity":51}}}
}
