{"C:\\Users\\sarlo\\OneDrive\\Escritorio\\Proyectos\\Test-Netdecker\\frontend\\src\\components\\StoreForm.tsx": {"path":"C:\\Users\\sarlo\\OneDrive\\Escritorio\\Proyectos\\Test-Netdecker\\frontend\\src\\components\\StoreForm.tsx","statementMap":{"0":{"start":{"line":11,"column":35},"end":{"line":102,"column":null}},"1":{"start":{"line":12,"column":22},"end":{"line":12,"column":null}},"2":{"start":{"line":13,"column":22},"end":{"line":13,"column":null}},"3":{"start":{"line":14,"column":36},"end":{"line":14,"column":null}},"4":{"start":{"line":15,"column":30},"end":{"line":15,"column":null}},"5":{"start":{"line":16,"column":28},"end":{"line":16,"column":null}},"6":{"start":{"line":17,"column":26},"end":{"line":17,"column":null}},"7":{"start":{"line":18,"column":24},"end":{"line":18,"column":null}},"8":{"start":{"line":19,"column":46},"end":{"line":19,"column":null}},"9":{"start":{"line":21,"column":2},"end":{"line":27,"column":null}},"10":{"start":{"line":22,"column":4},"end":{"line":22,"column":null}},"11":{"start":{"line":23,"column":4},"end":{"line":23,"column":null}},"12":{"start":{"line":24,"column":4},"end":{"line":24,"column":null}},"13":{"start":{"line":25,"column":4},"end":{"line":25,"column":null}},"14":{"start":{"line":26,"column":4},"end":{"line":26,"column":null}},"15":{"start":{"line":29,"column":23},"end":{"line":58,"column":null}},"16":{"start":{"line":30,"column":4},"end":{"line":30,"column":null}},"17":{"start":{"line":31,"column":4},"end":{"line":31,"column":null}},"18":{"start":{"line":32,"column":4},"end":{"line":32,"column":null}},"19":{"start":{"line":33,"column":4},"end":{"line":33,"column":null}},"20":{"start":{"line":35,"column":43},"end":{"line":35,"column":null}},"21":{"start":{"line":36,"column":4},"end":{"line":36,"column":null}},"22":{"start":{"line":36,"column":41},"end":{"line":36,"column":null}},"23":{"start":{"line":37,"column":4},"end":{"line":37,"column":null}},"24":{"start":{"line":37,"column":41},"end":{"line":37,"column":null}},"25":{"start":{"line":38,"column":4},"end":{"line":38,"column":null}},"26":{"start":{"line":38,"column":43},"end":{"line":38,"column":null}},"27":{"start":{"line":39,"column":4},"end":{"line":39,"column":null}},"28":{"start":{"line":39,"column":82},"end":{"line":39,"column":null}},"29":{"start":{"line":41,"column":4},"end":{"line":45,"column":null}},"30":{"start":{"line":42,"column":6},"end":{"line":42,"column":null}},"31":{"start":{"line":43,"column":6},"end":{"line":43,"column":null}},"32":{"start":{"line":44,"column":6},"end":{"line":44,"column":null}},"33":{"start":{"line":47,"column":4},"end":{"line":57,"column":null}},"34":{"start":{"line":48,"column":27},"end":{"line":48,"column":null}},"35":{"start":{"line":49,"column":6},"end":{"line":49,"column":null}},"36":{"start":{"line":49,"column":26},"end":{"line":49,"column":null}},"37":{"start":{"line":51,"column":18},"end":{"line":51,"column":null}},"38":{"start":{"line":52,"column":6},"end":{"line":52,"column":null}},"39":{"start":{"line":52,"column":19},"end":{"line":52,"column":null}},"40":{"start":{"line":54,"column":6},"end":{"line":54,"column":null}},"41":{"start":{"line":56,"column":6},"end":{"line":56,"column":null}},"42":{"start":{"line":60,"column":2},"end":{"line":100,"column":null}},"43":{"start":{"line":65,"column":55},"end":{"line":65,"column":80}},"44":{"start":{"line":70,"column":55},"end":{"line":70,"column":80}},"45":{"start":{"line":75,"column":69},"end":{"line":75,"column":101}},"46":{"start":{"line":79,"column":63},"end":{"line":79,"column":92}},"47":{"start":{"line":88,"column":27},"end":{"line":88,"column":null}}},"fnMap":{"0":{"name":"(anonymous_0)","decl":{"start":{"line":11,"column":35},"end":{"line":11,"column":36}},"loc":{"start":{"line":11,"column":75},"end":{"line":102,"column":null}},"line":11},"1":{"name":"(anonymous_1)","decl":{"start":{"line":21,"column":12},"end":{"line":21,"column":18}},"loc":{"start":{"line":21,"column":18},"end":{"line":27,"column":5}},"line":21},"2":{"name":"(anonymous_2)","decl":{"start":{"line":29,"column":23},"end":{"line":29,"column":30}},"loc":{"start":{"line":29,"column":53},"end":{"line":58,"column":null}},"line":29},"3":{"name":"(anonymous_3)","decl":{"start":{"line":65,"column":48},"end":{"line":65,"column":49}},"loc":{"start":{"line":65,"column":55},"end":{"line":65,"column":80}},"line":65},"4":{"name":"(anonymous_4)","decl":{"start":{"line":70,"column":48},"end":{"line":70,"column":49}},"loc":{"start":{"line":70,"column":55},"end":{"line":70,"column":80}},"line":70},"5":{"name":"(anonymous_5)","decl":{"start":{"line":75,"column":62},"end":{"line":75,"column":63}},"loc":{"start":{"line":75,"column":69},"end":{"line":75,"column":101}},"line":75},"6":{"name":"(anonymous_6)","decl":{"start":{"line":79,"column":56},"end":{"line":79,"column":57}},"loc":{"start":{"line":79,"column":63},"end":{"line":79,"column":92}},"line":79},"7":{"name":"(anonymous_7)","decl":{"start":{"line":88,"column":20},"end":{"line":88,"column":21}},"loc":{"start":{"line":88,"column":27},"end":{"line":88,"column":null}},"line":88}},"branchMap":{"0":{"loc":{"start":{"line":12,"column":35},"end":{"line":12,"column":58}},"type":"binary-expr","locations":[{"start":{"line":12,"column":35},"end":{"line":12,"column":56}},{"start":{"line":12,"column":56},"end":{"line":12,"column":58}}],"line":12},"1":{"loc":{"start":{"line":13,"column":35},"end":{"line":13,"column":58}},"type":"binary-expr","locations":[{"start":{"line":13,"column":35},"end":{"line":13,"column":56}},{"start":{"line":13,"column":56},"end":{"line":13,"column":58}}],"line":13},"2":{"loc":{"start":{"line":14,"column":49},"end":{"line":14,"column":79}},"type":"binary-expr","locations":[{"start":{"line":14,"column":49},"end":{"line":14,"column":77}},{"start":{"line":14,"column":77},"end":{"line":14,"column":79}}],"line":14},"3":{"loc":{"start":{"line":15,"column":43},"end":{"line":15,"column":70}},"type":"binary-expr","locations":[{"start":{"line":15,"column":43},"end":{"line":15,"column":68}},{"start":{"line":15,"column":68},"end":{"line":15,"column":70}}],"line":15},"4":{"loc":{"start":{"line":16,"column":54},"end":{"line":16,"column":80}},"type":"binary-expr","locations":[{"start":{"line":16,"column":54},"end":{"line":16,"column":78}},{"start":{"line":16,"column":78},"end":{"line":16,"column":80}}],"line":16},"5":{"loc":{"start":{"line":22,"column":12},"end":{"line":22,"column":35}},"type":"binary-expr","locations":[{"start":{"line":22,"column":12},"end":{"line":22,"column":33}},{"start":{"line":22,"column":33},"end":{"line":22,"column":35}}],"line":22},"6":{"loc":{"start":{"line":23,"column":12},"end":{"line":23,"column":35}},"type":"binary-expr","locations":[{"start":{"line":23,"column":12},"end":{"line":23,"column":33}},{"start":{"line":23,"column":33},"end":{"line":23,"column":35}}],"line":23},"7":{"loc":{"start":{"line":24,"column":19},"end":{"line":24,"column":49}},"type":"binary-expr","locations":[{"start":{"line":24,"column":19},"end":{"line":24,"column":47}},{"start":{"line":24,"column":47},"end":{"line":24,"column":49}}],"line":24},"8":{"loc":{"start":{"line":25,"column":16},"end":{"line":25,"column":43}},"type":"binary-expr","locations":[{"start":{"line":25,"column":16},"end":{"line":25,"column":41}},{"start":{"line":25,"column":41},"end":{"line":25,"column":43}}],"line":25},"9":{"loc":{"start":{"line":26,"column":15},"end":{"line":26,"column":41}},"type":"binary-expr","locations":[{"start":{"line":26,"column":15},"end":{"line":26,"column":39}},{"start":{"line":26,"column":39},"end":{"line":26,"column":41}}],"line":26},"10":{"loc":{"start":{"line":36,"column":4},"end":{"line":36,"column":null}},"type":"if","locations":[{"start":{"line":36,"column":4},"end":{"line":36,"column":null}},{"start":{},"end":{}}],"line":36},"11":{"loc":{"start":{"line":36,"column":8},"end":{"line":36,"column":41}},"type":"binary-expr","locations":[{"start":{"line":36,"column":8},"end":{"line":36,"column":17}},{"start":{"line":36,"column":17},"end":{"line":36,"column":41}}],"line":36},"12":{"loc":{"start":{"line":37,"column":4},"end":{"line":37,"column":null}},"type":"if","locations":[{"start":{"line":37,"column":4},"end":{"line":37,"column":null}},{"start":{},"end":{}}],"line":37},"13":{"loc":{"start":{"line":37,"column":8},"end":{"line":37,"column":41}},"type":"binary-expr","locations":[{"start":{"line":37,"column":8},"end":{"line":37,"column":17}},{"start":{"line":37,"column":17},"end":{"line":37,"column":41}}],"line":37},"14":{"loc":{"start":{"line":38,"column":4},"end":{"line":38,"column":null}},"type":"if","locations":[{"start":{"line":38,"column":4},"end":{"line":38,"column":null}},{"start":{},"end":{}}],"line":38},"15":{"loc":{"start":{"line":38,"column":8},"end":{"line":38,"column":43}},"type":"binary-expr","locations":[{"start":{"line":38,"column":8},"end":{"line":38,"column":20}},{"start":{"line":38,"column":20},"end":{"line":38,"column":43}}],"line":38},"16":{"loc":{"start":{"line":39,"column":4},"end":{"line":39,"column":null}},"type":"if","locations":[{"start":{"line":39,"column":4},"end":{"line":39,"column":null}},{"start":{},"end":{}}],"line":39},"17":{"loc":{"start":{"line":39,"column":8},"end":{"line":39,"column":82}},"type":"binary-expr","locations":[{"start":{"line":39,"column":8},"end":{"line":39,"column":27}},{"start":{"line":39,"column":27},"end":{"line":39,"column":60}},{"start":{"line":39,"column":60},"end":{"line":39,"column":82}}],"line":39},"18":{"loc":{"start":{"line":41,"column":4},"end":{"line":45,"column":null}},"type":"if","locations":[{"start":{"line":41,"column":4},"end":{"line":45,"column":null}},{"start":{},"end":{}}],"line":41},"19":{"loc":{"start":{"line":49,"column":6},"end":{"line":49,"column":null}},"type":"if","locations":[{"start":{"line":49,"column":6},"end":{"line":49,"column":null}},{"start":{},"end":{}}],"line":49},"20":{"loc":{"start":{"line":51,"column":18},"end":{"line":51,"column":null}},"type":"cond-expr","locations":[{"start":{"line":51,"column":36},"end":{"line":51,"column":81}},{"start":{"line":51,"column":81},"end":{"line":51,"column":null}}],"line":51},"21":{"loc":{"start":{"line":52,"column":6},"end":{"line":52,"column":null}},"type":"if","locations":[{"start":{"line":52,"column":6},"end":{"line":52,"column":null}},{"start":{},"end":{}}],"line":52},"22":{"loc":{"start":{"line":54,"column":15},"end":{"line":54,"column":44}},"type":"binary-expr","locations":[{"start":{"line":54,"column":15},"end":{"line":54,"column":31}},{"start":{"line":54,"column":31},"end":{"line":54,"column":44}}],"line":54},"23":{"loc":{"start":{"line":62,"column":7},"end":{"line":62,"column":null}},"type":"binary-expr","locations":[{"start":{"line":62,"column":7},"end":{"line":62,"column":16}},{"start":{"line":62,"column":16},"end":{"line":62,"column":null}}],"line":62},"24":{"loc":{"start":{"line":66,"column":9},"end":{"line":66,"column":null}},"type":"binary-expr","locations":[{"start":{"line":66,"column":9},"end":{"line":66,"column":34}},{"start":{"line":66,"column":34},"end":{"line":66,"column":null}}],"line":66},"25":{"loc":{"start":{"line":71,"column":9},"end":{"line":71,"column":null}},"type":"binary-expr","locations":[{"start":{"line":71,"column":9},"end":{"line":71,"column":34}},{"start":{"line":71,"column":34},"end":{"line":71,"column":null}}],"line":71},"26":{"loc":{"start":{"line":80,"column":9},"end":{"line":80,"column":null}},"type":"binary-expr","locations":[{"start":{"line":80,"column":9},"end":{"line":80,"column":38}},{"start":{"line":80,"column":38},"end":{"line":80,"column":null}}],"line":80},"27":{"loc":{"start":{"line":88,"column":38},"end":{"line":88,"column":89}},"type":"cond-expr","locations":[{"start":{"line":88,"column":62},"end":{"line":88,"column":67}},{"start":{"line":88,"column":67},"end":{"line":88,"column":89}}],"line":88},"28":{"loc":{"start":{"line":90,"column":9},"end":{"line":90,"column":null}},"type":"binary-expr","locations":[{"start":{"line":90,"column":9},"end":{"line":90,"column":37}},{"start":{"line":90,"column":37},"end":{"line":90,"column":null}}],"line":90},"29":{"loc":{"start":{"line":93,"column":49},"end":{"line":93,"column":79}},"type":"cond-expr","locations":[{"start":{"line":93,"column":58},"end":{"line":93,"column":72}},{"start":{"line":93,"column":72},"end":{"line":93,"column":79}}],"line":93},"30":{"loc":{"start":{"line":94,"column":9},"end":{"line":97,"column":null}},"type":"binary-expr","locations":[{"start":{"line":94,"column":9},"end":{"line":94,"column":null}},{"start":{"line":95,"column":10},"end":{"line":97,"column":null}}],"line":94}},"s":{"0":2,"1":16,"2":16,"3":16,"4":16,"5":16,"6":16,"7":16,"8":16,"9":16,"10":3,"11":3,"12":3,"13":3,"14":3,"15":16,"16":3,"17":3,"18":3,"19":3,"20":3,"21":3,"22":1,"23":3,"24":1,"25":3,"26":0,"27":3,"28":0,"29":3,"30":1,"31":1,"32":1,"33":2,"34":2,"35":2,"36":0,"37":2,"38":2,"39":2,"40":0,"41":2,"42":16,"43":2,"44":2,"45":0,"46":2,"47":0},"f":{"0":16,"1":3,"2":3,"3":2,"4":2,"5":0,"6":2,"7":0},"b":{"0":[16,16],"1":[16,16],"2":[16,16],"3":[16,16],"4":[16,16],"5":[3,3],"6":[3,3],"7":[3,3],"8":[3,3],"9":[3,3],"10":[1,2],"11":[3,2],"12":[1,2],"13":[3,2],"14":[0,3],"15":[3,2],"16":[0,3],"17":[3,0,0],"18":[1,2],"19":[0,2],"20":[0,2],"21":[2,0],"22":[0,0],"23":[16,0],"24":[16,2],"25":[16,2],"26":[16,0],"27":[0,0],"28":[16,0],"29":[2,14],"30":[16,6]},"meta":{"lastBranch":31,"lastFunction":8,"lastStatement":48,"seen":{"s:11:35:102:Infinity":0,"f:11:35:11:36":0,"s:12:22:12:Infinity":1,"b:12:35:12:56:12:56:12:58":0,"s:13:22:13:Infinity":2,"b:13:35:13:56:13:56:13:58":1,"s:14:36:14:Infinity":3,"b:14:49:14:77:14:77:14:79":2,"s:15:30:15:Infinity":4,"b:15:43:15:68:15:68:15:70":3,"s:16:28:16:Infinity":5,"b:16:54:16:78:16:78:16:80":4,"s:17:26:17:Infinity":6,"s:18:24:18:Infinity":7,"s:19:46:19:Infinity":8,"s:21:2:27:Infinity":9,"f:21:12:21:18":1,"s:22:4:22:Infinity":10,"b:22:12:22:33:22:33:22:35":5,"s:23:4:23:Infinity":11,"b:23:12:23:33:23:33:23:35":6,"s:24:4:24:Infinity":12,"b:24:19:24:47:24:47:24:49":7,"s:25:4:25:Infinity":13,"b:25:16:25:41:25:41:25:43":8,"s:26:4:26:Infinity":14,"b:26:15:26:39:26:39:26:41":9,"s:29:23:58:Infinity":15,"f:29:23:29:30":2,"s:30:4:30:Infinity":16,"s:31:4:31:Infinity":17,"s:32:4:32:Infinity":18,"s:33:4:33:Infinity":19,"s:35:43:35:Infinity":20,"b:36:4:36:Infinity:undefined:undefined:undefined:undefined":10,"s:36:4:36:Infinity":21,"b:36:8:36:17:36:17:36:41":11,"s:36:41:36:Infinity":22,"b:37:4:37:Infinity:undefined:undefined:undefined:undefined":12,"s:37:4:37:Infinity":23,"b:37:8:37:17:37:17:37:41":13,"s:37:41:37:Infinity":24,"b:38:4:38:Infinity:undefined:undefined:undefined:undefined":14,"s:38:4:38:Infinity":25,"b:38:8:38:20:38:20:38:43":15,"s:38:43:38:Infinity":26,"b:39:4:39:Infinity:undefined:undefined:undefined:undefined":16,"s:39:4:39:Infinity":27,"b:39:8:39:27:39:27:39:60:39:60:39:82":17,"s:39:82:39:Infinity":28,"b:41:4:45:Infinity:undefined:undefined:undefined:undefined":18,"s:41:4:45:Infinity":29,"s:42:6:42:Infinity":30,"s:43:6:43:Infinity":31,"s:44:6:44:Infinity":32,"s:47:4:57:Infinity":33,"s:48:27:48:Infinity":34,"b:49:6:49:Infinity:undefined:undefined:undefined:undefined":19,"s:49:6:49:Infinity":35,"s:49:26:49:Infinity":36,"s:51:18:51:Infinity":37,"b:51:36:51:81:51:81:51:Infinity":20,"b:52:6:52:Infinity:undefined:undefined:undefined:undefined":21,"s:52:6:52:Infinity":38,"s:52:19:52:Infinity":39,"s:54:6:54:Infinity":40,"b:54:15:54:31:54:31:54:44":22,"s:56:6:56:Infinity":41,"s:60:2:100:Infinity":42,"b:62:7:62:16:62:16:62:Infinity":23,"f:65:48:65:49":3,"s:65:55:65:80":43,"b:66:9:66:34:66:34:66:Infinity":24,"f:70:48:70:49":4,"s:70:55:70:80":44,"b:71:9:71:34:71:34:71:Infinity":25,"f:75:62:75:63":5,"s:75:69:75:101":45,"f:79:56:79:57":6,"s:79:63:79:92":46,"b:80:9:80:38:80:38:80:Infinity":26,"f:88:20:88:21":7,"s:88:27:88:Infinity":47,"b:88:62:88:67:88:67:88:89":27,"b:90:9:90:37:90:37:90:Infinity":28,"b:93:58:93:72:93:72:93:79":29,"b:94:9:94:Infinity:95:10:97:Infinity":30}}}
,"C:\\Users\\sarlo\\OneDrive\\Escritorio\\Proyectos\\Test-Netdecker\\frontend\\src\\constants\\pricing.ts": {"path":"C:\\Users\\sarlo\\OneDrive\\Escritorio\\Proyectos\\Test-Netdecker\\frontend\\src\\constants\\pricing.ts","statementMap":{"0":{"start":{"line":1,"column":41},"end":{"line":1,"column":null}},"1":{"start":{"line":2,"column":36},"end":{"line":2,"column":null}},"2":{"start":{"line":5,"column":16},"end":{"line":5,"column":null}},"3":{"start":{"line":6,"column":2},"end":{"line":8,"column":null}},"4":{"start":{"line":7,"column":4},"end":{"line":7,"column":null}},"5":{"start":{"line":9,"column":2},"end":{"line":9,"column":null}}},"fnMap":{"0":{"name":"parsePositiveNumberInput","decl":{"start":{"line":4,"column":16},"end":{"line":4,"column":41}},"loc":{"start":{"line":4,"column":69},"end":{"line":10,"column":null}},"line":4}},"branchMap":{"0":{"loc":{"start":{"line":6,"column":2},"end":{"line":8,"column":null}},"type":"if","locations":[{"start":{"line":6,"column":2},"end":{"line":8,"column":null}},{"start":{},"end":{}}],"line":6},"1":{"loc":{"start":{"line":6,"column":6},"end":{"line":6,"column":45}},"type":"binary-expr","locations":[{"start":{"line":6,"column":6},"end":{"line":6,"column":33}},{"start":{"line":6,"column":33},"end":{"line":6,"column":45}}],"line":6}},"s":{"0":3,"1":3,"2":2,"3":2,"4":1,"5":1},"f":{"0":2},"b":{"0":[1,1],"1":[2,2]},"meta":{"lastBranch":2,"lastFunction":1,"lastStatement":6,"seen":{"s:1:41:1:Infinity":0,"s:2:36:2:Infinity":1,"f:4:16:4:41":0,"s:5:16:5:Infinity":2,"b:6:2:8:Infinity:undefined:undefined:undefined:undefined":0,"s:6:2:8:Infinity":3,"b:6:6:6:33:6:33:6:45":1,"s:7:4:7:Infinity":4,"s:9:2:9:Infinity":5}}}
,"C:\\Users\\sarlo\\OneDrive\\Escritorio\\Proyectos\\Test-Netdecker\\frontend\\src\\hooks\\useAsync.ts": {"path":"C:\\Users\\sarlo\\OneDrive\\Escritorio\\Proyectos\\Test-Netdecker\\frontend\\src\\hooks\\useAsync.ts","statementMap":{"0":{"start":{"line":7,"column":26},"end":{"line":7,"column":null}},"1":{"start":{"line":8,"column":22},"end":{"line":8,"column":null}},"2":{"start":{"line":9,"column":24},"end":{"line":9,"column":null}},"3":{"start":{"line":11,"column":18},"end":{"line":24,"column":null}},"4":{"start":{"line":12,"column":4},"end":{"line":12,"column":null}},"5":{"start":{"line":13,"column":4},"end":{"line":13,"column":null}},"6":{"start":{"line":14,"column":4},"end":{"line":14,"column":null}},"7":{"start":{"line":15,"column":4},"end":{"line":23,"column":null}},"8":{"start":{"line":16,"column":23},"end":{"line":16,"column":null}},"9":{"start":{"line":17,"column":6},"end":{"line":17,"column":null}},"10":{"start":{"line":18,"column":6},"end":{"line":18,"column":null}},"11":{"start":{"line":19,"column":6},"end":{"line":19,"column":null}},"12":{"start":{"line":21,"column":6},"end":{"line":21,"column":null}},"13":{"start":{"line":22,"column":6},"end":{"line":22,"column":null}},"14":{"start":{"line":26,"column":2},"end":{"line":30,"column":null}},"15":{"start":{"line":27,"column":4},"end":{"line":29,"column":null}},"16":{"start":{"line":28,"column":6},"end":{"line":28,"column":null}},"17":{"start":{"line":32,"column":2},"end":{"line":32,"column":null}}},"fnMap":{"0":{"name":"useAsync","decl":{"start":{"line":3,"column":16},"end":{"line":3,"column":null}},"loc":{"start":{"line":6,"column":2},"end":{"line":33,"column":null}},"line":6},"1":{"name":"(anonymous_1)","decl":{"start":{"line":11,"column":18},"end":{"line":11,"column":30}},"loc":{"start":{"line":11,"column":30},"end":{"line":24,"column":null}},"line":11},"2":{"name":"(anonymous_2)","decl":{"start":{"line":26,"column":12},"end":{"line":26,"column":18}},"loc":{"start":{"line":26,"column":18},"end":{"line":30,"column":5}},"line":26}},"branchMap":{"0":{"loc":{"start":{"line":5,"column":2},"end":{"line":5,"column":null}},"type":"default-arg","locations":[{"start":{"line":5,"column":23},"end":{"line":5,"column":null}}],"line":5},"1":{"loc":{"start":{"line":27,"column":4},"end":{"line":29,"column":null}},"type":"if","locations":[{"start":{"line":27,"column":4},"end":{"line":29,"column":null}},{"start":{},"end":{}}],"line":27}},"s":{"0":27,"1":27,"2":27,"3":27,"4":5,"5":5,"6":5,"7":5,"8":5,"9":4,"10":4,"11":4,"12":1,"13":1,"14":27,"15":4,"16":3,"17":27},"f":{"0":27,"1":5,"2":4},"b":{"0":[27],"1":[3,1]},"meta":{"lastBranch":2,"lastFunction":3,"lastStatement":18,"seen":{"f:3:16:3:Infinity":0,"b:5:23:5:Infinity":0,"s:7:26:7:Infinity":0,"s:8:22:8:Infinity":1,"s:9:24:9:Infinity":2,"s:11:18:24:Infinity":3,"f:11:18:11:30":1,"s:12:4:12:Infinity":4,"s:13:4:13:Infinity":5,"s:14:4:14:Infinity":6,"s:15:4:23:Infinity":7,"s:16:23:16:Infinity":8,"s:17:6:17:Infinity":9,"s:18:6:18:Infinity":10,"s:19:6:19:Infinity":11,"s:21:6:21:Infinity":12,"s:22:6:22:Infinity":13,"s:26:2:30:Infinity":14,"f:26:12:26:18":2,"b:27:4:29:Infinity:undefined:undefined:undefined:undefined":1,"s:27:4:29:Infinity":15,"s:28:6:28:Infinity":16,"s:32:2:32:Infinity":17}}}
,"C:\\Users\\sarlo\\OneDrive\\Escritorio\\Proyectos\\Test-Netdecker\\frontend\\src\\hooks\\useStorefront.ts": {"path":"C:\\Users\\sarlo\\OneDrive\\Escritorio\\Proyectos\\Test-Netdecker\\frontend\\src\\hooks\\useStorefront.ts","statementMap":{"0":{"start":{"line":27,"column":2},"end":{"line":30,"column":null}},"1":{"start":{"line":33,"column":12},"end":{"line":33,"column":null}},"2":{"start":{"line":34,"column":2},"end":{"line":34,"column":null}},"3":{"start":{"line":38,"column":19},"end":{"line":38,"column":null}},"4":{"start":{"line":39,"column":22},"end":{"line":39,"column":null}},"5":{"start":{"line":40,"column":16},"end":{"line":40,"column":null}},"6":{"start":{"line":41,"column":17},"end":{"line":41,"column":null}},"7":{"start":{"line":42,"column":20},"end":{"line":42,"column":null}},"8":{"start":{"line":43,"column":19},"end":{"line":43,"column":null}},"9":{"start":{"line":44,"column":21},"end":{"line":44,"column":null}},"10":{"start":{"line":45,"column":25},"end":{"line":45,"column":null}},"11":{"start":{"line":46,"column":19},"end":{"line":51,"column":null}},"12":{"start":{"line":53,"column":2},"end":{"line":64,"column":null}},"13":{"start":{"line":69,"column":5},"end":{"line":72,"column":null}},"14":{"start":{"line":74,"column":2},"end":{"line":76,"column":null}},"15":{"start":{"line":75,"column":4},"end":{"line":75,"column":null}},"16":{"start":{"line":78,"column":2},"end":{"line":78,"column":null}},"17":{"start":{"line":78,"column":59},"end":{"line":78,"column":89}},"18":{"start":{"line":82,"column":26},"end":{"line":82,"column":null}},"19":{"start":{"line":83,"column":24},"end":{"line":83,"column":null}},"20":{"start":{"line":84,"column":30},"end":{"line":84,"column":null}},"21":{"start":{"line":85,"column":28},"end":{"line":91,"column":null}},"22":{"start":{"line":93,"column":8},"end":{"line":120,"column":null}},"23":{"start":{"line":94,"column":4},"end":{"line":94,"column":null}},"24":{"start":{"line":95,"column":4},"end":{"line":95,"column":null}},"25":{"start":{"line":97,"column":4},"end":{"line":119,"column":null}},"26":{"start":{"line":98,"column":19},"end":{"line":98,"column":null}},"27":{"start":{"line":99,"column":25},"end":{"line":99,"column":null}},"28":{"start":{"line":100,"column":6},"end":{"line":100,"column":null}},"29":{"start":{"line":101,"column":6},"end":{"line":101,"column":null}},"30":{"start":{"line":102,"column":6},"end":{"line":107,"column":null}},"31":{"start":{"line":109,"column":6},"end":{"line":109,"column":null}},"32":{"start":{"line":110,"column":6},"end":{"line":110,"column":null}},"33":{"start":{"line":111,"column":6},"end":{"line":111,"column":null}},"34":{"start":{"line":112,"column":6},"end":{"line":118,"column":null}},"35":{"start":{"line":122,"column":2},"end":{"line":141,"column":null}},"36":{"start":{"line":123,"column":18},"end":{"line":123,"column":null}},"37":{"start":{"line":125,"column":17},"end":{"line":128,"column":null}},"38":{"start":{"line":126,"column":6},"end":{"line":126,"column":null}},"39":{"start":{"line":126,"column":20},"end":{"line":126,"column":null}},"40":{"start":{"line":127,"column":6},"end":{"line":127,"column":null}},"41":{"start":{"line":130,"column":4},"end":{"line":130,"column":null}},"42":{"start":{"line":132,"column":27},"end":{"line":134,"column":null}},"43":{"start":{"line":133,"column":6},"end":{"line":133,"column":null}},"44":{"start":{"line":136,"column":4},"end":{"line":136,"column":null}},"45":{"start":{"line":137,"column":4},"end":{"line":140,"column":null}},"46":{"start":{"line":138,"column":6},"end":{"line":138,"column":null}},"47":{"start":{"line":139,"column":6},"end":{"line":139,"column":null}},"48":{"start":{"line":143,"column":8},"end":{"line":154,"column":null}},"49":{"start":{"line":144,"column":18},"end":{"line":144,"column":null}},"50":{"start":{"line":145,"column":4},"end":{"line":145,"column":null}},"51":{"start":{"line":145,"column":16},"end":{"line":145,"column":null}},"52":{"start":{"line":146,"column":19},"end":{"line":146,"column":null}},"53":{"start":{"line":147,"column":4},"end":{"line":152,"column":null}},"54":{"start":{"line":148,"column":6},"end":{"line":150,"column":null}},"55":{"start":{"line":149,"column":8},"end":{"line":149,"column":null}},"56":{"start":{"line":151,"column":6},"end":{"line":151,"column":null}},"57":{"start":{"line":151,"column":28},"end":{"line":151,"column":null}},"58":{"start":{"line":153,"column":4},"end":{"line":153,"column":null}},"59":{"start":{"line":156,"column":8},"end":{"line":169,"column":null}},"60":{"start":{"line":157,"column":21},"end":{"line":157,"column":null}},"61":{"start":{"line":158,"column":21},"end":{"line":158,"column":null}},"62":{"start":{"line":159,"column":18},"end":{"line":159,"column":null}},"63":{"start":{"line":161,"column":4},"end":{"line":168,"column":null}},"64":{"start":{"line":162,"column":6},"end":{"line":162,"column":null}},"65":{"start":{"line":162,"column":65},"end":{"line":162,"column":null}},"66":{"start":{"line":163,"column":6},"end":{"line":163,"column":null}},"67":{"start":{"line":163,"column":67},"end":{"line":163,"column":null}},"68":{"start":{"line":164,"column":6},"end":{"line":164,"column":null}},"69":{"start":{"line":164,"column":70},"end":{"line":164,"column":null}},"70":{"start":{"line":165,"column":6},"end":{"line":165,"column":null}},"71":{"start":{"line":165,"column":99},"end":{"line":165,"column":null}},"72":{"start":{"line":166,"column":6},"end":{"line":166,"column":null}},"73":{"start":{"line":166,"column":99},"end":{"line":166,"column":null}},"74":{"start":{"line":167,"column":6},"end":{"line":167,"column":null}},"75":{"start":{"line":171,"column":8},"end":{"line":171,"column":null}},"76":{"start":{"line":171,"column":35},"end":{"line":171,"column":106}},"77":{"start":{"line":171,"column":89},"end":{"line":171,"column":100}},"78":{"start":{"line":172,"column":8},"end":{"line":172,"column":null}},"79":{"start":{"line":172,"column":38},"end":{"line":172,"column":110}},"80":{"start":{"line":172,"column":92},"end":{"line":172,"column":104}},"81":{"start":{"line":174,"column":2},"end":{"line":185,"column":null}},"82":{"start":{"line":184,"column":18},"end":{"line":184,"column":null}}},"fnMap":{"0":{"name":"toNumber","decl":{"start":{"line":32,"column":9},"end":{"line":32,"column":18}},"loc":{"start":{"line":32,"column":56},"end":{"line":35,"column":null}},"line":32},"1":{"name":"normalizeProduct","decl":{"start":{"line":37,"column":9},"end":{"line":37,"column":26}},"loc":{"start":{"line":37,"column":70},"end":{"line":65,"column":null}},"line":37},"2":{"name":"extractProducts","decl":{"start":{"line":67,"column":9},"end":{"line":67,"column":25}},"loc":{"start":{"line":67,"column":60},"end":{"line":79,"column":null}},"line":67},"3":{"name":"(anonymous_3)","decl":{"start":{"line":78,"column":28},"end":{"line":78,"column":29}},"loc":{"start":{"line":78,"column":59},"end":{"line":78,"column":89}},"line":78},"4":{"name":"useStorefront","decl":{"start":{"line":81,"column":24},"end":{"line":81,"column":40}},"loc":{"start":{"line":81,"column":40},"end":{"line":186,"column":null}},"line":81},"5":{"name":"(anonymous_5)","decl":{"start":{"line":93,"column":35},"end":{"line":93,"column":42}},"loc":{"start":{"line":93,"column":120},"end":{"line":120,"column":5}},"line":93},"6":{"name":"(anonymous_6)","decl":{"start":{"line":122,"column":12},"end":{"line":122,"column":18}},"loc":{"start":{"line":122,"column":18},"end":{"line":141,"column":5}},"line":122},"7":{"name":"(anonymous_7)","decl":{"start":{"line":125,"column":17},"end":{"line":125,"column":29}},"loc":{"start":{"line":125,"column":29},"end":{"line":128,"column":null}},"line":125},"8":{"name":"(anonymous_8)","decl":{"start":{"line":132,"column":27},"end":{"line":132,"column":33}},"loc":{"start":{"line":132,"column":33},"end":{"line":134,"column":null}},"line":132},"9":{"name":"(anonymous_9)","decl":{"start":{"line":137,"column":11},"end":{"line":137,"column":17}},"loc":{"start":{"line":137,"column":17},"end":{"line":140,"column":null}},"line":137},"10":{"name":"(anonymous_10)","decl":{"start":{"line":143,"column":30},"end":{"line":143,"column":36}},"loc":{"start":{"line":143,"column":36},"end":{"line":154,"column":5}},"line":143},"11":{"name":"(anonymous_11)","decl":{"start":{"line":156,"column":35},"end":{"line":156,"column":41}},"loc":{"start":{"line":156,"column":41},"end":{"line":169,"column":5}},"line":156},"12":{"name":"(anonymous_12)","decl":{"start":{"line":161,"column":27},"end":{"line":161,"column":28}},"loc":{"start":{"line":161,"column":37},"end":{"line":168,"column":5}},"line":161},"13":{"name":"(anonymous_13)","decl":{"start":{"line":171,"column":29},"end":{"line":171,"column":35}},"loc":{"start":{"line":171,"column":35},"end":{"line":171,"column":106}},"line":171},"14":{"name":"(anonymous_14)","decl":{"start":{"line":171,"column":78},"end":{"line":171,"column":79}},"loc":{"start":{"line":171,"column":89},"end":{"line":171,"column":100}},"line":171},"15":{"name":"(anonymous_15)","decl":{"start":{"line":172,"column":32},"end":{"line":172,"column":38}},"loc":{"start":{"line":172,"column":38},"end":{"line":172,"column":110}},"line":172},"16":{"name":"(anonymous_16)","decl":{"start":{"line":172,"column":81},"end":{"line":172,"column":82}},"loc":{"start":{"line":172,"column":92},"end":{"line":172,"column":104}},"line":172},"17":{"name":"(anonymous_17)","decl":{"start":{"line":184,"column":12},"end":{"line":184,"column":18}},"loc":{"start":{"line":184,"column":18},"end":{"line":184,"column":null}},"line":184}},"branchMap":{"0":{"loc":{"start":{"line":32,"column":34},"end":{"line":32,"column":56}},"type":"default-arg","locations":[{"start":{"line":32,"column":45},"end":{"line":32,"column":56}}],"line":32},"1":{"loc":{"start":{"line":34,"column":9},"end":{"line":34,"column":null}},"type":"cond-expr","locations":[{"start":{"line":34,"column":30},"end":{"line":34,"column":34}},{"start":{"line":34,"column":34},"end":{"line":34,"column":null}}],"line":34},"2":{"loc":{"start":{"line":38,"column":26},"end":{"line":38,"column":89}},"type":"binary-expr","locations":[{"start":{"line":38,"column":26},"end":{"line":38,"column":43}},{"start":{"line":38,"column":43},"end":{"line":38,"column":66}},{"start":{"line":38,"column":66},"end":{"line":38,"column":89}}],"line":38},"3":{"loc":{"start":{"line":39,"column":29},"end":{"line":39,"column":115}},"type":"binary-expr","locations":[{"start":{"line":39,"column":29},"end":{"line":39,"column":49}},{"start":{"line":39,"column":49},"end":{"line":39,"column":78}},{"start":{"line":39,"column":78},"end":{"line":39,"column":98}},{"start":{"line":39,"column":98},"end":{"line":39,"column":115}}],"line":39},"4":{"loc":{"start":{"line":40,"column":23},"end":{"line":40,"column":76}},"type":"binary-expr","locations":[{"start":{"line":40,"column":23},"end":{"line":40,"column":37}},{"start":{"line":40,"column":37},"end":{"line":40,"column":57}},{"start":{"line":40,"column":57},"end":{"line":40,"column":69}},{"start":{"line":40,"column":69},"end":{"line":40,"column":76}}],"line":40},"5":{"loc":{"start":{"line":41,"column":24},"end":{"line":41,"column":63}},"type":"binary-expr","locations":[{"start":{"line":41,"column":24},"end":{"line":41,"column":39}},{"start":{"line":41,"column":39},"end":{"line":41,"column":60}},{"start":{"line":41,"column":60},"end":{"line":41,"column":63}}],"line":41},"6":{"loc":{"start":{"line":42,"column":27},"end":{"line":42,"column":63}},"type":"binary-expr","locations":[{"start":{"line":42,"column":27},"end":{"line":42,"column":45}},{"start":{"line":42,"column":45},"end":{"line":42,"column":59}},{"start":{"line":42,"column":59},"end":{"line":42,"column":63}}],"line":42},"7":{"loc":{"start":{"line":43,"column":28},"end":{"line":43,"column":57}},"type":"binary-expr","locations":[{"start":{"line":43,"column":28},"end":{"line":43,"column":45}},{"start":{"line":43,"column":45},"end":{"line":43,"column":57}}],"line":43},"8":{"loc":{"start":{"line":44,"column":30},"end":{"line":44,"column":61}},"type":"binary-expr","locations":[{"start":{"line":44,"column":30},"end":{"line":44,"column":49}},{"start":{"line":44,"column":49},"end":{"line":44,"column":61}}],"line":44},"9":{"loc":{"start":{"line":45,"column":34},"end":{"line":45,"column":72}},"type":"binary-expr","locations":[{"start":{"line":45,"column":34},"end":{"line":45,"column":57}},{"start":{"line":45,"column":57},"end":{"line":45,"column":72}}],"line":45},"10":{"loc":{"start":{"line":47,"column":4},"end":{"line":50,"column":null}},"type":"binary-expr","locations":[{"start":{"line":47,"column":4},"end":{"line":47,"column":null}},{"start":{"line":48,"column":6},"end":{"line":48,"column":null}},{"start":{"line":49,"column":6},"end":{"line":49,"column":null}},{"start":{"line":50,"column":6},"end":{"line":50,"column":null}}],"line":47},"11":{"loc":{"start":{"line":54,"column":15},"end":{"line":54,"column":63}},"type":"binary-expr","locations":[{"start":{"line":54,"column":15},"end":{"line":54,"column":26}},{"start":{"line":54,"column":26},"end":{"line":54,"column":44}},{"start":{"line":54,"column":44},"end":{"line":54,"column":63}}],"line":54},"12":{"loc":{"start":{"line":62,"column":20},"end":{"line":62,"column":null}},"type":"cond-expr","locations":[{"start":{"line":62,"column":41},"end":{"line":62,"column":58}},{"start":{"line":62,"column":58},"end":{"line":62,"column":null}}],"line":62},"13":{"loc":{"start":{"line":69,"column":5},"end":{"line":72,"column":null}},"type":"binary-expr","locations":[{"start":{"line":69,"column":5},"end":{"line":69,"column":37}},{"start":{"line":69,"column":37},"end":{"line":69,"column":null}},{"start":{"line":70,"column":5},"end":{"line":70,"column":41}},{"start":{"line":70,"column":41},"end":{"line":70,"column":null}},{"start":{"line":71,"column":5},"end":{"line":71,"column":31}},{"start":{"line":71,"column":31},"end":{"line":71,"column":null}},{"start":{"line":72,"column":4},"end":{"line":72,"column":null}}],"line":69},"14":{"loc":{"start":{"line":74,"column":2},"end":{"line":76,"column":null}},"type":"if","locations":[{"start":{"line":74,"column":2},"end":{"line":76,"column":null}},{"start":{},"end":{}}],"line":74},"15":{"loc":{"start":{"line":93,"column":42},"end":{"line":93,"column":120}},"type":"default-arg","locations":[{"start":{"line":93,"column":101},"end":{"line":93,"column":120}}],"line":93},"16":{"loc":{"start":{"line":126,"column":6},"end":{"line":126,"column":null}},"type":"if","locations":[{"start":{"line":126,"column":6},"end":{"line":126,"column":null}},{"start":{},"end":{}}],"line":126},"17":{"loc":{"start":{"line":145,"column":4},"end":{"line":145,"column":null}},"type":"if","locations":[{"start":{"line":145,"column":4},"end":{"line":145,"column":null}},{"start":{},"end":{}}],"line":145},"18":{"loc":{"start":{"line":148,"column":6},"end":{"line":150,"column":null}},"type":"if","locations":[{"start":{"line":148,"column":6},"end":{"line":150,"column":null}},{"start":{},"end":{}}],"line":148},"19":{"loc":{"start":{"line":151,"column":6},"end":{"line":151,"column":null}},"type":"if","locations":[{"start":{"line":151,"column":6},"end":{"line":151,"column":null}},{"start":{},"end":{}}],"line":151},"20":{"loc":{"start":{"line":157,"column":21},"end":{"line":157,"column":null}},"type":"cond-expr","locations":[{"start":{"line":157,"column":40},"end":{"line":157,"column":67}},{"start":{"line":157,"column":67},"end":{"line":157,"column":null}}],"line":157},"21":{"loc":{"start":{"line":158,"column":21},"end":{"line":158,"column":null}},"type":"cond-expr","locations":[{"start":{"line":158,"column":40},"end":{"line":158,"column":67}},{"start":{"line":158,"column":67},"end":{"line":158,"column":null}}],"line":158},"22":{"loc":{"start":{"line":162,"column":6},"end":{"line":162,"column":null}},"type":"if","locations":[{"start":{"line":162,"column":6},"end":{"line":162,"column":null}},{"start":{},"end":{}}],"line":162},"23":{"loc":{"start":{"line":162,"column":10},"end":{"line":162,"column":65}},"type":"binary-expr","locations":[{"start":{"line":162,"column":10},"end":{"line":162,"column":19}},{"start":{"line":162,"column":19},"end":{"line":162,"column":65}}],"line":162},"24":{"loc":{"start":{"line":163,"column":6},"end":{"line":163,"column":null}},"type":"if","locations":[{"start":{"line":163,"column":6},"end":{"line":163,"column":null}},{"start":{},"end":{}}],"line":163},"25":{"loc":{"start":{"line":163,"column":10},"end":{"line":163,"column":67}},"type":"binary-expr","locations":[{"start":{"line":163,"column":10},"end":{"line":163,"column":37}},{"start":{"line":163,"column":37},"end":{"line":163,"column":67}}],"line":163},"26":{"loc":{"start":{"line":164,"column":6},"end":{"line":164,"column":null}},"type":"if","locations":[{"start":{"line":164,"column":6},"end":{"line":164,"column":null}},{"start":{},"end":{}}],"line":164},"27":{"loc":{"start":{"line":164,"column":10},"end":{"line":164,"column":70}},"type":"binary-expr","locations":[{"start":{"line":164,"column":10},"end":{"line":164,"column":38}},{"start":{"line":164,"column":38},"end":{"line":164,"column":70}}],"line":164},"28":{"loc":{"start":{"line":165,"column":6},"end":{"line":165,"column":null}},"type":"if","locations":[{"start":{"line":165,"column":6},"end":{"line":165,"column":null}},{"start":{},"end":{}}],"line":165},"29":{"loc":{"start":{"line":165,"column":10},"end":{"line":165,"column":99}},"type":"binary-expr","locations":[{"start":{"line":165,"column":10},"end":{"line":165,"column":42}},{"start":{"line":165,"column":42},"end":{"line":165,"column":71}},{"start":{"line":165,"column":71},"end":{"line":165,"column":99}}],"line":165},"30":{"loc":{"start":{"line":166,"column":6},"end":{"line":166,"column":null}},"type":"if","locations":[{"start":{"line":166,"column":6},"end":{"line":166,"column":null}},{"start":{},"end":{}}],"line":166},"31":{"loc":{"start":{"line":166,"column":10},"end":{"line":166,"column":99}},"type":"binary-expr","locations":[{"start":{"line":166,"column":10},"end":{"line":166,"column":42}},{"start":{"line":166,"column":42},"end":{"line":166,"column":71}},{"start":{"line":166,"column":71},"end":{"line":166,"column":99}}],"line":166}},"s":{"0":1,"1":12,"2":12,"3":4,"4":4,"5":4,"6":4,"7":4,"8":4,"9":4,"10":4,"11":4,"12":4,"13":4,"14":4,"15":0,"16":4,"17":4,"18":12,"19":12,"20":12,"21":12,"22":12,"23":5,"24":5,"25":5,"26":5,"27":4,"28":5,"29":5,"30":5,"31":1,"32":1,"33":1,"34":1,"35":12,"36":3,"37":3,"38":3,"39":0,"40":3,"41":3,"42":3,"43":1,"44":3,"45":3,"46":3,"47":3,"48":12,"49":8,"50":8,"51":8,"52":0,"53":0,"54":0,"55":0,"56":0,"57":0,"58":0,"59":12,"60":8,"61":8,"62":8,"63":8,"64":4,"65":0,"66":4,"67":0,"68":4,"69":0,"70":4,"71":0,"72":4,"73":0,"74":4,"75":12,"76":8,"77":4,"78":12,"79":8,"80":4,"81":12,"82":1},"f":{"0":12,"1":4,"2":4,"3":4,"4":12,"5":5,"6":3,"7":3,"8":1,"9":3,"10":8,"11":8,"12":4,"13":8,"14":4,"15":8,"16":4,"17":1},"b":{"0":[12],"1":[8,4],"2":[4,0,0],"3":[4,0,0,0],"4":[4,0,0,0],"5":[4,0,0],"6":[4,0,0],"7":[4,0],"8":[4,0],"9":[4,4],"10":[4,4,4,4],"11":[4,0,0],"12":[0,4],"13":[4,0,4,4,0,0,0],"14":[0,4],"15":[5],"16":[0,3],"17":[8,0],"18":[0,0],"19":[0,0],"20":[0,8],"21":[0,8],"22":[0,4],"23":[4,0],"24":[0,4],"25":[4,0],"26":[0,4],"27":[4,0],"28":[0,4],"29":[4,0,0],"30":[0,4],"31":[4,0,0]},"meta":{"lastBranch":32,"lastFunction":18,"lastStatement":83,"seen":{"s:27:2:30:Infinity":0,"f:32:9:32:18":0,"b:32:45:32:56":0,"s:33:12:33:Infinity":1,"s:34:2:34:Infinity":2,"b:34:30:34:34:34:34:34:Infinity":1,"f:37:9:37:26":1,"s:38:19:38:Infinity":3,"b:38:26:38:43:38:43:38:66:38:66:38:89":2,"s:39:22:39:Infinity":4,"b:39:29:39:49:39:49:39:78:39:78:39:98:39:98:39:115":3,"s:40:16:40:Infinity":5,"b:40:23:40:37:40:37:40:57:40:57:40:69:40:69:40:76":4,"s:41:17:41:Infinity":6,"b:41:24:41:39:41:39:41:60:41:60:41:63":5,"s:42:20:42:Infinity":7,"b:42:27:42:45:42:45:42:59:42:59:42:63":6,"s:43:19:43:Infinity":8,"b:43:28:43:45:43:45:43:57":7,"s:44:21:44:Infinity":9,"b:44:30:44:49:44:49:44:61":8,"s:45:25:45:Infinity":10,"b:45:34:45:57:45:57:45:72":9,"s:46:19:51:Infinity":11,"b:47:4:47:Infinity:48:6:48:Infinity:49:6:49:Infinity:50:6:50:Infinity":10,"s:53:2:64:Infinity":12,"b:54:15:54:26:54:26:54:44:54:44:54:63":11,"b:62:41:62:58:62:58:62:Infinity":12,"f:67:9:67:25":2,"s:69:5:72:Infinity":13,"b:69:5:69:37:69:37:69:Infinity:70:5:70:41:70:41:70:Infinity:71:5:71:31:71:31:71:Infinity:72:4:72:Infinity":13,"b:74:2:76:Infinity:undefined:undefined:undefined:undefined":14,"s:74:2:76:Infinity":14,"s:75:4:75:Infinity":15,"s:78:2:78:Infinity":16,"f:78:28:78:29":3,"s:78:59:78:89":17,"f:81:24:81:40":4,"s:82:26:82:Infinity":18,"s:83:24:83:Infinity":19,"s:84:30:84:Infinity":20,"s:85:28:91:Infinity":21,"s:93:8:120:Infinity":22,"f:93:35:93:42":5,"b:93:101:93:120":15,"s:94:4:94:Infinity":23,"s:95:4:95:Infinity":24,"s:97:4:119:Infinity":25,"s:98:19:98:Infinity":26,"s:99:25:99:Infinity":27,"s:100:6:100:Infinity":28,"s:101:6:101:Infinity":29,"s:102:6:107:Infinity":30,"s:109:6:109:Infinity":31,"s:110:6:110:Infinity":32,"s:111:6:111:Infinity":33,"s:112:6:118:Infinity":34,"s:122:2:141:Infinity":35,"f:122:12:122:18":6,"s:123:18:123:Infinity":36,"s:125:17:128:Infinity":37,"f:125:17:125:29":7,"b:126:6:126:Infinity:undefined:undefined:undefined:undefined":16,"s:126:6:126:Infinity":38,"s:126:20:126:Infinity":39,"s:127:6:127:Infinity":40,"s:130:4:130:Infinity":41,"s:132:27:134:Infinity":42,"f:132:27:132:33":8,"s:133:6:133:Infinity":43,"s:136:4:136:Infinity":44,"s:137:4:140:Infinity":45,"f:137:11:137:17":9,"s:138:6:138:Infinity":46,"s:139:6:139:Infinity":47,"s:143:8:154:Infinity":48,"f:143:30:143:36":10,"s:144:18:144:Infinity":49,"b:145:4:145:Infinity:undefined:undefined:undefined:undefined":17,"s:145:4:145:Infinity":50,"s:145:16:145:Infinity":51,"s:146:19:146:Infinity":52,"s:147:4:152:Infinity":53,"b:148:6:150:Infinity:undefined:undefined:undefined:undefined":18,"s:148:6:150:Infinity":54,"s:149:8:149:Infinity":55,"b:151:6:151:Infinity:undefined:undefined:undefined:undefined":19,"s:151:6:151:Infinity":56,"s:151:28:151:Infinity":57,"s:153:4:153:Infinity":58,"s:156:8:169:Infinity":59,"f:156:35:156:41":11,"s:157:21:157:Infinity":60,"b:157:40:157:67:157:67:157:Infinity":20,"s:158:21:158:Infinity":61,"b:158:40:158:67:158:67:158:Infinity":21,"s:159:18:159:Infinity":62,"s:161:4:168:Infinity":63,"f:161:27:161:28":12,"b:162:6:162:Infinity:undefined:undefined:undefined:undefined":22,"s:162:6:162:Infinity":64,"b:162:10:162:19:162:19:162:65":23,"s:162:65:162:Infinity":65,"b:163:6:163:Infinity:undefined:undefined:undefined:undefined":24,"s:163:6:163:Infinity":66,"b:163:10:163:37:163:37:163:67":25,"s:163:67:163:Infinity":67,"b:164:6:164:Infinity:undefined:undefined:undefined:undefined":26,"s:164:6:164:Infinity":68,"b:164:10:164:38:164:38:164:70":27,"s:164:70:164:Infinity":69,"b:165:6:165:Infinity:undefined:undefined:undefined:undefined":28,"s:165:6:165:Infinity":70,"b:165:10:165:42:165:42:165:71:165:71:165:99":29,"s:165:99:165:Infinity":71,"b:166:6:166:Infinity:undefined:undefined:undefined:undefined":30,"s:166:6:166:Infinity":72,"b:166:10:166:42:166:42:166:71:166:71:166:99":31,"s:166:99:166:Infinity":73,"s:167:6:167:Infinity":74,"s:171:8:171:Infinity":75,"f:171:29:171:35":13,"s:171:35:171:106":76,"f:171:78:171:79":14,"s:171:89:171:100":77,"s:172:8:172:Infinity":78,"f:172:32:172:38":15,"s:172:38:172:110":79,"f:172:81:172:82":16,"s:172:92:172:104":80,"s:174:2:185:Infinity":81,"f:184:12:184:18":17,"s:184:18:184:Infinity":82}}}
,"C:\\Users\\sarlo\\OneDrive\\Escritorio\\Proyectos\\Test-Netdecker\\frontend\\src\\pages\\CardSearchPage.tsx": {"path":"C:\\Users\\sarlo\\OneDrive\\Escritorio\\Proyectos\\Test-Netdecker\\frontend\\src\\pages\\CardSearchPage.tsx","statementMap":{"0":{"start":{"line":8,"column":45},"end":{"line":18,"column":null}},"1":{"start":{"line":22,"column":2},"end":{"line":22,"column":null}},"2":{"start":{"line":22,"column":15},"end":{"line":22,"column":null}},"3":{"start":{"line":23,"column":2},"end":{"line":23,"column":null}},"4":{"start":{"line":27,"column":2},"end":{"line":27,"column":null}},"5":{"start":{"line":43,"column":2},"end":{"line":89,"column":null}},"6":{"start":{"line":108,"column":24},"end":{"line":108,"column":null}},"7":{"start":{"line":109,"column":34},"end":{"line":109,"column":null}},"8":{"start":{"line":110,"column":28},"end":{"line":110,"column":null}},"9":{"start":{"line":111,"column":28},"end":{"line":111,"column":null}},"10":{"start":{"line":112,"column":24},"end":{"line":112,"column":null}},"11":{"start":{"line":113,"column":30},"end":{"line":113,"column":null}},"12":{"start":{"line":116,"column":36},"end":{"line":116,"column":null}},"13":{"start":{"line":119,"column":38},"end":{"line":119,"column":null}},"14":{"start":{"line":120,"column":44},"end":{"line":120,"column":null}},"15":{"start":{"line":121,"column":38},"end":{"line":121,"column":null}},"16":{"start":{"line":122,"column":48},"end":{"line":122,"column":null}},"17":{"start":{"line":123,"column":48},"end":{"line":123,"column":null}},"18":{"start":{"line":124,"column":40},"end":{"line":124,"column":null}},"19":{"start":{"line":125,"column":36},"end":{"line":125,"column":null}},"20":{"start":{"line":126,"column":42},"end":{"line":126,"column":null}},"21":{"start":{"line":127,"column":44},"end":{"line":127,"column":null}},"22":{"start":{"line":128,"column":36},"end":{"line":128,"column":null}},"23":{"start":{"line":129,"column":42},"end":{"line":129,"column":null}},"24":{"start":{"line":131,"column":23},"end":{"line":162,"column":null}},"25":{"start":{"line":132,"column":4},"end":{"line":132,"column":null}},"26":{"start":{"line":133,"column":14},"end":{"line":133,"column":null}},"27":{"start":{"line":134,"column":4},"end":{"line":134,"column":null}},"28":{"start":{"line":134,"column":12},"end":{"line":134,"column":null}},"29":{"start":{"line":136,"column":4},"end":{"line":136,"column":null}},"30":{"start":{"line":137,"column":4},"end":{"line":137,"column":null}},"31":{"start":{"line":138,"column":4},"end":{"line":138,"column":null}},"32":{"start":{"line":139,"column":4},"end":{"line":139,"column":null}},"33":{"start":{"line":140,"column":4},"end":{"line":140,"column":null}},"34":{"start":{"line":141,"column":4},"end":{"line":141,"column":null}},"35":{"start":{"line":142,"column":4},"end":{"line":142,"column":null}},"36":{"start":{"line":144,"column":4},"end":{"line":161,"column":null}},"37":{"start":{"line":146,"column":8},"end":{"line":148,"column":null}},"38":{"start":{"line":149,"column":6},"end":{"line":149,"column":null}},"39":{"start":{"line":151,"column":6},"end":{"line":151,"column":null}},"40":{"start":{"line":152,"column":6},"end":{"line":158,"column":null}},"41":{"start":{"line":160,"column":6},"end":{"line":160,"column":null}},"42":{"start":{"line":164,"column":2},"end":{"line":186,"column":null}},"43":{"start":{"line":165,"column":24},"end":{"line":165,"column":null}},"44":{"start":{"line":167,"column":4},"end":{"line":170,"column":null}},"45":{"start":{"line":168,"column":6},"end":{"line":168,"column":null}},"46":{"start":{"line":169,"column":6},"end":{"line":169,"column":null}},"47":{"start":{"line":172,"column":4},"end":{"line":185,"column":null}},"48":{"start":{"line":188,"column":25},"end":{"line":221,"column":null}},"49":{"start":{"line":189,"column":4},"end":{"line":192,"column":null}},"50":{"start":{"line":190,"column":6},"end":{"line":190,"column":null}},"51":{"start":{"line":191,"column":6},"end":{"line":191,"column":null}},"52":{"start":{"line":193,"column":4},"end":{"line":193,"column":null}},"53":{"start":{"line":194,"column":4},"end":{"line":194,"column":null}},"54":{"start":{"line":194,"column":31},"end":{"line":194,"column":null}},"55":{"start":{"line":196,"column":4},"end":{"line":196,"column":null}},"56":{"start":{"line":197,"column":4},"end":{"line":201,"column":null}},"57":{"start":{"line":198,"column":19},"end":{"line":198,"column":null}},"58":{"start":{"line":199,"column":6},"end":{"line":199,"column":null}},"59":{"start":{"line":200,"column":6},"end":{"line":200,"column":null}},"60":{"start":{"line":202,"column":4},"end":{"line":220,"column":null}},"61":{"start":{"line":203,"column":34},"end":{"line":203,"column":null}},"62":{"start":{"line":204,"column":6},"end":{"line":204,"column":null}},"63":{"start":{"line":204,"column":33},"end":{"line":204,"column":66}},"64":{"start":{"line":206,"column":6},"end":{"line":206,"column":null}},"65":{"start":{"line":206,"column":33},"end":{"line":206,"column":60}},"66":{"start":{"line":207,"column":6},"end":{"line":210,"column":null}},"67":{"start":{"line":207,"column":35},"end":{"line":210,"column":8}},"68":{"start":{"line":211,"column":6},"end":{"line":217,"column":null}},"69":{"start":{"line":219,"column":6},"end":{"line":219,"column":null}},"70":{"start":{"line":224,"column":25},"end":{"line":270,"column":null}},"71":{"start":{"line":225,"column":4},"end":{"line":225,"column":null}},"72":{"start":{"line":226,"column":4},"end":{"line":269,"column":null}},"73":{"start":{"line":227,"column":6},"end":{"line":237,"column":null}},"74":{"start":{"line":228,"column":25},"end":{"line":228,"column":null}},"75":{"start":{"line":229,"column":14},"end":{"line":229,"column":null}},"76":{"start":{"line":230,"column":8},"end":{"line":233,"column":null}},"77":{"start":{"line":231,"column":10},"end":{"line":231,"column":null}},"78":{"start":{"line":232,"column":10},"end":{"line":232,"column":null}},"79":{"start":{"line":234,"column":8},"end":{"line":234,"column":null}},"80":{"start":{"line":236,"column":8},"end":{"line":236,"column":null}},"81":{"start":{"line":239,"column":6},"end":{"line":252,"column":null}},"82":{"start":{"line":239,"column":33},"end":{"line":252,"column":8}},"83":{"start":{"line":242,"column":10},"end":{"line":250,"column":null}},"84":{"start":{"line":254,"column":24},"end":{"line":254,"column":null}},"85":{"start":{"line":255,"column":6},"end":{"line":255,"column":null}},"86":{"start":{"line":255,"column":33},"end":{"line":255,"column":66}},"87":{"start":{"line":256,"column":6},"end":{"line":256,"column":null}},"88":{"start":{"line":258,"column":6},"end":{"line":258,"column":null}},"89":{"start":{"line":259,"column":6},"end":{"line":265,"column":null}},"90":{"start":{"line":266,"column":6},"end":{"line":266,"column":null}},"91":{"start":{"line":268,"column":6},"end":{"line":268,"column":null}},"92":{"start":{"line":272,"column":26},"end":{"line":305,"column":null}},"93":{"start":{"line":273,"column":4},"end":{"line":273,"column":null}},"94":{"start":{"line":274,"column":4},"end":{"line":274,"column":null}},"95":{"start":{"line":276,"column":4},"end":{"line":304,"column":null}},"96":{"start":{"line":277,"column":23},"end":{"line":277,"column":null}},"97":{"start":{"line":278,"column":6},"end":{"line":283,"column":null}},"98":{"start":{"line":278,"column":33},"end":{"line":283,"column":8}},"99":{"start":{"line":281,"column":10},"end":{"line":281,"column":null}},"100":{"start":{"line":285,"column":6},"end":{"line":289,"column":null}},"101":{"start":{"line":286,"column":21},"end":{"line":286,"column":null}},"102":{"start":{"line":287,"column":8},"end":{"line":287,"column":null}},"103":{"start":{"line":288,"column":8},"end":{"line":288,"column":null}},"104":{"start":{"line":291,"column":6},"end":{"line":291,"column":null}},"105":{"start":{"line":293,"column":6},"end":{"line":293,"column":null}},"106":{"start":{"line":294,"column":6},"end":{"line":300,"column":null}},"107":{"start":{"line":301,"column":6},"end":{"line":301,"column":null}},"108":{"start":{"line":303,"column":6},"end":{"line":303,"column":null}},"109":{"start":{"line":307,"column":22},"end":{"line":332,"column":null}},"110":{"start":{"line":308,"column":14},"end":{"line":308,"column":null}},"111":{"start":{"line":309,"column":4},"end":{"line":309,"column":null}},"112":{"start":{"line":309,"column":12},"end":{"line":309,"column":null}},"113":{"start":{"line":311,"column":4},"end":{"line":311,"column":null}},"114":{"start":{"line":312,"column":4},"end":{"line":312,"column":null}},"115":{"start":{"line":314,"column":4},"end":{"line":331,"column":null}},"116":{"start":{"line":316,"column":8},"end":{"line":318,"column":null}},"117":{"start":{"line":319,"column":6},"end":{"line":319,"column":null}},"118":{"start":{"line":321,"column":6},"end":{"line":321,"column":null}},"119":{"start":{"line":322,"column":6},"end":{"line":328,"column":null}},"120":{"start":{"line":330,"column":6},"end":{"line":330,"column":null}},"121":{"start":{"line":334,"column":27},"end":{"line":344,"column":null}},"122":{"start":{"line":335,"column":21},"end":{"line":335,"column":null}},"123":{"start":{"line":336,"column":19},"end":{"line":336,"column":null}},"124":{"start":{"line":338,"column":4},"end":{"line":341,"column":null}},"125":{"start":{"line":339,"column":6},"end":{"line":339,"column":null}},"126":{"start":{"line":340,"column":6},"end":{"line":340,"column":null}},"127":{"start":{"line":343,"column":4},"end":{"line":343,"column":null}},"128":{"start":{"line":346,"column":20},"end":{"line":349,"column":null}},"129":{"start":{"line":347,"column":25},"end":{"line":347,"column":null}},"130":{"start":{"line":348,"column":4},"end":{"line":348,"column":null}},"131":{"start":{"line":351,"column":26},"end":{"line":354,"column":null}},"132":{"start":{"line":352,"column":4},"end":{"line":352,"column":null}},"133":{"start":{"line":352,"column":73},"end":{"line":352,"column":null}},"134":{"start":{"line":353,"column":4},"end":{"line":353,"column":null}},"135":{"start":{"line":356,"column":28},"end":{"line":363,"column":null}},"136":{"start":{"line":357,"column":4},"end":{"line":360,"column":null}},"137":{"start":{"line":358,"column":6},"end":{"line":358,"column":null}},"138":{"start":{"line":358,"column":35},"end":{"line":358,"column":67}},"139":{"start":{"line":359,"column":6},"end":{"line":359,"column":null}},"140":{"start":{"line":361,"column":4},"end":{"line":361,"column":null}},"141":{"start":{"line":362,"column":4},"end":{"line":362,"column":null}},"142":{"start":{"line":366,"column":8},"end":{"line":378,"column":null}},"143":{"start":{"line":367,"column":4},"end":{"line":370,"column":null}},"144":{"start":{"line":369,"column":6},"end":{"line":369,"column":null}},"145":{"start":{"line":369,"column":32},"end":{"line":369,"column":35}},"146":{"start":{"line":371,"column":16},"end":{"line":371,"column":null}},"147":{"start":{"line":372,"column":4},"end":{"line":376,"column":null}},"148":{"start":{"line":373,"column":18},"end":{"line":373,"column":null}},"149":{"start":{"line":374,"column":6},"end":{"line":374,"column":null}},"150":{"start":{"line":374,"column":25},"end":{"line":374,"column":null}},"151":{"start":{"line":375,"column":6},"end":{"line":375,"column":null}},"152":{"start":{"line":377,"column":4},"end":{"line":377,"column":null}},"153":{"start":{"line":380,"column":2},"end":{"line":788,"column":null}},"154":{"start":{"line":391,"column":31},"end":{"line":391,"column":null}},"155":{"start":{"line":399,"column":31},"end":{"line":399,"column":null}},"156":{"start":{"line":415,"column":31},"end":{"line":415,"column":null}},"157":{"start":{"line":487,"column":29},"end":{"line":487,"column":49}},"158":{"start":{"line":504,"column":22},"end":{"line":504,"column":null}},"159":{"start":{"line":505,"column":8},"end":{"line":779,"column":null}},"160":{"start":{"line":509,"column":14},"end":{"line":515,"column":null}},"161":{"start":{"line":523,"column":33},"end":{"line":523,"column":null}},"162":{"start":{"line":530,"column":40},"end":{"line":530,"column":null}},"163":{"start":{"line":531,"column":40},"end":{"line":531,"column":null}},"164":{"start":{"line":543,"column":20},"end":{"line":549,"column":null}},"165":{"start":{"line":556,"column":24},"end":{"line":565,"column":null}},"166":{"start":{"line":574,"column":31},"end":{"line":574,"column":null}},"167":{"start":{"line":592,"column":39},"end":{"line":592,"column":67}},"168":{"start":{"line":606,"column":41},"end":{"line":606,"column":null}},"169":{"start":{"line":623,"column":73},"end":{"line":623,"column":102}},"170":{"start":{"line":625,"column":73},"end":{"line":625,"column":101}},"171":{"start":{"line":626,"column":73},"end":{"line":626,"column":99}},"172":{"start":{"line":627,"column":73},"end":{"line":627,"column":99}},"173":{"start":{"line":628,"column":73},"end":{"line":628,"column":100}},"174":{"start":{"line":634,"column":36},"end":{"line":634,"column":null}},"175":{"start":{"line":635,"column":26},"end":{"line":635,"column":null}},"176":{"start":{"line":635,"column":34},"end":{"line":635,"column":null}},"177":{"start":{"line":636,"column":26},"end":{"line":638,"column":null}},"178":{"start":{"line":642,"column":39},"end":{"line":642,"column":null}},"179":{"start":{"line":643,"column":26},"end":{"line":659,"column":null}},"180":{"start":{"line":645,"column":30},"end":{"line":645,"column":null}},"181":{"start":{"line":647,"column":30},"end":{"line":647,"column":null}},"182":{"start":{"line":649,"column":30},"end":{"line":649,"column":null}},"183":{"start":{"line":651,"column":30},"end":{"line":651,"column":null}},"184":{"start":{"line":653,"column":44},"end":{"line":653,"column":null}},"185":{"start":{"line":654,"column":44},"end":{"line":654,"column":null}},"186":{"start":{"line":655,"column":30},"end":{"line":655,"column":null}},"187":{"start":{"line":658,"column":30},"end":{"line":658,"column":null}},"188":{"start":{"line":662,"column":43},"end":{"line":662,"column":null}},"189":{"start":{"line":663,"column":40},"end":{"line":663,"column":null}},"190":{"start":{"line":664,"column":45},"end":{"line":664,"column":null}},"191":{"start":{"line":665,"column":26},"end":{"line":770,"column":null}},"192":{"start":{"line":691,"column":53},"end":{"line":691,"column":92}},"193":{"start":{"line":702,"column":53},"end":{"line":702,"column":null}},"194":{"start":{"line":702,"column":79},"end":{"line":702,"column":121}},"195":{"start":{"line":703,"column":52},"end":{"line":703,"column":94}},"196":{"start":{"line":705,"column":38},"end":{"line":708,"column":null}},"197":{"start":{"line":706,"column":40},"end":{"line":706,"column":null}},"198":{"start":{"line":707,"column":40},"end":{"line":707,"column":null}},"199":{"start":{"line":718,"column":53},"end":{"line":718,"column":92}},"200":{"start":{"line":733,"column":55},"end":{"line":733,"column":null}},"201":{"start":{"line":733,"column":87},"end":{"line":733,"column":129}},"202":{"start":{"line":738,"column":54},"end":{"line":738,"column":95}},"203":{"start":{"line":740,"column":40},"end":{"line":743,"column":null}},"204":{"start":{"line":741,"column":42},"end":{"line":741,"column":null}},"205":{"start":{"line":742,"column":42},"end":{"line":742,"column":null}},"206":{"start":{"line":756,"column":36},"end":{"line":764,"column":null}},"207":{"start":{"line":757,"column":38},"end":{"line":760,"column":null}},"208":{"start":{"line":757,"column":70},"end":{"line":760,"column":40}},"209":{"start":{"line":761,"column":38},"end":{"line":761,"column":null}},"210":{"start":{"line":763,"column":38},"end":{"line":763,"column":null}}},"fnMap":{"0":{"name":"getRarityBadge","decl":{"start":{"line":21,"column":9},"end":{"line":21,"column":24}},"loc":{"start":{"line":21,"column":49},"end":{"line":24,"column":null}},"line":21},"1":{"name":"fmtCLP","decl":{"start":{"line":26,"column":9},"end":{"line":26,"column":16}},"loc":{"start":{"line":26,"column":27},"end":{"line":28,"column":null}},"line":26},"2":{"name":"ModeToggle","decl":{"start":{"line":30,"column":9},"end":{"line":30,"column":20}},"loc":{"start":{"line":42,"column":3},"end":{"line":91,"column":null}},"line":42},"3":{"name":"CardSearchPage","decl":{"start":{"line":107,"column":16},"end":{"line":107,"column":33}},"loc":{"start":{"line":107,"column":33},"end":{"line":790,"column":null}},"line":107},"4":{"name":"(anonymous_4)","decl":{"start":{"line":131,"column":23},"end":{"line":131,"column":30}},"loc":{"start":{"line":131,"column":53},"end":{"line":162,"column":null}},"line":131},"5":{"name":"(anonymous_5)","decl":{"start":{"line":164,"column":12},"end":{"line":164,"column":18}},"loc":{"start":{"line":164,"column":18},"end":{"line":186,"column":5}},"line":164},"6":{"name":"(anonymous_6)","decl":{"start":{"line":188,"column":25},"end":{"line":188,"column":32}},"loc":{"start":{"line":188,"column":59},"end":{"line":221,"column":null}},"line":188},"7":{"name":"(anonymous_7)","decl":{"start":{"line":197,"column":22},"end":{"line":197,"column":23}},"loc":{"start":{"line":197,"column":32},"end":{"line":201,"column":5}},"line":197},"8":{"name":"(anonymous_8)","decl":{"start":{"line":204,"column":22},"end":{"line":204,"column":23}},"loc":{"start":{"line":204,"column":33},"end":{"line":204,"column":66}},"line":204},"9":{"name":"(anonymous_9)","decl":{"start":{"line":206,"column":22},"end":{"line":206,"column":23}},"loc":{"start":{"line":206,"column":33},"end":{"line":206,"column":60}},"line":206},"10":{"name":"(anonymous_10)","decl":{"start":{"line":207,"column":24},"end":{"line":207,"column":25}},"loc":{"start":{"line":207,"column":35},"end":{"line":210,"column":8}},"line":207},"11":{"name":"(anonymous_11)","decl":{"start":{"line":224,"column":25},"end":{"line":224,"column":32}},"loc":{"start":{"line":224,"column":93},"end":{"line":270,"column":null}},"line":224},"12":{"name":"(anonymous_12)","decl":{"start":{"line":239,"column":22},"end":{"line":239,"column":23}},"loc":{"start":{"line":239,"column":33},"end":{"line":252,"column":8}},"line":239},"13":{"name":"(anonymous_13)","decl":{"start":{"line":241,"column":43},"end":{"line":241,"column":44}},"loc":{"start":{"line":242,"column":10},"end":{"line":250,"column":null}},"line":242},"14":{"name":"(anonymous_14)","decl":{"start":{"line":255,"column":22},"end":{"line":255,"column":23}},"loc":{"start":{"line":255,"column":33},"end":{"line":255,"column":66}},"line":255},"15":{"name":"(anonymous_15)","decl":{"start":{"line":272,"column":26},"end":{"line":272,"column":33}},"loc":{"start":{"line":272,"column":92},"end":{"line":305,"column":null}},"line":272},"16":{"name":"(anonymous_16)","decl":{"start":{"line":278,"column":22},"end":{"line":278,"column":23}},"loc":{"start":{"line":278,"column":33},"end":{"line":283,"column":8}},"line":278},"17":{"name":"(anonymous_17)","decl":{"start":{"line":280,"column":43},"end":{"line":280,"column":44}},"loc":{"start":{"line":281,"column":10},"end":{"line":281,"column":null}},"line":281},"18":{"name":"(anonymous_18)","decl":{"start":{"line":285,"column":21},"end":{"line":285,"column":22}},"loc":{"start":{"line":285,"column":31},"end":{"line":289,"column":7}},"line":285},"19":{"name":"(anonymous_19)","decl":{"start":{"line":307,"column":22},"end":{"line":307,"column":34}},"loc":{"start":{"line":307,"column":34},"end":{"line":332,"column":null}},"line":307},"20":{"name":"(anonymous_20)","decl":{"start":{"line":334,"column":27},"end":{"line":334,"column":34}},"loc":{"start":{"line":334,"column":71},"end":{"line":344,"column":null}},"line":334},"21":{"name":"(anonymous_21)","decl":{"start":{"line":346,"column":20},"end":{"line":346,"column":27}},"loc":{"start":{"line":346,"column":79},"end":{"line":349,"column":null}},"line":346},"22":{"name":"(anonymous_22)","decl":{"start":{"line":351,"column":26},"end":{"line":351,"column":33}},"loc":{"start":{"line":351,"column":70},"end":{"line":354,"column":null}},"line":351},"23":{"name":"(anonymous_23)","decl":{"start":{"line":356,"column":28},"end":{"line":356,"column":29}},"loc":{"start":{"line":356,"column":99},"end":{"line":363,"column":null}},"line":356},"24":{"name":"(anonymous_24)","decl":{"start":{"line":358,"column":24},"end":{"line":358,"column":25}},"loc":{"start":{"line":358,"column":35},"end":{"line":358,"column":67}},"line":358},"25":{"name":"(anonymous_25)","decl":{"start":{"line":366,"column":41},"end":{"line":366,"column":47}},"loc":{"start":{"line":366,"column":47},"end":{"line":378,"column":5}},"line":366},"26":{"name":"(anonymous_26)","decl":{"start":{"line":369,"column":25},"end":{"line":369,"column":26}},"loc":{"start":{"line":369,"column":32},"end":{"line":369,"column":35}},"line":369},"27":{"name":"(anonymous_27)","decl":{"start":{"line":391,"column":25},"end":{"line":391,"column":31}},"loc":{"start":{"line":391,"column":31},"end":{"line":391,"column":null}},"line":391},"28":{"name":"(anonymous_28)","decl":{"start":{"line":399,"column":25},"end":{"line":399,"column":31}},"loc":{"start":{"line":399,"column":31},"end":{"line":399,"column":null}},"line":399},"29":{"name":"(anonymous_29)","decl":{"start":{"line":415,"column":24},"end":{"line":415,"column":25}},"loc":{"start":{"line":415,"column":31},"end":{"line":415,"column":null}},"line":415},"30":{"name":"(anonymous_30)","decl":{"start":{"line":487,"column":21},"end":{"line":487,"column":27}},"loc":{"start":{"line":487,"column":27},"end":{"line":487,"column":null}},"line":487},"31":{"name":"(anonymous_31)","decl":{"start":{"line":503,"column":19},"end":{"line":503,"column":20}},"loc":{"start":{"line":503,"column":30},"end":{"line":781,"column":7}},"line":503},"32":{"name":"(anonymous_32)","decl":{"start":{"line":508,"column":94},"end":{"line":508,"column":100}},"loc":{"start":{"line":508,"column":100},"end":{"line":516,"column":null}},"line":508},"33":{"name":"(anonymous_33)","decl":{"start":{"line":523,"column":27},"end":{"line":523,"column":33}},"loc":{"start":{"line":523,"column":33},"end":{"line":523,"column":null}},"line":523},"34":{"name":"(anonymous_34)","decl":{"start":{"line":530,"column":32},"end":{"line":530,"column":33}},"loc":{"start":{"line":530,"column":40},"end":{"line":530,"column":null}},"line":530},"35":{"name":"(anonymous_35)","decl":{"start":{"line":531,"column":32},"end":{"line":531,"column":33}},"loc":{"start":{"line":531,"column":40},"end":{"line":531,"column":null}},"line":531},"36":{"name":"(anonymous_36)","decl":{"start":{"line":542,"column":29},"end":{"line":542,"column":30}},"loc":{"start":{"line":543,"column":20},"end":{"line":549,"column":null}},"line":543},"37":{"name":"(anonymous_37)","decl":{"start":{"line":555,"column":33},"end":{"line":555,"column":34}},"loc":{"start":{"line":556,"column":24},"end":{"line":565,"column":null}},"line":556},"38":{"name":"(anonymous_38)","decl":{"start":{"line":574,"column":25},"end":{"line":574,"column":31}},"loc":{"start":{"line":574,"column":31},"end":{"line":574,"column":null}},"line":574},"39":{"name":"(anonymous_39)","decl":{"start":{"line":592,"column":31},"end":{"line":592,"column":37}},"loc":{"start":{"line":592,"column":37},"end":{"line":592,"column":null}},"line":592},"40":{"name":"(anonymous_40)","decl":{"start":{"line":606,"column":34},"end":{"line":606,"column":35}},"loc":{"start":{"line":606,"column":41},"end":{"line":606,"column":null}},"line":606},"41":{"name":"(anonymous_41)","decl":{"start":{"line":623,"column":67},"end":{"line":623,"column":73}},"loc":{"start":{"line":623,"column":73},"end":{"line":623,"column":102}},"line":623},"42":{"name":"(anonymous_42)","decl":{"start":{"line":625,"column":67},"end":{"line":625,"column":73}},"loc":{"start":{"line":625,"column":73},"end":{"line":625,"column":101}},"line":625},"43":{"name":"(anonymous_43)","decl":{"start":{"line":626,"column":67},"end":{"line":626,"column":73}},"loc":{"start":{"line":626,"column":73},"end":{"line":626,"column":99}},"line":626},"44":{"name":"(anonymous_44)","decl":{"start":{"line":627,"column":67},"end":{"line":627,"column":73}},"loc":{"start":{"line":627,"column":73},"end":{"line":627,"column":99}},"line":627},"45":{"name":"(anonymous_45)","decl":{"start":{"line":628,"column":67},"end":{"line":628,"column":73}},"loc":{"start":{"line":628,"column":73},"end":{"line":628,"column":100}},"line":628},"46":{"name":"(anonymous_46)","decl":{"start":{"line":633,"column":32},"end":{"line":633,"column":33}},"loc":{"start":{"line":633,"column":45},"end":{"line":640,"column":25}},"line":633},"47":{"name":"(anonymous_47)","decl":{"start":{"line":641,"column":30},"end":{"line":641,"column":31}},"loc":{"start":{"line":641,"column":40},"end":{"line":660,"column":25}},"line":641},"48":{"name":"(anonymous_48)","decl":{"start":{"line":661,"column":29},"end":{"line":661,"column":30}},"loc":{"start":{"line":661,"column":42},"end":{"line":772,"column":25}},"line":661},"49":{"name":"(anonymous_49)","decl":{"start":{"line":691,"column":45},"end":{"line":691,"column":51}},"loc":{"start":{"line":691,"column":51},"end":{"line":691,"column":null}},"line":691},"50":{"name":"(anonymous_50)","decl":{"start":{"line":702,"column":46},"end":{"line":702,"column":47}},"loc":{"start":{"line":702,"column":53},"end":{"line":702,"column":null}},"line":702},"51":{"name":"(anonymous_51)","decl":{"start":{"line":702,"column":68},"end":{"line":702,"column":69}},"loc":{"start":{"line":702,"column":79},"end":{"line":702,"column":121}},"line":702},"52":{"name":"(anonymous_52)","decl":{"start":{"line":703,"column":44},"end":{"line":703,"column":50}},"loc":{"start":{"line":703,"column":50},"end":{"line":703,"column":null}},"line":703},"53":{"name":"(anonymous_53)","decl":{"start":{"line":704,"column":47},"end":{"line":704,"column":48}},"loc":{"start":{"line":704,"column":54},"end":{"line":709,"column":null}},"line":704},"54":{"name":"(anonymous_54)","decl":{"start":{"line":718,"column":45},"end":{"line":718,"column":51}},"loc":{"start":{"line":718,"column":51},"end":{"line":718,"column":null}},"line":718},"55":{"name":"(anonymous_55)","decl":{"start":{"line":733,"column":48},"end":{"line":733,"column":49}},"loc":{"start":{"line":733,"column":55},"end":{"line":733,"column":null}},"line":733},"56":{"name":"(anonymous_56)","decl":{"start":{"line":733,"column":76},"end":{"line":733,"column":77}},"loc":{"start":{"line":733,"column":87},"end":{"line":733,"column":129}},"line":733},"57":{"name":"(anonymous_57)","decl":{"start":{"line":738,"column":46},"end":{"line":738,"column":52}},"loc":{"start":{"line":738,"column":52},"end":{"line":738,"column":null}},"line":738},"58":{"name":"(anonymous_58)","decl":{"start":{"line":739,"column":49},"end":{"line":739,"column":50}},"loc":{"start":{"line":739,"column":56},"end":{"line":744,"column":null}},"line":739},"59":{"name":"(anonymous_59)","decl":{"start":{"line":755,"column":44},"end":{"line":755,"column":50}},"loc":{"start":{"line":755,"column":50},"end":{"line":765,"column":null}},"line":755},"60":{"name":"(anonymous_60)","decl":{"start":{"line":757,"column":59},"end":{"line":757,"column":60}},"loc":{"start":{"line":757,"column":70},"end":{"line":760,"column":40}},"line":757}},"branchMap":{"0":{"loc":{"start":{"line":22,"column":2},"end":{"line":22,"column":null}},"type":"if","locations":[{"start":{"line":22,"column":2},"end":{"line":22,"column":null}},{"start":{},"end":{}}],"line":22},"1":{"loc":{"start":{"line":23,"column":9},"end":{"line":23,"column":null}},"type":"binary-expr","locations":[{"start":{"line":23,"column":9},"end":{"line":23,"column":47}},{"start":{"line":23,"column":47},"end":{"line":23,"column":null}}],"line":23},"2":{"loc":{"start":{"line":48,"column":13},"end":{"line":48,"column":null}},"type":"cond-expr","locations":[{"start":{"line":48,"column":23},"end":{"line":48,"column":49}},{"start":{"line":48,"column":49},"end":{"line":48,"column":null}}],"line":48},"3":{"loc":{"start":{"line":55,"column":16},"end":{"line":55,"column":null}},"type":"cond-expr","locations":[{"start":{"line":55,"column":27},"end":{"line":55,"column":43}},{"start":{"line":55,"column":43},"end":{"line":55,"column":null}}],"line":55},"4":{"loc":{"start":{"line":57,"column":17},"end":{"line":57,"column":null}},"type":"cond-expr","locations":[{"start":{"line":57,"column":28},"end":{"line":57,"column":34}},{"start":{"line":57,"column":34},"end":{"line":57,"column":null}}],"line":57},"5":{"loc":{"start":{"line":67,"column":22},"end":{"line":67,"column":null}},"type":"cond-expr","locations":[{"start":{"line":67,"column":32},"end":{"line":67,"column":78}},{"start":{"line":67,"column":78},"end":{"line":67,"column":null}}],"line":67},"6":{"loc":{"start":{"line":77,"column":18},"end":{"line":77,"column":null}},"type":"cond-expr","locations":[{"start":{"line":77,"column":28},"end":{"line":77,"column":33}},{"start":{"line":77,"column":33},"end":{"line":77,"column":null}}],"line":77},"7":{"loc":{"start":{"line":134,"column":4},"end":{"line":134,"column":null}},"type":"if","locations":[{"start":{"line":134,"column":4},"end":{"line":134,"column":null}},{"start":{},"end":{}}],"line":134},"8":{"loc":{"start":{"line":146,"column":8},"end":{"line":148,"column":null}},"type":"cond-expr","locations":[{"start":{"line":147,"column":12},"end":{"line":147,"column":null}},{"start":{"line":148,"column":12},"end":{"line":148,"column":null}}],"line":146},"9":{"loc":{"start":{"line":165,"column":24},"end":{"line":165,"column":null}},"type":"binary-expr","locations":[{"start":{"line":165,"column":24},"end":{"line":165,"column":65}},{"start":{"line":165,"column":65},"end":{"line":165,"column":79}},{"start":{"line":165,"column":79},"end":{"line":165,"column":null}}],"line":165},"10":{"loc":{"start":{"line":167,"column":4},"end":{"line":170,"column":null}},"type":"if","locations":[{"start":{"line":167,"column":4},"end":{"line":170,"column":null}},{"start":{},"end":{}}],"line":167},"11":{"loc":{"start":{"line":177,"column":8},"end":{"line":183,"column":null}},"type":"binary-expr","locations":[{"start":{"line":177,"column":8},"end":{"line":177,"column":44}},{"start":{"line":177,"column":44},"end":{"line":177,"column":null}},{"start":{"line":177,"column":65},"end":{"line":183,"column":null}}],"line":177},"12":{"loc":{"start":{"line":189,"column":4},"end":{"line":192,"column":null}},"type":"if","locations":[{"start":{"line":189,"column":4},"end":{"line":192,"column":null}},{"start":{},"end":{}}],"line":189},"13":{"loc":{"start":{"line":194,"column":4},"end":{"line":194,"column":null}},"type":"if","locations":[{"start":{"line":194,"column":4},"end":{"line":194,"column":null}},{"start":{},"end":{}}],"line":194},"14":{"loc":{"start":{"line":227,"column":6},"end":{"line":237,"column":null}},"type":"if","locations":[{"start":{"line":227,"column":6},"end":{"line":237,"column":null}},{"start":{"line":235,"column":13},"end":{"line":237,"column":null}}],"line":227},"15":{"loc":{"start":{"line":228,"column":25},"end":{"line":228,"column":null}},"type":"binary-expr","locations":[{"start":{"line":228,"column":25},"end":{"line":228,"column":58}},{"start":{"line":228,"column":58},"end":{"line":228,"column":null}}],"line":228},"16":{"loc":{"start":{"line":228,"column":76},"end":{"line":228,"column":99}},"type":"binary-expr","locations":[{"start":{"line":228,"column":76},"end":{"line":228,"column":98}},{"start":{"line":228,"column":98},"end":{"line":228,"column":99}}],"line":228},"17":{"loc":{"start":{"line":230,"column":8},"end":{"line":233,"column":null}},"type":"if","locations":[{"start":{"line":230,"column":8},"end":{"line":233,"column":null}},{"start":{},"end":{}}],"line":230},"18":{"loc":{"start":{"line":241,"column":19},"end":{"line":241,"column":39}},"type":"binary-expr","locations":[{"start":{"line":241,"column":19},"end":{"line":241,"column":35}},{"start":{"line":241,"column":35},"end":{"line":241,"column":39}}],"line":241},"19":{"loc":{"start":{"line":242,"column":10},"end":{"line":250,"column":null}},"type":"cond-expr","locations":[{"start":{"line":243,"column":14},"end":{"line":249,"column":null}},{"start":{"line":250,"column":14},"end":{"line":250,"column":null}}],"line":242},"20":{"loc":{"start":{"line":245,"column":24},"end":{"line":245,"column":null}},"type":"cond-expr","locations":[{"start":{"line":245,"column":44},"end":{"line":245,"column":55}},{"start":{"line":245,"column":55},"end":{"line":245,"column":null}}],"line":245},"21":{"loc":{"start":{"line":246,"column":28},"end":{"line":248,"column":null}},"type":"cond-expr","locations":[{"start":{"line":247,"column":20},"end":{"line":247,"column":null}},{"start":{"line":248,"column":20},"end":{"line":248,"column":null}}],"line":246},"22":{"loc":{"start":{"line":247,"column":27},"end":{"line":247,"column":91}},"type":"binary-expr","locations":[{"start":{"line":247,"column":27},"end":{"line":247,"column":60}},{"start":{"line":247,"column":60},"end":{"line":247,"column":91}}],"line":247},"23":{"loc":{"start":{"line":247,"column":71},"end":{"line":247,"column":90}},"type":"binary-expr","locations":[{"start":{"line":247,"column":71},"end":{"line":247,"column":89}},{"start":{"line":247,"column":89},"end":{"line":247,"column":90}}],"line":247},"24":{"loc":{"start":{"line":280,"column":19},"end":{"line":280,"column":39}},"type":"binary-expr","locations":[{"start":{"line":280,"column":19},"end":{"line":280,"column":35}},{"start":{"line":280,"column":35},"end":{"line":280,"column":39}}],"line":280},"25":{"loc":{"start":{"line":281,"column":10},"end":{"line":281,"column":null}},"type":"cond-expr","locations":[{"start":{"line":281,"column":34},"end":{"line":281,"column":76}},{"start":{"line":281,"column":76},"end":{"line":281,"column":null}}],"line":281},"26":{"loc":{"start":{"line":309,"column":4},"end":{"line":309,"column":null}},"type":"if","locations":[{"start":{"line":309,"column":4},"end":{"line":309,"column":null}},{"start":{},"end":{}}],"line":309},"27":{"loc":{"start":{"line":316,"column":8},"end":{"line":318,"column":null}},"type":"cond-expr","locations":[{"start":{"line":317,"column":12},"end":{"line":317,"column":null}},{"start":{"line":318,"column":12},"end":{"line":318,"column":null}}],"line":316},"28":{"loc":{"start":{"line":335,"column":21},"end":{"line":335,"column":null}},"type":"binary-expr","locations":[{"start":{"line":335,"column":21},"end":{"line":335,"column":48}},{"start":{"line":335,"column":48},"end":{"line":335,"column":null}}],"line":335},"29":{"loc":{"start":{"line":338,"column":4},"end":{"line":341,"column":null}},"type":"if","locations":[{"start":{"line":338,"column":4},"end":{"line":341,"column":null}},{"start":{},"end":{}}],"line":338},"30":{"loc":{"start":{"line":338,"column":8},"end":{"line":338,"column":48}},"type":"binary-expr","locations":[{"start":{"line":338,"column":8},"end":{"line":338,"column":36}},{"start":{"line":338,"column":36},"end":{"line":338,"column":48}}],"line":338},"31":{"loc":{"start":{"line":352,"column":4},"end":{"line":352,"column":null}},"type":"if","locations":[{"start":{"line":352,"column":4},"end":{"line":352,"column":null}},{"start":{},"end":{}}],"line":352},"32":{"loc":{"start":{"line":352,"column":8},"end":{"line":352,"column":73}},"type":"binary-expr","locations":[{"start":{"line":352,"column":8},"end":{"line":352,"column":39}},{"start":{"line":352,"column":39},"end":{"line":352,"column":73}}],"line":352},"33":{"loc":{"start":{"line":357,"column":4},"end":{"line":360,"column":null}},"type":"if","locations":[{"start":{"line":357,"column":4},"end":{"line":360,"column":null}},{"start":{},"end":{}}],"line":357},"34":{"loc":{"start":{"line":358,"column":35},"end":{"line":358,"column":67}},"type":"cond-expr","locations":[{"start":{"line":358,"column":52},"end":{"line":358,"column":61}},{"start":{"line":358,"column":61},"end":{"line":358,"column":67}}],"line":358},"35":{"loc":{"start":{"line":367,"column":4},"end":{"line":370,"column":null}},"type":"if","locations":[{"start":{"line":367,"column":4},"end":{"line":370,"column":null}},{"start":{},"en
[...]
,"C:\\Users\\sarlo\\OneDrive\\Escritorio\\Proyectos\\Test-Netdecker\\frontend\\src\\utils\\cardIdentifier.ts": {"path":"C:\\Users\\sarlo\\OneDrive\\Escritorio\\Proyectos\\Test-Netdecker\\frontend\\src\\utils\\cardIdentifier.ts","statementMap":{"0":{"start":{"line":9,"column":2},"end":{"line":9,"column":null}},"1":{"start":{"line":13,"column":2},"end":{"line":13,"column":null}},"2":{"start":{"line":18,"column":2},"end":{"line":18,"column":null}},"3":{"start":{"line":22,"column":15},"end":{"line":22,"column":null}},"4":{"start":{"line":23,"column":2},"end":{"line":23,"column":null}},"5":{"start":{"line":23,"column":13},"end":{"line":23,"column":null}},"6":{"start":{"line":26,"column":17},"end":{"line":26,"column":null}},"7":{"start":{"line":27,"column":2},"end":{"line":29,"column":null}},"8":{"start":{"line":28,"column":4},"end":{"line":28,"column":null}},"9":{"start":{"line":32,"column":2},"end":{"line":34,"column":null}},"10":{"start":{"line":33,"column":4},"end":{"line":33,"column":null}},"11":{"start":{"line":36,"column":2},"end":{"line":36,"column":null}},"12":{"start":{"line":40,"column":13},"end":{"line":40,"column":null}},"13":{"start":{"line":41,"column":2},"end":{"line":41,"column":null}},"14":{"start":{"line":41,"column":13},"end":{"line":41,"column":null}},"15":{"start":{"line":44,"column":2},"end":{"line":44,"column":null}},"16":{"start":{"line":47,"column":2},"end":{"line":47,"column":null}},"17":{"start":{"line":49,"column":17},"end":{"line":49,"column":null}},"18":{"start":{"line":49,"column":48},"end":{"line":49,"column":60}},"19":{"start":{"line":52,"column":2},"end":{"line":54,"column":null}},"20":{"start":{"line":53,"column":4},"end":{"line":53,"column":null}},"21":{"start":{"line":57,"column":2},"end":{"line":59,"column":null}},"22":{"start":{"line":58,"column":4},"end":{"line":58,"column":null}},"23":{"start":{"line":62,"column":2},"end":{"line":70,"column":null}},"24":{"start":{"line":63,"column":18},"end":{"line":63,"column":null}},"25":{"start":{"line":64,"column":19},"end":{"line":64,"column":null}},"26":{"start":{"line":65,"column":18},"end":{"line":65,"column":null}},"27":{"start":{"line":66,"column":28},"end":{"line":66,"column":null}},"28":{"start":{"line":67,"column":4},"end":{"line":69,"column":null}},"29":{"start":{"line":68,"column":6},"end":{"line":68,"column":null}},"30":{"start":{"line":72,"column":2},"end":{"line":72,"column":null}},"31":{"start":{"line":76,"column":22},"end":{"line":76,"column":null}},"32":{"start":{"line":77,"column":19},"end":{"line":77,"column":null}},"33":{"start":{"line":78,"column":21},"end":{"line":78,"column":null}},"34":{"start":{"line":79,"column":23},"end":{"line":79,"column":null}},"35":{"start":{"line":81,"column":2},"end":{"line":83,"column":null}},"36":{"start":{"line":82,"column":4},"end":{"line":82,"column":null}},"37":{"start":{"line":85,"column":2},"end":{"line":87,"column":null}},"38":{"start":{"line":86,"column":4},"end":{"line":86,"column":null}},"39":{"start":{"line":89,"column":2},"end":{"line":99,"column":null}},"40":{"start":{"line":90,"column":30},"end":{"line":90,"column":null}},"41":{"start":{"line":91,"column":29},"end":{"line":91,"column":null}},"42":{"start":{"line":94,"column":4},"end":{"line":96,"column":null}},"43":{"start":{"line":95,"column":6},"end":{"line":95,"column":null}},"44":{"start":{"line":98,"column":4},"end":{"line":98,"column":null}},"45":{"start":{"line":101,"column":2},"end":{"line":103,"column":null}},"46":{"start":{"line":102,"column":4},"end":{"line":102,"column":null}},"47":{"start":{"line":105,"column":2},"end":{"line":107,"column":null}},"48":{"start":{"line":106,"column":4},"end":{"line":106,"column":null}},"49":{"start":{"line":109,"column":2},"end":{"line":111,"column":null}},"50":{"start":{"line":110,"column":4},"end":{"line":110,"column":null}},"51":{"start":{"line":113,"column":2},"end":{"line":113,"column":null}}},"fnMap":{"0":{"name":"clean","decl":{"start":{"line":8,"column":9},"end":{"line":8,"column":15}},"loc":{"start":{"line":8,"column":46},"end":{"line":10,"column":null}},"line":8},"1":{"name":"normalizeToken","decl":{"start":{"line":12,"column":9},"end":{"line":12,"column":24}},"loc":{"start":{"line":12,"column":47},"end":{"line":14,"column":null}},"line":12},"2":{"name":"looksLikeStructuredCode","decl":{"start":{"line":16,"column":9},"end":{"line":16,"column":33}},"loc":{"start":{"line":16,"column":57},"end":{"line":19,"column":null}},"line":16},"3":{"name":"extractCodeFromCardName","decl":{"start":{"line":21,"column":9},"end":{"line":21,"column":33}},"loc":{"start":{"line":21,"column":58},"end":{"line":37,"column":null}},"line":21},"4":{"name":"collapseDuplicatedCardCode","decl":{"start":{"line":39,"column":9},"end":{"line":39,"column":36}},"loc":{"start":{"line":39,"column":61},"end":{"line":73,"column":null}},"line":39},"5":{"name":"(anonymous_5)","decl":{"start":{"line":49,"column":37},"end":{"line":49,"column":38}},"loc":{"start":{"line":49,"column":48},"end":{"line":49,"column":60}},"line":49},"6":{"name":"formatInventoryIdentifier","decl":{"start":{"line":75,"column":16},"end":{"line":75,"column":42}},"loc":{"start":{"line":75,"column":74},"end":{"line":114,"column":null}},"line":75}},"branchMap":{"0":{"loc":{"start":{"line":9,"column":10},"end":{"line":9,"column":23}},"type":"binary-expr","locations":[{"start":{"line":9,"column":10},"end":{"line":9,"column":19}},{"start":{"line":9,"column":19},"end":{"line":9,"column":23}}],"line":9},"1":{"loc":{"start":{"line":18,"column":9},"end":{"line":18,"column":null}},"type":"binary-expr","locations":[{"start":{"line":18,"column":9},"end":{"line":18,"column":32}},{"start":{"line":18,"column":32},"end":{"line":18,"column":56}},{"start":{"line":18,"column":56},"end":{"line":18,"column":null}}],"line":18},"2":{"loc":{"start":{"line":23,"column":2},"end":{"line":23,"column":null}},"type":"if","locations":[{"start":{"line":23,"column":2},"end":{"line":23,"column":null}},{"start":{},"end":{}}],"line":23},"3":{"loc":{"start":{"line":27,"column":2},"end":{"line":29,"column":null}},"type":"if","locations":[{"start":{"line":27,"column":2},"end":{"line":29,"column":null}},{"start":{},"end":{}}],"line":27},"4":{"loc":{"start":{"line":32,"column":2},"end":{"line":34,"column":null}},"type":"if","locations":[{"start":{"line":32,"column":2},"end":{"line":34,"column":null}},{"start":{},"end":{}}],"line":32},"5":{"loc":{"start":{"line":32,"column":6},"end":{"line":32,"column":58}},"type":"binary-expr","locations":[{"start":{"line":32,"column":6},"end":{"line":32,"column":39}},{"start":{"line":32,"column":39},"end":{"line":32,"column":58}}],"line":32},"6":{"loc":{"start":{"line":41,"column":2},"end":{"line":41,"column":null}},"type":"if","locations":[{"start":{"line":41,"column":2},"end":{"line":41,"column":null}},{"start":{},"end":{}}],"line":41},"7":{"loc":{"start":{"line":52,"column":2},"end":{"line":54,"column":null}},"type":"if","locations":[{"start":{"line":52,"column":2},"end":{"line":54,"column":null}},{"start":{},"end":{}}],"line":52},"8":{"loc":{"start":{"line":52,"column":6},"end":{"line":52,"column":85}},"type":"binary-expr","locations":[{"start":{"line":52,"column":6},"end":{"line":52,"column":28}},{"start":{"line":52,"column":28},"end":{"line":52,"column":85}}],"line":52},"9":{"loc":{"start":{"line":57,"column":2},"end":{"line":59,"column":null}},"type":"if","locations":[{"start":{"line":57,"column":2},"end":{"line":59,"column":null}},{"start":{},"end":{}}],"line":57},"10":{"loc":{"start":{"line":57,"column":6},"end":{"line":57,"column":93}},"type":"binary-expr","locations":[{"start":{"line":57,"column":6},"end":{"line":57,"column":28}},{"start":{"line":57,"column":28},"end":{"line":57,"column":93}}],"line":57},"11":{"loc":{"start":{"line":62,"column":2},"end":{"line":70,"column":null}},"type":"if","locations":[{"start":{"line":62,"column":2},"end":{"line":70,"column":null}},{"start":{},"end":{}}],"line":62},"12":{"loc":{"start":{"line":67,"column":4},"end":{"line":69,"column":null}},"type":"if","locations":[{"start":{"line":67,"column":4},"end":{"line":69,"column":null}},{"start":{},"end":{}}],"line":67},"13":{"loc":{"start":{"line":67,"column":8},"end":{"line":67,"column":61}},"type":"binary-expr","locations":[{"start":{"line":67,"column":8},"end":{"line":67,"column":17}},{"start":{"line":67,"column":17},"end":{"line":67,"column":36}},{"start":{"line":67,"column":36},"end":{"line":67,"column":61}}],"line":67},"14":{"loc":{"start":{"line":81,"column":2},"end":{"line":83,"column":null}},"type":"if","locations":[{"start":{"line":81,"column":2},"end":{"line":83,"column":null}},{"start":{},"end":{}}],"line":81},"15":{"loc":{"start":{"line":81,"column":6},"end":{"line":81,"column":53}},"type":"binary-expr","locations":[{"start":{"line":81,"column":6},"end":{"line":81,"column":18}},{"start":{"line":81,"column":18},"end":{"line":81,"column":53}}],"line":81},"16":{"loc":{"start":{"line":85,"column":2},"end":{"line":87,"column":null}},"type":"if","locations":[{"start":{"line":85,"column":2},"end":{"line":87,"column":null}},{"start":{},"end":{}}],"line":85},"17":{"loc":{"start":{"line":85,"column":6},"end":{"line":85,"column":61}},"type":"binary-expr","locations":[{"start":{"line":85,"column":6},"end":{"line":85,"column":22}},{"start":{"line":85,"column":22},"end":{"line":85,"column":61}}],"line":85},"18":{"loc":{"start":{"line":89,"column":2},"end":{"line":99,"column":null}},"type":"if","locations":[{"start":{"line":89,"column":2},"end":{"line":99,"column":null}},{"start":{},"end":{}}],"line":89},"19":{"loc":{"start":{"line":89,"column":6},"end":{"line":89,"column":33}},"type":"binary-expr","locations":[{"start":{"line":89,"column":6},"end":{"line":89,"column":20}},{"start":{"line":89,"column":20},"end":{"line":89,"column":33}}],"line":89},"20":{"loc":{"start":{"line":94,"column":4},"end":{"line":96,"column":null}},"type":"if","locations":[{"start":{"line":94,"column":4},"end":{"line":96,"column":null}},{"start":{},"end":{}}],"line":94},"21":{"loc":{"start":{"line":94,"column":8},"end":{"line":94,"column":77}},"type":"binary-expr","locations":[{"start":{"line":94,"column":8},"end":{"line":94,"column":29}},{"start":{"line":94,"column":29},"end":{"line":94,"column":77}}],"line":94},"22":{"loc":{"start":{"line":101,"column":2},"end":{"line":103,"column":null}},"type":"if","locations":[{"start":{"line":101,"column":2},"end":{"line":103,"column":null}},{"start":{},"end":{}}],"line":101},"23":{"loc":{"start":{"line":105,"column":2},"end":{"line":107,"column":null}},"type":"if","locations":[{"start":{"line":105,"column":2},"end":{"line":107,"column":null}},{"start":{},"end":{}}],"line":105},"24":{"loc":{"start":{"line":109,"column":2},"end":{"line":111,"column":null}},"type":"if","locations":[{"start":{"line":109,"column":2},"end":{"line":111,"column":null}},{"start":{},"end":{}}],"line":109}},"s":{"0":344,"1":18,"2":167,"3":86,"4":86,"5":5,"6":81,"7":81,"8":1,"9":80,"10":0,"11":80,"12":172,"13":172,"14":85,"15":87,"16":87,"17":87,"18":179,"19":87,"20":2,"21":85,"22":0,"23":85,"24":2,"25":2,"26":2,"27":2,"28":2,"29":2,"30":83,"31":86,"32":86,"33":86,"34":86,"35":86,"36":85,"37":1,"38":1,"39":0,"40":0,"41":0,"42":0,"43":0,"44":0,"45":0,"46":0,"47":0,"48":0,"49":0,"50":0,"51":0},"f":{"0":344,"1":18,"2":167,"3":86,"4":172,"5":179,"6":86},"b":{"0":[344,122],"1":[167,81,80],"2":[5,81],"3":[1,80],"4":[0,80],"5":[80,0],"6":[85,87],"7":[2,85],"8":[87,4],"9":[0,85],"10":[85,2],"11":[2,83],"12":[2,0],"13":[2,2,2],"14":[85,1],"15":[86,86],"16":[1,0],"17":[1,1],"18":[0,0],"19":[0,0],"20":[0,0],"21":[0,0],"22":[0,0],"23":[0,0],"24":[0,0]},"meta":{"lastBranch":25,"lastFunction":7,"lastStatement":52,"seen":{"f:8:9:8:15":0,"s:9:2:9:Infinity":0,"b:9:10:9:19:9:19:9:23":0,"f:12:9:12:24":1,"s:13:2:13:Infinity":1,"f:16:9:16:33":2,"s:18:2:18:Infinity":2,"b:18:9:18:32:18:32:18:56:18:56:18:Infinity":1,"f:21:9:21:33":3,"s:22:15:22:Infinity":3,"b:23:2:23:Infinity:undefined:undefined:undefined:undefined":2,"s:23:2:23:Infinity":4,"s:23:13:23:Infinity":5,"s:26:17:26:Infinity":6,"b:27:2:29:Infinity:undefined:undefined:undefined:undefined":3,"s:27:2:29:Infinity":7,"s:28:4:28:Infinity":8,"b:32:2:34:Infinity:undefined:undefined:undefined:undefined":4,"s:32:2:34:Infinity":9,"b:32:6:32:39:32:39:32:58":5,"s:33:4:33:Infinity":10,"s:36:2:36:Infinity":11,"f:39:9:39:36":4,"s:40:13:40:Infinity":12,"b:41:2:41:Infinity:undefined:undefined:undefined:undefined":6,"s:41:2:41:Infinity":13,"s:41:13:41:Infinity":14,"s:44:2:44:Infinity":15,"s:47:2:47:Infinity":16,"s:49:17:49:Infinity":17,"f:49:37:49:38":5,"s:49:48:49:60":18,"b:52:2:54:Infinity:undefined:undefined:undefined:undefined":7,"s:52:2:54:Infinity":19,"b:52:6:52:28:52:28:52:85":8,"s:53:4:53:Infinity":20,"b:57:2:59:Infinity:undefined:undefined:undefined:undefined":9,"s:57:2:59:Infinity":21,"b:57:6:57:28:57:28:57:93":10,"s:58:4:58:Infinity":22,"b:62:2:70:Infinity:undefined:undefined:undefined:undefined":11,"s:62:2:70:Infinity":23,"s:63:18:63:Infinity":24,"s:64:19:64:Infinity":25,"s:65:18:65:Infinity":26,"s:66:28:66:Infinity":27,"b:67:4:69:Infinity:undefined:undefined:undefined:undefined":12,"s:67:4:69:Infinity":28,"b:67:8:67:17:67:17:67:36:67:36:67:61":13,"s:68:6:68:Infinity":29,"s:72:2:72:Infinity":30,"f:75:16:75:42":6,"s:76:22:76:Infinity":31,"s:77:19:77:Infinity":32,"s:78:21:78:Infinity":33,"s:79:23:79:Infinity":34,"b:81:2:83:Infinity:undefined:undefined:undefined:undefined":14,"s:81:2:83:Infinity":35,"b:81:6:81:18:81:18:81:53":15,"s:82:4:82:Infinity":36,"b:85:2:87:Infinity:undefined:undefined:undefined:undefined":16,"s:85:2:87:Infinity":37,"b:85:6:85:22:85:22:85:61":17,"s:86:4:86:Infinity":38,"b:89:2:99:Infinity:undefined:undefined:undefined:undefined":18,"s:89:2:99:Infinity":39,"b:89:6:89:20:89:20:89:33":19,"s:90:30:90:Infinity":40,"s:91:29:91:Infinity":41,"b:94:4:96:Infinity:undefined:undefined:undefined:undefined":20,"s:94:4:96:Infinity":42,"b:94:8:94:29:94:29:94:77":21,"s:95:6:95:Infinity":43,"s:98:4:98:Infinity":44,"b:101:2:103:Infinity:undefined:undefined:undefined:undefined":22,"s:101:2:103:Infinity":45,"s:102:4:102:Infinity":46,"b:105:2:107:Infinity:undefined:undefined:undefined:undefined":23,"s:105:2:107:Infinity":47,"s:106:4:106:Infinity":48,"b:109:2:111:Infinity:undefined:undefined:undefined:undefined":24,"s:109:2:111:Infinity":49,"s:110:4:110:Infinity":50,"s:113:2:113:Infinity":51}}}
,"C:\\Users\\sarlo\\OneDrive\\Escritorio\\Proyectos\\Test-Netdecker\\frontend\\src\\utils\\observability.ts": {"path":"C:\\Users\\sarlo\\OneDrive\\Escritorio\\Proyectos\\Test-Netdecker\\frontend\\src\\utils\\observability.ts","statementMap":{"0":{"start":{"line":18,"column":2},"end":{"line":18,"column":null}},"1":{"start":{"line":18,"column":14},"end":{"line":18,"column":null}},"2":{"start":{"line":20,"column":2},"end":{"line":22,"column":null}},"3":{"start":{"line":21,"column":4},"end":{"line":21,"column":null}},"4":{"start":{"line":24,"column":14},"end":{"line":24,"column":null}},"5":{"start":{"line":31,"column":2},"end":{"line":35,"column":null}},"6":{"start":{"line":39,"column":18},"end":{"line":47,"column":null}},"7":{"start":{"line":49,"column":2},"end":{"line":52,"column":null}},"8":{"start":{"line":50,"column":4},"end":{"line":50,"column":null}},"9":{"start":{"line":51,"column":4},"end":{"line":51,"column":null}},"10":{"start":{"line":54,"column":2},"end":{"line":57,"column":null}},"11":{"start":{"line":55,"column":4},"end":{"line":55,"column":null}},"12":{"start":{"line":56,"column":4},"end":{"line":56,"column":null}},"13":{"start":{"line":59,"column":2},"end":{"line":59,"column":null}},"14":{"start":{"line":63,"column":2},"end":{"line":63,"column":null}},"15":{"start":{"line":67,"column":2},"end":{"line":67,"column":null}},"16":{"start":{"line":71,"column":2},"end":{"line":71,"column":null}}},"fnMap":{"0":{"name":"serializeError","decl":{"start":{"line":17,"column":9},"end":{"line":17,"column":24}},"loc":{"start":{"line":17,"column":66},"end":{"line":36,"column":null}},"line":17},"1":{"name":"log","decl":{"start":{"line":38,"column":9},"end":{"line":38,"column":13}},"loc":{"start":{"line":38,"column":59},"end":{"line":60,"column":null}},"line":38},"2":{"name":"logClientError","decl":{"start":{"line":62,"column":16},"end":{"line":62,"column":31}},"loc":{"start":{"line":62,"column":60},"end":{"line":64,"column":null}},"line":62},"3":{"name":"logClientWarn","decl":{"start":{"line":66,"column":16},"end":{"line":66,"column":30}},"loc":{"start":{"line":66,"column":59},"end":{"line":68,"column":null}},"line":66},"4":{"name":"logClientInfo","decl":{"start":{"line":70,"column":16},"end":{"line":70,"column":30}},"loc":{"start":{"line":70,"column":59},"end":{"line":72,"column":null}},"line":70}},"branchMap":{"0":{"loc":{"start":{"line":18,"column":2},"end":{"line":18,"column":null}},"type":"if","locations":[{"start":{"line":18,"column":2},"end":{"line":18,"column":null}},{"start":{},"end":{}}],"line":18},"1":{"loc":{"start":{"line":20,"column":2},"end":{"line":22,"column":null}},"type":"if","locations":[{"start":{"line":20,"column":2},"end":{"line":22,"column":null}},{"start":{},"end":{}}],"line":20},"2":{"loc":{"start":{"line":33,"column":13},"end":{"line":33,"column":null}},"type":"binary-expr","locations":[{"start":{"line":33,"column":13},"end":{"line":33,"column":28}},{"start":{"line":33,"column":28},"end":{"line":33,"column":null}}],"line":33},"3":{"loc":{"start":{"line":34,"column":12},"end":{"line":34,"column":null}},"type":"binary-expr","locations":[{"start":{"line":34,"column":12},"end":{"line":34,"column":36}},{"start":{"line":34,"column":36},"end":{"line":34,"column":null}}],"line":34},"4":{"loc":{"start":{"line":49,"column":2},"end":{"line":52,"column":null}},"type":"if","locations":[{"start":{"line":49,"column":2},"end":{"line":52,"column":null}},{"start":{},"end":{}}],"line":49},"5":{"loc":{"start":{"line":54,"column":2},"end":{"line":57,"column":null}},"type":"if","locations":[{"start":{"line":54,"column":2},"end":{"line":57,"column":null}},{"start":{},"end":{}}],"line":54}},"s":{"0":4,"1":1,"2":3,"3":1,"4":2,"5":2,"6":4,"7":4,"8":2,"9":2,"10":2,"11":1,"12":1,"13":1,"14":2,"15":1,"16":1},"f":{"0":4,"1":4,"2":2,"3":1,"4":1},"b":{"0":[1,3],"1":[1,2],"2":[2,0],"3":[4,2],"4":[2,2],"5":[1,1]},"meta":{"lastBranch":6,"lastFunction":5,"lastStatement":17,"seen":{"f:17:9:17:24":0,"b:18:2:18:Infinity:undefined:undefined:undefined:undefined":0,"s:18:2:18:Infinity":0,"s:18:14:18:Infinity":1,"b:20:2:22:Infinity:undefined:undefined:undefined:undefined":1,"s:20:2:22:Infinity":2,"s:21:4:21:Infinity":3,"s:24:14:24:Infinity":4,"s:31:2:35:Infinity":5,"b:33:13:33:28:33:28:33:Infinity":2,"b:34:12:34:36:34:36:34:Infinity":3,"f:38:9:38:13":1,"s:39:18:47:Infinity":6,"b:49:2:52:Infinity:undefined:undefined:undefined:undefined":4,"s:49:2:52:Infinity":7,"s:50:4:50:Infinity":8,"s:51:4:51:Infinity":9,"b:54:2:57:Infinity:undefined:undefined:undefined:undefined":5,"s:54:2:57:Infinity":10,"s:55:4:55:Infinity":11,"s:56:4:56:Infinity":12,"s:59:2:59:Infinity":13,"f:62:16:62:31":2,"s:63:2:63:Infinity":14,"f:66:16:66:30":3,"s:67:2:67:Infinity":15,"f:70:16:70:30":4,"s:71:2:71:Infinity":16}}}
}
